All docker containers stopped successfully.
Waiting for container:  http://128.110.96.59:9500/GoNative
Container started: go-server-image-9500
Waiting for container:  http://128.110.96.59:9501/GoNative
Container started: go-server-image-9501
Sending fake request to tip over the container go-server-image-9500
Request: 2147483647, Container: go-server-image-9500, HeapAlloc: 30915984, HeapIdle: 10272768, NextGC: 41943040, NumGC: 4 RN:2147483647
Sending fake request to tip over the container go-server-image-9501
Request: 2147483647, Container: go-server-image-9501, HeapAlloc: 20647928, HeapIdle: 20553728, NextGC: 41943040, NumGC: 4 RN:2147483647
Load Balancer is running on port :8180
In GCMITIGATION Sched policy
goRoundRobinIndex: 9500
GRequest: 1, Selected container: go-server-image-9500
Container already running:  go-server-image-9500
Request: 2147483647, Container: go-server-image-9500, HeapAlloc: 30958600, HeapIdle: 10174464, NextGC: 41943040, NumGC: 4 RN:2147483647
In GCMITIGATION Sched policy
goRoundRobinIndex: 9500
GRequest: 2, Selected container: go-server-image-9500
Container already running:  go-server-image-9500
Request: 0, Container: go-server-image-9500, HeapAlloc: 30964672, HeapIdle: 10158080, NextGC: 41943040, NumGC: 4 RN:0
In GCMITIGATION Sched policy
goRoundRobinIndex: 9500
GRequest: 3, Selected container: go-server-image-9500
Container already running:  go-server-image-9500
Request: 1, Container: go-server-image-9500, HeapAlloc: 30970728, HeapIdle: 10141696, NextGC: 41943040, NumGC: 4 RN:1
In GCMITIGATION Sched policy
goRoundRobinIndex: 9500
GRequest: 4, Selected container: go-server-image-9500
Container already running:  go-server-image-9500
Request: 2, Container: go-server-image-9500, HeapAlloc: 30976784, HeapIdle: 10141696, NextGC: 41943040, NumGC: 4 RN:2
In GCMITIGATION Sched policy
goRoundRobinIndex: 9500
GRequest: 5, Selected container: go-server-image-9500
Container already running:  go-server-image-9500
Request: 3, Container: go-server-image-9500, HeapAlloc: 30982840, HeapIdle: 10141696, NextGC: 41943040, NumGC: 4 RN:3
In GCMITIGATION Sched policy
goRoundRobinIndex: 9500
GRequest: 6, Selected container: go-server-image-9500
Container already running:  go-server-image-9500
Request: 4, Container: go-server-image-9500, HeapAlloc: 30988896, HeapIdle: 10141696, NextGC: 41943040, NumGC: 4 RN:4
In GCMITIGATION Sched policy
goRoundRobinIndex: 9500
GRequest: 7, Selected container: go-server-image-9500
Container already running:  go-server-image-9500
Request: 5, Container: go-server-image-9500, HeapAlloc: 30994952, HeapIdle: 10133504, NextGC: 41943040, NumGC: 4 RN:5
In GCMITIGATION Sched policy
goRoundRobinIndex: 9500
GRequest: 8, Selected container: go-server-image-9500
Container already running:  go-server-image-9500
Request: 6, Container: go-server-image-9500, HeapAlloc: 31001008, HeapIdle: 10133504, NextGC: 41943040, NumGC: 4 RN:6
In GCMITIGATION Sched policy
goRoundRobinIndex: 9500
GRequest: 9, Selected container: go-server-image-9500
Container already running:  go-server-image-9500
Request: 7, Container: go-server-image-9500, HeapAlloc: 31007064, HeapIdle: 10108928, NextGC: 41943040, NumGC: 4 RN:7
In GCMITIGATION Sched policy
goRoundRobinIndex: 9500
GRequest: 10, Selected container: go-server-image-9500
Container already running:  go-server-image-9500
Request: 8, Container: go-server-image-9500, HeapAlloc: 31013120, HeapIdle: 10108928, NextGC: 41943040, NumGC: 4 RN:8
In GCMITIGATION Sched policy
goRoundRobinIndex: 9500
GRequest: 11, Selected container: go-server-image-9500
Container already running:  go-server-image-9500
Request: 9, Container: go-server-image-9500, HeapAlloc: 31019176, HeapIdle: 10100736, NextGC: 41943040, NumGC: 4 RN:9
In GCMITIGATION Sched policy
goRoundRobinIndex: 9500
GRequest: 12, Selected container: go-server-image-9500
Container already running:  go-server-image-9500
Request: 10, Container: go-server-image-9500, HeapAlloc: 31025232, HeapIdle: 10092544, NextGC: 41943040, NumGC: 4 RN:10
In GCMITIGATION Sched policy
goRoundRobinIndex: 9500
GRequest: 13, Selected container: go-server-image-9500
Container already running:  go-server-image-9500
Request: 11, Container: go-server-image-9500, HeapAlloc: 31031288, HeapIdle: 10092544, NextGC: 41943040, NumGC: 4 RN:11
In GCMITIGATION Sched policy
goRoundRobinIndex: 9500
GRequest: 14, Selected container: go-server-image-9500
Container already running:  go-server-image-9500
Request: 12, Container: go-server-image-9500, HeapAlloc: 31037344, HeapIdle: 10084352, NextGC: 41943040, NumGC: 4 RN:12
In GCMITIGATION Sched policy
goRoundRobinIndex: 9500
GRequest: 15, Selected container: go-server-image-9500
Container already running:  go-server-image-9500
Request: 13, Container: go-server-image-9500, HeapAlloc: 31043400, HeapIdle: 10076160, NextGC: 41943040, NumGC: 4 RN:13
In GCMITIGATION Sched policy
goRoundRobinIndex: 9500
GRequest: 16, Selected container: go-server-image-9500
Container already running:  go-server-image-9500
Request: 14, Container: go-server-image-9500, HeapAlloc: 31049456, HeapIdle: 10067968, NextGC: 41943040, NumGC: 4 RN:14
In GCMITIGATION Sched policy
goRoundRobinIndex: 9500
GRequest: 17, Selected container: go-server-image-9500
Container already running:  go-server-image-9500
Request: 15, Container: go-server-image-9500, HeapAlloc: 31055512, HeapIdle: 10059776, NextGC: 41943040, NumGC: 4 RN:15
In GCMITIGATION Sched policy
goRoundRobinIndex: 9500
GRequest: 18, Selected container: go-server-image-9500
Container already running:  go-server-image-9500
Request: 16, Container: go-server-image-9500, HeapAlloc: 31061568, HeapIdle: 10059776, NextGC: 41943040, NumGC: 4 RN:16
In GCMITIGATION Sched policy
goRoundRobinIndex: 9500
GRequest: 19, Selected container: go-server-image-9500
Container already running:  go-server-image-9500
Request: 17, Container: go-server-image-9500, HeapAlloc: 31067624, HeapIdle: 10059776, NextGC: 41943040, NumGC: 4 RN:17
In GCMITIGATION Sched policy
goRoundRobinIndex: 9500
GRequest: 20, Selected container: go-server-image-9500
Container already running:  go-server-image-9500
Request: 18, Container: go-server-image-9500, HeapAlloc: 31073680, HeapIdle: 10043392, NextGC: 41943040, NumGC: 4 RN:18
In GCMITIGATION Sched policy
goRoundRobinIndex: 9500
GRequest: 21, Selected container: go-server-image-9500
Container already running:  go-server-image-9500
Request: 19, Container: go-server-image-9500, HeapAlloc: 31079736, HeapIdle: 10035200, NextGC: 41943040, NumGC: 4 RN:19
In GCMITIGATION Sched policy
goRoundRobinIndex: 9500
GRequest: 22, Selected container: go-server-image-9500
Container already running:  go-server-image-9500
Request: 20, Container: go-server-image-9500, HeapAlloc: 31085792, HeapIdle: 10035200, NextGC: 41943040, NumGC: 4 RN:20
In GCMITIGATION Sched policy
goRoundRobinIndex: 9500
GRequest: 23, Selected container: go-server-image-9500
Container already running:  go-server-image-9500
Request: 21, Container: go-server-image-9500, HeapAlloc: 31091848, HeapIdle: 10027008, NextGC: 41943040, NumGC: 4 RN:21
In GCMITIGATION Sched policy
goRoundRobinIndex: 9500
GRequest: 24, Selected container: go-server-image-9500
Container already running:  go-server-image-9500
Request: 22, Container: go-server-image-9500, HeapAlloc: 31097904, HeapIdle: 10027008, NextGC: 41943040, NumGC: 4 RN:22
In GCMITIGATION Sched policy
goRoundRobinIndex: 9500
GRequest: 25, Selected container: go-server-image-9500
Container already running:  go-server-image-9500
Request: 23, Container: go-server-image-9500, HeapAlloc: 31103960, HeapIdle: 10018816, NextGC: 41943040, NumGC: 4 RN:23
In GCMITIGATION Sched policy
goRoundRobinIndex: 9500
GRequest: 26, Selected container: go-server-image-9500
Container already running:  go-server-image-9500
Request: 24, Container: go-server-image-9500, HeapAlloc: 31110016, HeapIdle: 10002432, NextGC: 41943040, NumGC: 4 RN:24
In GCMITIGATION Sched policy
goRoundRobinIndex: 9500
GRequest: 27, Selected container: go-server-image-9500
Container already running:  go-server-image-9500
Request: 25, Container: go-server-image-9500, HeapAlloc: 31116072, HeapIdle: 10002432, NextGC: 41943040, NumGC: 4 RN:25
In GCMITIGATION Sched policy
goRoundRobinIndex: 9500
GRequest: 28, Selected container: go-server-image-9500
Container already running:  go-server-image-9500
Request: 26, Container: go-server-image-9500, HeapAlloc: 31122128, HeapIdle: 10002432, NextGC: 41943040, NumGC: 4 RN:26
In GCMITIGATION Sched policy
goRoundRobinIndex: 9500
GRequest: 29, Selected container: go-server-image-9500
Container already running:  go-server-image-9500
Request: 27, Container: go-server-image-9500, HeapAlloc: 31128472, HeapIdle: 9986048, NextGC: 41943040, NumGC: 4 RN:27
In GCMITIGATION Sched policy
goRoundRobinIndex: 9500
GRequest: 30, Selected container: go-server-image-9500
Container already running:  go-server-image-9500
Request: 28, Container: go-server-image-9500, HeapAlloc: 31134528, HeapIdle: 9977856, NextGC: 41943040, NumGC: 4 RN:28
In GCMITIGATION Sched policy
goRoundRobinIndex: 9500
GRequest: 31, Selected container: go-server-image-9500
Container already running:  go-server-image-9500
Request: 29, Container: go-server-image-9500, HeapAlloc: 31140584, HeapIdle: 9977856, NextGC: 41943040, NumGC: 4 RN:29
In GCMITIGATION Sched policy
goRoundRobinIndex: 9500
GRequest: 32, Selected container: go-server-image-9500
Container already running:  go-server-image-9500
Request: 30, Container: go-server-image-9500, HeapAlloc: 31146640, HeapIdle: 9969664, NextGC: 41943040, NumGC: 4 RN:30
In GCMITIGATION Sched policy
goRoundRobinIndex: 9500
GRequest: 33, Selected container: go-server-image-9500
Container already running:  go-server-image-9500
Request: 31, Container: go-server-image-9500, HeapAlloc: 31152696, HeapIdle: 9969664, NextGC: 41943040, NumGC: 4 RN:31
In GCMITIGATION Sched policy
goRoundRobinIndex: 9500
GRequest: 34, Selected container: go-server-image-9500
Container already running:  go-server-image-9500
Request: 32, Container: go-server-image-9500, HeapAlloc: 31158752, HeapIdle: 9969664, NextGC: 41943040, NumGC: 4 RN:32
In GCMITIGATION Sched policy
goRoundRobinIndex: 9500
GRequest: 35, Selected container: go-server-image-9500
Container already running:  go-server-image-9500
Request: 33, Container: go-server-image-9500, HeapAlloc: 31164808, HeapIdle: 9969664, NextGC: 41943040, NumGC: 4 RN:33
In GCMITIGATION Sched policy
goRoundRobinIndex: 9500
GRequest: 36, Selected container: go-server-image-9500
Container already running:  go-server-image-9500
Request: 34, Container: go-server-image-9500, HeapAlloc: 31170864, HeapIdle: 9961472, NextGC: 41943040, NumGC: 4 RN:34
In GCMITIGATION Sched policy
goRoundRobinIndex: 9500
GRequest: 37, Selected container: go-server-image-9500
Container already running:  go-server-image-9500
Request: 35, Container: go-server-image-9500, HeapAlloc: 31176920, HeapIdle: 9961472, NextGC: 41943040, NumGC: 4 RN:35
In GCMITIGATION Sched policy
goRoundRobinIndex: 9500
GRequest: 38, Selected container: go-server-image-9500
Container already running:  go-server-image-9500
Request: 36, Container: go-server-image-9500, HeapAlloc: 31182976, HeapIdle: 9945088, NextGC: 41943040, NumGC: 4 RN:36
In GCMITIGATION Sched policy
goRoundRobinIndex: 9500
GRequest: 39, Selected container: go-server-image-9500
Container already running:  go-server-image-9500
Request: 37, Container: go-server-image-9500, HeapAlloc: 31189032, HeapIdle: 9936896, NextGC: 41943040, NumGC: 4 RN:37
In GCMITIGATION Sched policy
goRoundRobinIndex: 9500
GRequest: 40, Selected container: go-server-image-9500
Container already running:  go-server-image-9500
Request: 38, Container: go-server-image-9500, HeapAlloc: 31195088, HeapIdle: 9936896, NextGC: 41943040, NumGC: 4 RN:38
In GCMITIGATION Sched policy
goRoundRobinIndex: 9500
GRequest: 41, Selected container: go-server-image-9500
Container already running:  go-server-image-9500
Request: 39, Container: go-server-image-9500, HeapAlloc: 31201144, HeapIdle: 9936896, NextGC: 41943040, NumGC: 4 RN:39
In GCMITIGATION Sched policy
goRoundRobinIndex: 9500
GRequest: 42, Selected container: go-server-image-9500
Container already running:  go-server-image-9500
Request: 40, Container: go-server-image-9500, HeapAlloc: 31207200, HeapIdle: 9928704, NextGC: 41943040, NumGC: 4 RN:40
In GCMITIGATION Sched policy
goRoundRobinIndex: 9500
GRequest: 43, Selected container: go-server-image-9500
Container already running:  go-server-image-9500
Request: 41, Container: go-server-image-9500, HeapAlloc: 31213256, HeapIdle: 9920512, NextGC: 41943040, NumGC: 4 RN:41
In GCMITIGATION Sched policy
goRoundRobinIndex: 9500
GRequest: 44, Selected container: go-server-image-9500
Container already running:  go-server-image-9500
Request: 42, Container: go-server-image-9500, HeapAlloc: 31219312, HeapIdle: 9912320, NextGC: 41943040, NumGC: 4 RN:42
In GCMITIGATION Sched policy
goRoundRobinIndex: 9500
GRequest: 45, Selected container: go-server-image-9500
Container already running:  go-server-image-9500
Request: 43, Container: go-server-image-9500, HeapAlloc: 31225368, HeapIdle: 9904128, NextGC: 41943040, NumGC: 4 RN:43
In GCMITIGATION Sched policy
goRoundRobinIndex: 9500
GRequest: 46, Selected container: go-server-image-9500
Container already running:  go-server-image-9500
Request: 44, Container: go-server-image-9500, HeapAlloc: 31231424, HeapIdle: 9904128, NextGC: 41943040, NumGC: 4 RN:44
In GCMITIGATION Sched policy
goRoundRobinIndex: 9500
GRequest: 47, Selected container: go-server-image-9500
Container already running:  go-server-image-9500
Request: 45, Container: go-server-image-9500, HeapAlloc: 31237480, HeapIdle: 9887744, NextGC: 41943040, NumGC: 4 RN:45
In GCMITIGATION Sched policy
goRoundRobinIndex: 9500
GRequest: 48, Selected container: go-server-image-9500
Container already running:  go-server-image-9500
Request: 46, Container: go-server-image-9500, HeapAlloc: 31243536, HeapIdle: 9871360, NextGC: 41943040, NumGC: 4 RN:46
In GCMITIGATION Sched policy
goRoundRobinIndex: 9500
GRequest: 49, Selected container: go-server-image-9500
Container already running:  go-server-image-9500
Request: 47, Container: go-server-image-9500, HeapAlloc: 31249592, HeapIdle: 9863168, NextGC: 41943040, NumGC: 4 RN:47
In GCMITIGATION Sched policy
goRoundRobinIndex: 9500
GRequest: 50, Selected container: go-server-image-9500
Container already running:  go-server-image-9500
Request: 48, Container: go-server-image-9500, HeapAlloc: 31255648, HeapIdle: 9854976, NextGC: 41943040, NumGC: 4 RN:48
In GCMITIGATION Sched policy
goRoundRobinIndex: 9500
GRequest: 51, Selected container: go-server-image-9500
Container already running:  go-server-image-9500
Request: 49, Container: go-server-image-9500, HeapAlloc: 31261704, HeapIdle: 9854976, NextGC: 41943040, NumGC: 4 RN:49
In GCMITIGATION Sched policy
goRoundRobinIndex: 9500
GRequest: 52, Selected container: go-server-image-9500
Container already running:  go-server-image-9500
Request: 50, Container: go-server-image-9500, HeapAlloc: 31267760, HeapIdle: 9854976, NextGC: 41943040, NumGC: 4 RN:50
In GCMITIGATION Sched policy
goRoundRobinIndex: 9500
GRequest: 53, Selected container: go-server-image-9500
Container already running:  go-server-image-9500
Request: 51, Container: go-server-image-9500, HeapAlloc: 31273816, HeapIdle: 9854976, NextGC: 41943040, NumGC: 4 RN:51
In GCMITIGATION Sched policy
goRoundRobinIndex: 9500
GRequest: 54, Selected container: go-server-image-9500
Container already running:  go-server-image-9500
Request: 52, Container: go-server-image-9500, HeapAlloc: 31279872, HeapIdle: 9854976, NextGC: 41943040, NumGC: 4 RN:52
In GCMITIGATION Sched policy
goRoundRobinIndex: 9500
GRequest: 55, Selected container: go-server-image-9500
Container already running:  go-server-image-9500
Request: 53, Container: go-server-image-9500, HeapAlloc: 31285928, HeapIdle: 9838592, NextGC: 41943040, NumGC: 4 RN:53
In GCMITIGATION Sched policy
goRoundRobinIndex: 9500
GRequest: 56, Selected container: go-server-image-9500
Container already running:  go-server-image-9500
Request: 54, Container: go-server-image-9500, HeapAlloc: 31291984, HeapIdle: 9830400, NextGC: 41943040, NumGC: 4 RN:54
In GCMITIGATION Sched policy
goRoundRobinIndex: 9500
GRequest: 57, Selected container: go-server-image-9500
Container already running:  go-server-image-9500
Request: 55, Container: go-server-image-9500, HeapAlloc: 31298040, HeapIdle: 9830400, NextGC: 41943040, NumGC: 4 RN:55
In GCMITIGATION Sched policy
goRoundRobinIndex: 9500
GRequest: 58, Selected container: go-server-image-9500
Container already running:  go-server-image-9500
Request: 56, Container: go-server-image-9500, HeapAlloc: 31304096, HeapIdle: 9814016, NextGC: 41943040, NumGC: 4 RN:56
In GCMITIGATION Sched policy
goRoundRobinIndex: 9500
GRequest: 59, Selected container: go-server-image-9500
Container already running:  go-server-image-9500
Request: 57, Container: go-server-image-9500, HeapAlloc: 31310152, HeapIdle: 9805824, NextGC: 41943040, NumGC: 4 RN:57
In GCMITIGATION Sched policy
goRoundRobinIndex: 9500
GRequest: 60, Selected container: go-server-image-9500
Container already running:  go-server-image-9500
Request: 58, Container: go-server-image-9500, HeapAlloc: 31316208, HeapIdle: 9805824, NextGC: 41943040, NumGC: 4 RN:58
In GCMITIGATION Sched policy
goRoundRobinIndex: 9500
GRequest: 61, Selected container: go-server-image-9500
Container already running:  go-server-image-9500
Request: 59, Container: go-server-image-9500, HeapAlloc: 31322264, HeapIdle: 9797632, NextGC: 41943040, NumGC: 4 RN:59
In GCMITIGATION Sched policy
goRoundRobinIndex: 9500
GRequest: 62, Selected container: go-server-image-9500
Container already running:  go-server-image-9500
Request: 60, Container: go-server-image-9500, HeapAlloc: 31328320, HeapIdle: 9797632, NextGC: 41943040, NumGC: 4 RN:60
In GCMITIGATION Sched policy
goRoundRobinIndex: 9500
GRequest: 63, Selected container: go-server-image-9500
Container already running:  go-server-image-9500
Request: 61, Container: go-server-image-9500, HeapAlloc: 31334376, HeapIdle: 9789440, NextGC: 41943040, NumGC: 4 RN:61
In GCMITIGATION Sched policy
goRoundRobinIndex: 9500
GRequest: 64, Selected container: go-server-image-9500
Container already running:  go-server-image-9500
Request: 62, Container: go-server-image-9500, HeapAlloc: 31340432, HeapIdle: 9789440, NextGC: 41943040, NumGC: 4 RN:62
In GCMITIGATION Sched policy
goRoundRobinIndex: 9500
GRequest: 65, Selected container: go-server-image-9500
Container already running:  go-server-image-9500
Request: 63, Container: go-server-image-9500, HeapAlloc: 31346488, HeapIdle: 9773056, NextGC: 41943040, NumGC: 4 RN:63
In GCMITIGATION Sched policy
goRoundRobinIndex: 9500
GRequest: 66, Selected container: go-server-image-9500
Container already running:  go-server-image-9500
Request: 64, Container: go-server-image-9500, HeapAlloc: 31352544, HeapIdle: 9764864, NextGC: 41943040, NumGC: 4 RN:64
In GCMITIGATION Sched policy
goRoundRobinIndex: 9500
GRequest: 67, Selected container: go-server-image-9500
Container already running:  go-server-image-9500
Request: 65, Container: go-server-image-9500, HeapAlloc: 31358600, HeapIdle: 9764864, NextGC: 41943040, NumGC: 4 RN:65
In GCMITIGATION Sched policy
goRoundRobinIndex: 9500
GRequest: 68, Selected container: go-server-image-9500
Container already running:  go-server-image-9500
Request: 66, Container: go-server-image-9500, HeapAlloc: 31364656, HeapIdle: 9764864, NextGC: 41943040, NumGC: 4 RN:66
In GCMITIGATION Sched policy
goRoundRobinIndex: 9500
GRequest: 69, Selected container: go-server-image-9500
Container already running:  go-server-image-9500
Request: 67, Container: go-server-image-9500, HeapAlloc: 31370712, HeapIdle: 9748480, NextGC: 41943040, NumGC: 4 RN:67
In GCMITIGATION Sched policy
goRoundRobinIndex: 9500
GRequest: 70, Selected container: go-server-image-9500
Container already running:  go-server-image-9500
Request: 68, Container: go-server-image-9500, HeapAlloc: 31376768, HeapIdle: 9748480, NextGC: 41943040, NumGC: 4 RN:68
In GCMITIGATION Sched policy
goRoundRobinIndex: 9500
GRequest: 71, Selected container: go-server-image-9500
Container already running:  go-server-image-9500
Request: 69, Container: go-server-image-9500, HeapAlloc: 31382824, HeapIdle: 9740288, NextGC: 41943040, NumGC: 4 RN:69
In GCMITIGATION Sched policy
goRoundRobinIndex: 9500
GRequest: 72, Selected container: go-server-image-9500
Container already running:  go-server-image-9500
Request: 70, Container: go-server-image-9500, HeapAlloc: 31388880, HeapIdle: 9723904, NextGC: 41943040, NumGC: 4 RN:70
In GCMITIGATION Sched policy
goRoundRobinIndex: 9500
GRequest: 73, Selected container: go-server-image-9500
Container already running:  go-server-image-9500
Request: 71, Container: go-server-image-9500, HeapAlloc: 31394936, HeapIdle: 9723904, NextGC: 41943040, NumGC: 4 RN:71
In GCMITIGATION Sched policy
goRoundRobinIndex: 9500
GRequest: 74, Selected container: go-server-image-9500
Container already running:  go-server-image-9500
Request: 72, Container: go-server-image-9500, HeapAlloc: 31400992, HeapIdle: 9715712, NextGC: 41943040, NumGC: 4 RN:72
In GCMITIGATION Sched policy
goRoundRobinIndex: 9500
GRequest: 75, Selected container: go-server-image-9500
Container already running:  go-server-image-9500
Request: 73, Container: go-server-image-9500, HeapAlloc: 31407048, HeapIdle: 9707520, NextGC: 41943040, NumGC: 4 RN:73
In GCMITIGATION Sched policy
goRoundRobinIndex: 9500
GRequest: 76, Selected container: go-server-image-9500
Container already running:  go-server-image-9500
Request: 74, Container: go-server-image-9500, HeapAlloc: 31413104, HeapIdle: 9707520, NextGC: 41943040, NumGC: 4 RN:74
In GCMITIGATION Sched policy
goRoundRobinIndex: 9500
GRequest: 77, Selected container: go-server-image-9500
Container already running:  go-server-image-9500
Request: 75, Container: go-server-image-9500, HeapAlloc: 31419160, HeapIdle: 9707520, NextGC: 41943040, NumGC: 4 RN:75
In GCMITIGATION Sched policy
goRoundRobinIndex: 9500
GRequest: 78, Selected container: go-server-image-9500
Container already running:  go-server-image-9500
Request: 76, Container: go-server-image-9500, HeapAlloc: 31425216, HeapIdle: 9691136, NextGC: 41943040, NumGC: 4 RN:76
In GCMITIGATION Sched policy
goRoundRobinIndex: 9500
GRequest: 79, Selected container: go-server-image-9500
Container already running:  go-server-image-9500
Request: 77, Container: go-server-image-9500, HeapAlloc: 31431272, HeapIdle: 9691136, NextGC: 41943040, NumGC: 4 RN:77
In GCMITIGATION Sched policy
goRoundRobinIndex: 9500
GRequest: 80, Selected container: go-server-image-9500
Container already running:  go-server-image-9500
Request: 78, Container: go-server-image-9500, HeapAlloc: 31437328, HeapIdle: 9682944, NextGC: 41943040, NumGC: 4 RN:78
In GCMITIGATION Sched policy
goRoundRobinIndex: 9500
GRequest: 81, Selected container: go-server-image-9500
Container already running:  go-server-image-9500
Request: 79, Container: go-server-image-9500, HeapAlloc: 31443384, HeapIdle: 9682944, NextGC: 41943040, NumGC: 4 RN:79
In GCMITIGATION Sched policy
goRoundRobinIndex: 9500
GRequest: 82, Selected container: go-server-image-9500
Container already running:  go-server-image-9500
Request: 80, Container: go-server-image-9500, HeapAlloc: 31449440, HeapIdle: 9682944, NextGC: 41943040, NumGC: 4 RN:80
In GCMITIGATION Sched policy
goRoundRobinIndex: 9500
GRequest: 83, Selected container: go-server-image-9500
Container already running:  go-server-image-9500
Request: 81, Container: go-server-image-9500, HeapAlloc: 31455496, HeapIdle: 9674752, NextGC: 41943040, NumGC: 4 RN:81
In GCMITIGATION Sched policy
goRoundRobinIndex: 9500
GRequest: 84, Selected container: go-server-image-9500
Container already running:  go-server-image-9500
Request: 82, Container: go-server-image-9500, HeapAlloc: 31461552, HeapIdle: 9658368, NextGC: 41943040, NumGC: 4 RN:82
In GCMITIGATION Sched policy
goRoundRobinIndex: 9500
GRequest: 85, Selected container: go-server-image-9500
Container already running:  go-server-image-9500
Request: 83, Container: go-server-image-9500, HeapAlloc: 31467608, HeapIdle: 9650176, NextGC: 41943040, NumGC: 4 RN:83
In GCMITIGATION Sched policy
goRoundRobinIndex: 9500
GRequest: 86, Selected container: go-server-image-9500
Container already running:  go-server-image-9500
Request: 84, Container: go-server-image-9500, HeapAlloc: 31473952, HeapIdle: 9641984, NextGC: 41943040, NumGC: 4 RN:84
In GCMITIGATION Sched policy
goRoundRobinIndex: 9500
GRequest: 87, Selected container: go-server-image-9500
Container already running:  go-server-image-9500
Request: 85, Container: go-server-image-9500, HeapAlloc: 31480008, HeapIdle: 9633792, NextGC: 41943040, NumGC: 4 RN:85
In GCMITIGATION Sched policy
goRoundRobinIndex: 9500
GRequest: 88, Selected container: go-server-image-9500
Container already running:  go-server-image-9500
Request: 86, Container: go-server-image-9500, HeapAlloc: 31486064, HeapIdle: 9633792, NextGC: 41943040, NumGC: 4 RN:86
In GCMITIGATION Sched policy
goRoundRobinIndex: 9500
GRequest: 89, Selected container: go-server-image-9500
Container already running:  go-server-image-9500
Request: 87, Container: go-server-image-9500, HeapAlloc: 31492120, HeapIdle: 9625600, NextGC: 41943040, NumGC: 4 RN:87
In GCMITIGATION Sched policy
goRoundRobinIndex: 9500
GRequest: 90, Selected container: go-server-image-9500
Container already running:  go-server-image-9500
Request: 88, Container: go-server-image-9500, HeapAlloc: 31498176, HeapIdle: 9617408, NextGC: 41943040, NumGC: 4 RN:88
In GCMITIGATION Sched policy
goRoundRobinIndex: 9500
GRequest: 91, Selected container: go-server-image-9500
Container already running:  go-server-image-9500
Request: 89, Container: go-server-image-9500, HeapAlloc: 31504232, HeapIdle: 9609216, NextGC: 41943040, NumGC: 4 RN:89
In GCMITIGATION Sched policy
goRoundRobinIndex: 9500
GRequest: 92, Selected container: go-server-image-9500
Container already running:  go-server-image-9500
Request: 90, Container: go-server-image-9500, HeapAlloc: 31510288, HeapIdle: 9592832, NextGC: 41943040, NumGC: 4 RN:90
In GCMITIGATION Sched policy
goRoundRobinIndex: 9500
GRequest: 93, Selected container: go-server-image-9500
Container already running:  go-server-image-9500
Request: 91, Container: go-server-image-9500, HeapAlloc: 31516344, HeapIdle: 9584640, NextGC: 41943040, NumGC: 4 RN:91
In GCMITIGATION Sched policy
goRoundRobinIndex: 9500
GRequest: 94, Selected container: go-server-image-9500
Container already running:  go-server-image-9500
Request: 92, Container: go-server-image-9500, HeapAlloc: 31522400, HeapIdle: 9584640, NextGC: 41943040, NumGC: 4 RN:92
In GCMITIGATION Sched policy
goRoundRobinIndex: 9500
GRequest: 95, Selected container: go-server-image-9500
Container already running:  go-server-image-9500
Request: 93, Container: go-server-image-9500, HeapAlloc: 31528456, HeapIdle: 9576448, NextGC: 41943040, NumGC: 4 RN:93
In GCMITIGATION Sched policy
goRoundRobinIndex: 9500
GRequest: 96, Selected container: go-server-image-9500
Container already running:  go-server-image-9500
Request: 94, Container: go-server-image-9500, HeapAlloc: 31534512, HeapIdle: 9576448, NextGC: 41943040, NumGC: 4 RN:94
In GCMITIGATION Sched policy
goRoundRobinIndex: 9500
GRequest: 97, Selected container: go-server-image-9500
Container already running:  go-server-image-9500
Request: 95, Container: go-server-image-9500, HeapAlloc: 31540568, HeapIdle: 9576448, NextGC: 41943040, NumGC: 4 RN:95
In GCMITIGATION Sched policy
goRoundRobinIndex: 9500
GRequest: 98, Selected container: go-server-image-9500
Container already running:  go-server-image-9500
Request: 96, Container: go-server-image-9500, HeapAlloc: 31546624, HeapIdle: 9576448, NextGC: 41943040, NumGC: 4 RN:96
In GCMITIGATION Sched policy
goRoundRobinIndex: 9500
GRequest: 99, Selected container: go-server-image-9500
Container already running:  go-server-image-9500
Request: 97, Container: go-server-image-9500, HeapAlloc: 31552680, HeapIdle: 9576448, NextGC: 41943040, NumGC: 4 RN:97
In GCMITIGATION Sched policy
goRoundRobinIndex: 9500
GRequest: 100, Selected container: go-server-image-9500
Container already running:  go-server-image-9500
Request: 98, Container: go-server-image-9500, HeapAlloc: 31558736, HeapIdle: 9568256, NextGC: 41943040, NumGC: 4 RN:98
In GCMITIGATION Sched policy
goRoundRobinIndex: 9500
GRequest: 101, Selected container: go-server-image-9500
Container already running:  go-server-image-9500
Request: 99, Container: go-server-image-9500, HeapAlloc: 31564792, HeapIdle: 9551872, NextGC: 41943040, NumGC: 4 RN:99
