All docker containers stopped successfully.
Waiting for container:  http://128.110.96.59:9500/GoNative
Container started: go-server-image-9500
Waiting for container:  http://128.110.96.59:9501/GoNative
Container started: go-server-image-9501
Sending fake request to tip over the container go-server-image-9500
Request: 2147483647, Container: go-server-image-9500, HeapAlloc: 2541008, HeapIdle: 38543360, NextGC: 41943040, NumGC: 40 RN:2147483647
Sending fake request to tip over the container go-server-image-9501
Request: 2147483647, Container: go-server-image-9501, HeapAlloc: 2541712, HeapIdle: 38543360, NextGC: 41943040, NumGC: 40 RN:2147483647
Load Balancer is running on port :8180
GRequest: 1, Selected container: go-server-image-9500
Container already running:  go-server-image-9500
Request: 2147483647, Container: go-server-image-9500, HeapAlloc: 2561736, HeapIdle: 38535168, NextGC: 41943040, NumGC: 40 RN:2147483647
GRequest: 2, Selected container: go-server-image-9500
Container already running:  go-server-image-9500
Request: 0, Container: go-server-image-9500, HeapAlloc: 3369728, HeapIdle: 37724160, NextGC: 41943040, NumGC: 40 RN:0
GRequest: 3, Selected container: go-server-image-9500
Container already running:  go-server-image-9500
Request: 1, Container: go-server-image-9500, HeapAlloc: 4177720, HeapIdle: 36913152, NextGC: 41943040, NumGC: 40 RN:1
GRequest: 4, Selected container: go-server-image-9500
Container already running:  go-server-image-9500
Request: 2, Container: go-server-image-9500, HeapAlloc: 4985712, HeapIdle: 36110336, NextGC: 41943040, NumGC: 40 RN:2
GRequest: 5, Selected container: go-server-image-9500
Container already running:  go-server-image-9500
Request: 3, Container: go-server-image-9500, HeapAlloc: 5793704, HeapIdle: 35307520, NextGC: 41943040, NumGC: 40 RN:3
GRequest: 6, Selected container: go-server-image-9500
Container already running:  go-server-image-9500
Request: 4, Container: go-server-image-9500, HeapAlloc: 6601696, HeapIdle: 34504704, NextGC: 41943040, NumGC: 40 RN:4
GRequest: 7, Selected container: go-server-image-9500
Container already running:  go-server-image-9500
Request: 5, Container: go-server-image-9500, HeapAlloc: 7409672, HeapIdle: 33701888, NextGC: 41943040, NumGC: 40 RN:5
GRequest: 8, Selected container: go-server-image-9500
Container already running:  go-server-image-9500
Request: 6, Container: go-server-image-9500, HeapAlloc: 8217664, HeapIdle: 32899072, NextGC: 41943040, NumGC: 40 RN:6
GRequest: 9, Selected container: go-server-image-9500
Container already running:  go-server-image-9500
Request: 7, Container: go-server-image-9500, HeapAlloc: 9025656, HeapIdle: 32088064, NextGC: 41943040, NumGC: 40 RN:7
GRequest: 10, Selected container: go-server-image-9500
Container already running:  go-server-image-9500
Request: 8, Container: go-server-image-9500, HeapAlloc: 9833648, HeapIdle: 31285248, NextGC: 41943040, NumGC: 40 RN:8
GRequest: 11, Selected container: go-server-image-9500
Container already running:  go-server-image-9500
Request: 9, Container: go-server-image-9500, HeapAlloc: 10641640, HeapIdle: 30482432, NextGC: 41943040, NumGC: 40 RN:9
GRequest: 12, Selected container: go-server-image-9500
Container already running:  go-server-image-9500
Request: 10, Container: go-server-image-9500, HeapAlloc: 11449632, HeapIdle: 29679616, NextGC: 41943040, NumGC: 40 RN:10
GRequest: 13, Selected container: go-server-image-9500
Container already running:  go-server-image-9500
Request: 11, Container: go-server-image-9500, HeapAlloc: 12257624, HeapIdle: 28876800, NextGC: 41943040, NumGC: 40 RN:11
GRequest: 14, Selected container: go-server-image-9500
Container already running:  go-server-image-9500
Request: 12, Container: go-server-image-9500, HeapAlloc: 13065616, HeapIdle: 28073984, NextGC: 41943040, NumGC: 40 RN:12
GRequest: 15, Selected container: go-server-image-9500
Container already running:  go-server-image-9500
Request: 13, Container: go-server-image-9500, HeapAlloc: 13873608, HeapIdle: 27262976, NextGC: 41943040, NumGC: 40 RN:13
GRequest: 16, Selected container: go-server-image-9500
Container already running:  go-server-image-9500
Request: 14, Container: go-server-image-9500, HeapAlloc: 14681600, HeapIdle: 26460160, NextGC: 41943040, NumGC: 40 RN:14
GRequest: 17, Selected container: go-server-image-9500
Container already running:  go-server-image-9500
Request: 15, Container: go-server-image-9500, HeapAlloc: 15489592, HeapIdle: 25657344, NextGC: 41943040, NumGC: 40 RN:15
GRequest: 18, Selected container: go-server-image-9500
Container already running:  go-server-image-9500
Request: 16, Container: go-server-image-9500, HeapAlloc: 16297584, HeapIdle: 24846336, NextGC: 41943040, NumGC: 40 RN:16
GRequest: 19, Selected container: go-server-image-9500
Container already running:  go-server-image-9500
Request: 17, Container: go-server-image-9500, HeapAlloc: 17105576, HeapIdle: 24043520, NextGC: 41943040, NumGC: 40 RN:17
GRequest: 20, Selected container: go-server-image-9500
Container already running:  go-server-image-9500
Request: 18, Container: go-server-image-9500, HeapAlloc: 17913568, HeapIdle: 23232512, NextGC: 41943040, NumGC: 40 RN:18
GRequest: 21, Selected container: go-server-image-9500
Container already running:  go-server-image-9500
Request: 19, Container: go-server-image-9500, HeapAlloc: 18721560, HeapIdle: 22429696, NextGC: 41943040, NumGC: 40 RN:19
GRequest: 22, Selected container: go-server-image-9500
Container already running:  go-server-image-9500
Request: 20, Container: go-server-image-9500, HeapAlloc: 19529552, HeapIdle: 21626880, NextGC: 41943040, NumGC: 40 RN:20
GRequest: 23, Selected container: go-server-image-9500
Container already running:  go-server-image-9500
Request: 21, Container: go-server-image-9500, HeapAlloc: 20337544, HeapIdle: 20824064, NextGC: 41943040, NumGC: 40 RN:21
GRequest: 24, Selected container: go-server-image-9500
Container already running:  go-server-image-9500
Request: 22, Container: go-server-image-9500, HeapAlloc: 21145536, HeapIdle: 20013056, NextGC: 41943040, NumGC: 40 RN:22
GRequest: 25, Selected container: go-server-image-9500
Container already running:  go-server-image-9500
Request: 23, Container: go-server-image-9500, HeapAlloc: 21953528, HeapIdle: 19193856, NextGC: 41943040, NumGC: 40 RN:23
GRequest: 26, Selected container: go-server-image-9500
Container already running:  go-server-image-9500
Request: 24, Container: go-server-image-9500, HeapAlloc: 22761520, HeapIdle: 18382848, NextGC: 41943040, NumGC: 40 RN:24
GRequest: 27, Selected container: go-server-image-9500
Container already running:  go-server-image-9500
Request: 25, Container: go-server-image-9500, HeapAlloc: 23569512, HeapIdle: 17580032, NextGC: 41943040, NumGC: 40 RN:25
GRequest: 28, Selected container: go-server-image-9500
Container already running:  go-server-image-9500
Request: 26, Container: go-server-image-9500, HeapAlloc: 24377504, HeapIdle: 16777216, NextGC: 41943040, NumGC: 40 RN:26
GRequest: 29, Selected container: go-server-image-9500
Container already running:  go-server-image-9500
Request: 27, Container: go-server-image-9500, HeapAlloc: 25185496, HeapIdle: 15966208, NextGC: 41943040, NumGC: 40 RN:27
GRequest: 30, Selected container: go-server-image-9500
Container already running:  go-server-image-9500
Request: 28, Container: go-server-image-9500, HeapAlloc: 25993488, HeapIdle: 15155200, NextGC: 41943040, NumGC: 40 RN:28
GRequest: 31, Selected container: go-server-image-9500
Container already running:  go-server-image-9500
Request: 29, Container: go-server-image-9500, HeapAlloc: 26801480, HeapIdle: 14352384, NextGC: 41943040, NumGC: 40 RN:29
GRequest: 32, Selected container: go-server-image-9500
Container already running:  go-server-image-9500
Request: 30, Container: go-server-image-9500, HeapAlloc: 27609472, HeapIdle: 13541376, NextGC: 41943040, NumGC: 40 RN:30
GRequest: 33, Selected container: go-server-image-9500
Container already running:  go-server-image-9500
Request: 31, Container: go-server-image-9500, HeapAlloc: 28417464, HeapIdle: 12730368, NextGC: 41943040, NumGC: 40 RN:31
GRequest: 34, Selected container: go-server-image-9500
Container already running:  go-server-image-9500
Request: 32, Container: go-server-image-9500, HeapAlloc: 29225744, HeapIdle: 11927552, NextGC: 41943040, NumGC: 40 RN:32
GRequest: 35, Selected container: go-server-image-9500
Container already running:  go-server-image-9500
Request: 33, Container: go-server-image-9500, HeapAlloc: 30033736, HeapIdle: 11124736, NextGC: 41943040, NumGC: 40 RN:33
GRequest: 36, Selected container: go-server-image-9500
Container already running:  go-server-image-9500
Request: 34, Container: go-server-image-9500, HeapAlloc: 30841728, HeapIdle: 10321920, NextGC: 41943040, NumGC: 40 RN:34
GRequest: 37, Selected container: go-server-image-9500
Container already running:  go-server-image-9500
Request: 35, Container: go-server-image-9500, HeapAlloc: 31650008, HeapIdle: 9519104, NextGC: 41943040, NumGC: 40 RN:35
GRequest: 38, Selected container: go-server-image-9500
Container already running:  go-server-image-9500
Request: 36, Container: go-server-image-9500, HeapAlloc: 32458000, HeapIdle: 8708096, NextGC: 41943040, NumGC: 40 RN:36
GRequest: 39, Selected container: go-server-image-9500
Container already running:  go-server-image-9500
Request: 37, Container: go-server-image-9500, HeapAlloc: 33265992, HeapIdle: 7897088, NextGC: 41943040, NumGC: 40 RN:37
GRequest: 40, Selected container: go-server-image-9500
Container already running:  go-server-image-9500
Request: 38, Container: go-server-image-9500, HeapAlloc: 34073984, HeapIdle: 7077888, NextGC: 41943040, NumGC: 40 RN:38
GRequest: 41, Selected container: go-server-image-9500
Container already running:  go-server-image-9500
Request: 39, Container: go-server-image-9500, HeapAlloc: 34881976, HeapIdle: 6266880, NextGC: 41943040, NumGC: 40 RN:39
GRequest: 42, Selected container: go-server-image-9500
Container already running:  go-server-image-9500
Request: 40, Container: go-server-image-9500, HeapAlloc: 35689968, HeapIdle: 5464064, NextGC: 41943040, NumGC: 40 RN:40
GRequest: 43, Selected container: go-server-image-9500
Container already running:  go-server-image-9500
Request: 41, Container: go-server-image-9500, HeapAlloc: 36498248, HeapIdle: 4653056, NextGC: 41943040, NumGC: 40 RN:41
GRequest: 44, Selected container: go-server-image-9500
Container already running:  go-server-image-9500
Request: 42, Container: go-server-image-9500, HeapAlloc: 37306240, HeapIdle: 3850240, NextGC: 41943040, NumGC: 40 RN:42
GRequest: 45, Selected container: go-server-image-9500
Container already running:  go-server-image-9500
Request: 43, Container: go-server-image-9500, HeapAlloc: 38114232, HeapIdle: 3047424, NextGC: 41943040, NumGC: 40 RN:43
GRequest: 46, Selected container: go-server-image-9500
Container already running:  go-server-image-9500
Request: 44, Container: go-server-image-9500, HeapAlloc: 38922512, HeapIdle: 2236416, NextGC: 41943040, NumGC: 40 RN:44
GRequest: 47, Selected container: go-server-image-9500
Container already running:  go-server-image-9500
Request: 45, Container: go-server-image-9500, HeapAlloc: 39730504, HeapIdle: 1433600, NextGC: 41943040, NumGC: 40 RN:45
GCThreshold >= GoGCTriggerThreshold 0.947249
Sending fake request to tip over the container go-server-image-9500
handlingGCForGoContainers is True
GRequest: 48, Selected container: go-server-image-9501
Container already running:  go-server-image-9501
Request: 2147483647, Container: go-server-image-9500, HeapAlloc: 40538480, HeapIdle: 598016, NextGC: 41943040, NumGC: 40 RN:2147483647
GCThreshold >= GoGCTriggerThreshold 0.966513
Sending fake request to tip over the container go-server-image-9500
Request: 46, Container: go-server-image-9501, HeapAlloc: 3359928, HeapIdle: 37732352, NextGC: 41943040, NumGC: 40 RN:46
GRequest: 49, Selected container: go-server-image-9500
Container already running:  go-server-image-9500
Request: 2147483647, Container: go-server-image-9500, HeapAlloc: 40478992, HeapIdle: 4759552, NextGC: 41943040, NumGC: 41 RN:2147483647
GCThreshold >= GoGCTriggerThreshold 0.965094
Sending fake request to tip over the container go-server-image-9500
Request: 47, Container: go-server-image-9500, HeapAlloc: 39681352, HeapIdle: 5595136, NextGC: 41943040, NumGC: 41 RN:47
GCThreshold >= GoGCTriggerThreshold 0.946077
Sending fake request to tip over the container go-server-image-9500
handlingGCForGoContainers is True
GRequest: 50, Selected container: go-server-image-9501
Container already running:  go-server-image-9501
Request: 2147483647, Container: go-server-image-9500, HeapAlloc: 39684848, HeapIdle: 5595136, NextGC: 41943040, NumGC: 41 RN:2147483647
GCThreshold >= GoGCTriggerThreshold 0.946160
Sending fake request to tip over the container go-server-image-9500
Request: 48, Container: go-server-image-9501, HeapAlloc: 4168208, HeapIdle: 36921344, NextGC: 41943040, NumGC: 40 RN:48
GRequest: 51, Selected container: go-server-image-9500
Container already running:  go-server-image-9500
Request: 2147483647, Container: go-server-image-9500, HeapAlloc: 39700088, HeapIdle: 5554176, NextGC: 41943040, NumGC: 41 RN:2147483647
GCThreshold >= GoGCTriggerThreshold 0.946524
Sending fake request to tip over the container go-server-image-9500
Request: 2147483647, Container: go-server-image-9500, HeapAlloc: 39616880, HeapIdle: 5644288, NextGC: 41943040, NumGC: 41 RN:2147483647
GCThreshold >= GoGCTriggerThreshold 0.944540
Sending fake request to tip over the container go-server-image-9500
Request: 2147483647, Container: go-server-image-9500, HeapAlloc: 39613960, HeapIdle: 5644288, NextGC: 41943040, NumGC: 41 RN:2147483647
GCThreshold >= GoGCTriggerThreshold 0.944470
Sending fake request to tip over the container go-server-image-9500
Request: 49, Container: go-server-image-9500, HeapAlloc: 39615632, HeapIdle: 5644288, NextGC: 41943040, NumGC: 41 RN:49
GCThreshold >= GoGCTriggerThreshold 0.944510
Sending fake request to tip over the container go-server-image-9500
handlingGCForGoContainers is True
GRequest: 52, Selected container: go-server-image-9501
Container already running:  go-server-image-9501
Request: 2147483647, Container: go-server-image-9500, HeapAlloc: 39620792, HeapIdle: 5644288, NextGC: 41943040, NumGC: 41 RN:2147483647
GCThreshold >= GoGCTriggerThreshold 0.944633
Sending fake request to tip over the container go-server-image-9500
Request: 50, Container: go-server-image-9501, HeapAlloc: 4976200, HeapIdle: 36110336, NextGC: 41943040, NumGC: 40 RN:50
GRequest: 53, Selected container: go-server-image-9500
Container already running:  go-server-image-9500
Request: 2147483647, Container: go-server-image-9500, HeapAlloc: 39636048, HeapIdle: 5636096, NextGC: 41943040, NumGC: 41 RN:2147483647
GCThreshold >= GoGCTriggerThreshold 0.944997
Sending fake request to tip over the container go-server-image-9500
Request: 2147483647, Container: go-server-image-9500, HeapAlloc: 39641224, HeapIdle: 5636096, NextGC: 41943040, NumGC: 41 RN:2147483647
GCThreshold >= GoGCTriggerThreshold 0.945120
Sending fake request to tip over the container go-server-image-9500
Request: 2147483647, Container: go-server-image-9500, HeapAlloc: 39646400, HeapIdle: 5636096, NextGC: 41943040, NumGC: 41 RN:2147483647
GCThreshold >= GoGCTriggerThreshold 0.945244
Sending fake request to tip over the container go-server-image-9500
Request: 2147483647, Container: go-server-image-9500, HeapAlloc: 39637144, HeapIdle: 5636096, NextGC: 41943040, NumGC: 41 RN:2147483647
GCThreshold >= GoGCTriggerThreshold 0.945023
Sending fake request to tip over the container go-server-image-9500
Request: 51, Container: go-server-image-9500, HeapAlloc: 39642336, HeapIdle: 5636096, NextGC: 41943040, NumGC: 41 RN:51
GCThreshold >= GoGCTriggerThreshold 0.945147
Sending fake request to tip over the container go-server-image-9500
handlingGCForGoContainers is True
GRequest: 54, Selected container: go-server-image-9501
Container already running:  go-server-image-9501
Request: 2147483647, Container: go-server-image-9500, HeapAlloc: 39647496, HeapIdle: 5636096, NextGC: 41943040, NumGC: 41 RN:2147483647
GCThreshold >= GoGCTriggerThreshold 0.945270
Sending fake request to tip over the container go-server-image-9500
Request: 52, Container: go-server-image-9501, HeapAlloc: 5784192, HeapIdle: 35307520, NextGC: 41943040, NumGC: 40 RN:52
Request: 2147483647, Container: go-server-image-9500, HeapAlloc: 39644608, HeapIdle: 5636096, NextGC: 41943040, NumGC: 41 RN:2147483647
GCThreshold >= GoGCTriggerThreshold 0.945201
Sending fake request to tip over the container go-server-image-9500
GRequest: 55, Selected container: go-server-image-9500
Container already running:  go-server-image-9500
Request: 2147483647, Container: go-server-image-9500, HeapAlloc: 39649784, HeapIdle: 5636096, NextGC: 41943040, NumGC: 41 RN:2147483647
GCThreshold >= GoGCTriggerThreshold 0.945325
Sending fake request to tip over the container go-server-image-9500
Request: 2147483647, Container: go-server-image-9500, HeapAlloc: 39660288, HeapIdle: 5595136, NextGC: 41943040, NumGC: 41 RN:2147483647
GCThreshold >= GoGCTriggerThreshold 0.945575
Sending fake request to tip over the container go-server-image-9500
Request: 2147483647, Container: go-server-image-9500, HeapAlloc: 39665464, HeapIdle: 5586944, NextGC: 41943040, NumGC: 41 RN:2147483647
GCThreshold >= GoGCTriggerThreshold 0.945698
Sending fake request to tip over the container go-server-image-9500
Request: 53, Container: go-server-image-9500, HeapAlloc: 39670656, HeapIdle: 5586944, NextGC: 41943040, NumGC: 41 RN:53
GCThreshold >= GoGCTriggerThreshold 0.945822
Sending fake request to tip over the container go-server-image-9500
handlingGCForGoContainers is True
GRequest: 56, Selected container: go-server-image-9501
Container already running:  go-server-image-9501
Request: 2147483647, Container: go-server-image-9500, HeapAlloc: 39675816, HeapIdle: 5586944, NextGC: 41943040, NumGC: 41 RN:2147483647
GCThreshold >= GoGCTriggerThreshold 0.945945
Sending fake request to tip over the container go-server-image-9500
Request: 54, Container: go-server-image-9501, HeapAlloc: 6592184, HeapIdle: 34504704, NextGC: 41943040, NumGC: 40 RN:54
Request: 2147483647, Container: go-server-image-9500, HeapAlloc: 38870432, HeapIdle: 6389760, NextGC: 41943040, NumGC: 41 RN:2147483647
GRequest: 57, Selected container: go-server-image-9500
Container already running:  go-server-image-9500
Request: 2147483647, Container: go-server-image-9500, HeapAlloc: 38871576, HeapIdle: 6389760, NextGC: 41943040, NumGC: 41 RN:2147483647
Request: 2147483647, Container: go-server-image-9500, HeapAlloc: 38887200, HeapIdle: 6373376, NextGC: 41943040, NumGC: 41 RN:2147483647
Request: 55, Container: go-server-image-9500, HeapAlloc: 38892392, HeapIdle: 6373376, NextGC: 41943040, NumGC: 41 RN:55
GRequest: 58, Selected container: go-server-image-9500
Container already running:  go-server-image-9500
Request: 2147483647, Container: go-server-image-9500, HeapAlloc: 38897552, HeapIdle: 6373376, NextGC: 41943040, NumGC: 41 RN:2147483647
Request: 2147483647, Container: go-server-image-9500, HeapAlloc: 38902728, HeapIdle: 6373376, NextGC: 41943040, NumGC: 41 RN:2147483647
Request: 56, Container: go-server-image-9500, HeapAlloc: 38892160, HeapIdle: 6340608, NextGC: 41943040, NumGC: 41 RN:56
GRequest: 59, Selected container: go-server-image-9500
Container already running:  go-server-image-9500
Request: 57, Container: go-server-image-9500, HeapAlloc: 22788136, HeapIdle: 22454272, NextGC: 41943040, NumGC: 41 RN:57
GRequest: 60, Selected container: go-server-image-9500
Container already running:  go-server-image-9500
Request: 58, Container: go-server-image-9500, HeapAlloc: 23596128, HeapIdle: 21643264, NextGC: 41943040, NumGC: 41 RN:58
GRequest: 61, Selected container: go-server-image-9500
Container already running:  go-server-image-9500
Request: 59, Container: go-server-image-9500, HeapAlloc: 24404120, HeapIdle: 20840448, NextGC: 41943040, NumGC: 41 RN:59
GRequest: 62, Selected container: go-server-image-9500
Container already running:  go-server-image-9500
Request: 60, Container: go-server-image-9500, HeapAlloc: 25212112, HeapIdle: 20037632, NextGC: 41943040, NumGC: 41 RN:60
GRequest: 63, Selected container: go-server-image-9500
Container already running:  go-server-image-9500
Request: 61, Container: go-server-image-9500, HeapAlloc: 26020104, HeapIdle: 19226624, NextGC: 41943040, NumGC: 41 RN:61
GRequest: 64, Selected container: go-server-image-9500
Container already running:  go-server-image-9500
Request: 62, Container: go-server-image-9500, HeapAlloc: 26828096, HeapIdle: 18423808, NextGC: 41943040, NumGC: 41 RN:62
GRequest: 65, Selected container: go-server-image-9500
Container already running:  go-server-image-9500
Request: 63, Container: go-server-image-9500, HeapAlloc: 27636088, HeapIdle: 17620992, NextGC: 41943040, NumGC: 41 RN:63
GRequest: 66, Selected container: go-server-image-9500
Container already running:  go-server-image-9500
Request: 64, Container: go-server-image-9500, HeapAlloc: 28444080, HeapIdle: 16809984, NextGC: 41943040, NumGC: 41 RN:64
GRequest: 67, Selected container: go-server-image-9500
Container already running:  go-server-image-9500
Request: 65, Container: go-server-image-9500, HeapAlloc: 29252072, HeapIdle: 15998976, NextGC: 41943040, NumGC: 41 RN:65
GRequest: 68, Selected container: go-server-image-9500
Container already running:  go-server-image-9500
Request: 66, Container: go-server-image-9500, HeapAlloc: 30060064, HeapIdle: 15196160, NextGC: 41943040, NumGC: 41 RN:66
GRequest: 69, Selected container: go-server-image-9500
Container already running:  go-server-image-9500
Request: 67, Container: go-server-image-9500, HeapAlloc: 30868056, HeapIdle: 14393344, NextGC: 41943040, NumGC: 41 RN:67
GRequest: 70, Selected container: go-server-image-9500
Container already running:  go-server-image-9500
Request: 68, Container: go-server-image-9500, HeapAlloc: 31676048, HeapIdle: 13590528, NextGC: 41943040, NumGC: 41 RN:68
GRequest: 71, Selected container: go-server-image-9500
Container already running:  go-server-image-9500
Request: 69, Container: go-server-image-9500, HeapAlloc: 32484040, HeapIdle: 12787712, NextGC: 41943040, NumGC: 41 RN:69
GRequest: 72, Selected container: go-server-image-9500
Container already running:  go-server-image-9500
Request: 70, Container: go-server-image-9500, HeapAlloc: 33292032, HeapIdle: 11976704, NextGC: 41943040, NumGC: 41 RN:70
GRequest: 73, Selected container: go-server-image-9500
Container already running:  go-server-image-9500
Request: 71, Container: go-server-image-9500, HeapAlloc: 34100024, HeapIdle: 11165696, NextGC: 41943040, NumGC: 41 RN:71
GRequest: 74, Selected container: go-server-image-9500
Container already running:  go-server-image-9500
Request: 72, Container: go-server-image-9500, HeapAlloc: 34908016, HeapIdle: 10354688, NextGC: 41943040, NumGC: 41 RN:72
GRequest: 75, Selected container: go-server-image-9500
Container already running:  go-server-image-9500
Request: 73, Container: go-server-image-9500, HeapAlloc: 35716008, HeapIdle: 9543680, NextGC: 41943040, NumGC: 41 RN:73
GRequest: 76, Selected container: go-server-image-9500
Container already running:  go-server-image-9500
Request: 74, Container: go-server-image-9500, HeapAlloc: 36524000, HeapIdle: 8740864, NextGC: 41943040, NumGC: 41 RN:74
GRequest: 77, Selected container: go-server-image-9500
Container already running:  go-server-image-9500
Request: 75, Container: go-server-image-9500, HeapAlloc: 37331992, HeapIdle: 7929856, NextGC: 41943040, NumGC: 41 RN:75
GRequest: 78, Selected container: go-server-image-9500
Container already running:  go-server-image-9500
Request: 76, Container: go-server-image-9500, HeapAlloc: 38139984, HeapIdle: 7127040, NextGC: 41943040, NumGC: 41 RN:76
GRequest: 79, Selected container: go-server-image-9500
Container already running:  go-server-image-9500
Request: 77, Container: go-server-image-9500, HeapAlloc: 38947976, HeapIdle: 6324224, NextGC: 41943040, NumGC: 41 RN:77
GRequest: 80, Selected container: go-server-image-9500
Container already running:  go-server-image-9500
Request: 78, Container: go-server-image-9500, HeapAlloc: 39755968, HeapIdle: 5521408, NextGC: 41943040, NumGC: 41 RN:78
GCThreshold >= GoGCTriggerThreshold 0.947856
Sending fake request to tip over the container go-server-image-9500
handlingGCForGoContainers is True
GRequest: 81, Selected container: go-server-image-9501
Container already running:  go-server-image-9501
Request: 2147483647, Container: go-server-image-9500, HeapAlloc: 40563944, HeapIdle: 4685824, NextGC: 41943040, NumGC: 41 RN:2147483647
GCThreshold >= GoGCTriggerThreshold 0.967120
Sending fake request to tip over the container go-server-image-9500
Request: 79, Container: go-server-image-9501, HeapAlloc: 7400176, HeapIdle: 33701888, NextGC: 41943040, NumGC: 40 RN:79
GRequest: 82, Selected container: go-server-image-9500
Container already running:  go-server-image-9500
Request: 2147483647, Container: go-server-image-9500, HeapAlloc: 967664, HeapIdle: 44228608, NextGC: 41943040, NumGC: 42 RN:2147483647
Request: 80, Container: go-server-image-9500, HeapAlloc: 1775960, HeapIdle: 43425792, NextGC: 41943040, NumGC: 42 RN:80
GRequest: 83, Selected container: go-server-image-9500
Container already running:  go-server-image-9500
Request: 81, Container: go-server-image-9500, HeapAlloc: 2583952, HeapIdle: 42614784, NextGC: 41943040, NumGC: 42 RN:81
GRequest: 84, Selected container: go-server-image-9500
Container already running:  go-server-image-9500
Request: 82, Container: go-server-image-9500, HeapAlloc: 3391944, HeapIdle: 41811968, NextGC: 41943040, NumGC: 42 RN:82
GRequest: 85, Selected container: go-server-image-9500
Container already running:  go-server-image-9500
Request: 83, Container: go-server-image-9500, HeapAlloc: 4199936, HeapIdle: 41009152, NextGC: 41943040, NumGC: 42 RN:83
GRequest: 86, Selected container: go-server-image-9500
Container already running:  go-server-image-9500
Request: 84, Container: go-server-image-9500, HeapAlloc: 5007928, HeapIdle: 40198144, NextGC: 41943040, NumGC: 42 RN:84
GRequest: 87, Selected container: go-server-image-9500
Container already running:  go-server-image-9500
Request: 85, Container: go-server-image-9500, HeapAlloc: 5815920, HeapIdle: 39395328, NextGC: 41943040, NumGC: 42 RN:85
GRequest: 88, Selected container: go-server-image-9500
Container already running:  go-server-image-9500
Request: 86, Container: go-server-image-9500, HeapAlloc: 6623912, HeapIdle: 38592512, NextGC: 41943040, NumGC: 42 RN:86
GRequest: 89, Selected container: go-server-image-9500
Container already running:  go-server-image-9500
Request: 87, Container: go-server-image-9500, HeapAlloc: 7431904, HeapIdle: 37789696, NextGC: 41943040, NumGC: 42 RN:87
GRequest: 90, Selected container: go-server-image-9500
Container already running:  go-server-image-9500
Request: 88, Container: go-server-image-9500, HeapAlloc: 8239896, HeapIdle: 36986880, NextGC: 41943040, NumGC: 42 RN:88
GRequest: 91, Selected container: go-server-image-9500
Container already running:  go-server-image-9500
Request: 89, Container: go-server-image-9500, HeapAlloc: 9047888, HeapIdle: 36184064, NextGC: 41943040, NumGC: 42 RN:89
GRequest: 92, Selected container: go-server-image-9500
Container already running:  go-server-image-9500
Request: 90, Container: go-server-image-9500, HeapAlloc: 9855880, HeapIdle: 35373056, NextGC: 41943040, NumGC: 42 RN:90
GRequest: 93, Selected container: go-server-image-9500
Container already running:  go-server-image-9500
Request: 91, Container: go-server-image-9500, HeapAlloc: 10663872, HeapIdle: 34570240, NextGC: 41943040, NumGC: 42 RN:91
GRequest: 94, Selected container: go-server-image-9500
Container already running:  go-server-image-9500
Request: 92, Container: go-server-image-9500, HeapAlloc: 11471864, HeapIdle: 33767424, NextGC: 41943040, NumGC: 42 RN:92
GRequest: 95, Selected container: go-server-image-9500
Container already running:  go-server-image-9500
Request: 93, Container: go-server-image-9500, HeapAlloc: 12279856, HeapIdle: 32964608, NextGC: 41943040, NumGC: 42 RN:93
GRequest: 96, Selected container: go-server-image-9500
Container already running:  go-server-image-9500
Request: 94, Container: go-server-image-9500, HeapAlloc: 13087848, HeapIdle: 32161792, NextGC: 41943040, NumGC: 42 RN:94
GRequest: 97, Selected container: go-server-image-9500
Container already running:  go-server-image-9500
Request: 95, Container: go-server-image-9500, HeapAlloc: 13895840, HeapIdle: 31358976, NextGC: 41943040, NumGC: 42 RN:95
GRequest: 98, Selected container: go-server-image-9500
Container already running:  go-server-image-9500
Request: 96, Container: go-server-image-9500, HeapAlloc: 14703832, HeapIdle: 30547968, NextGC: 41943040, NumGC: 42 RN:96
GRequest: 99, Selected container: go-server-image-9500
Container already running:  go-server-image-9500
Request: 97, Container: go-server-image-9500, HeapAlloc: 15511824, HeapIdle: 29745152, NextGC: 41943040, NumGC: 42 RN:97
GRequest: 100, Selected container: go-server-image-9500
Container already running:  go-server-image-9500
Request: 98, Container: go-server-image-9500, HeapAlloc: 16319816, HeapIdle: 28942336, NextGC: 41943040, NumGC: 42 RN:98
GRequest: 101, Selected container: go-server-image-9500
Container already running:  go-server-image-9500
Request: 99, Container: go-server-image-9500, HeapAlloc: 17127808, HeapIdle: 28131328, NextGC: 41943040, NumGC: 42 RN:99
GRequest: 102, Selected container: go-server-image-9500
Container already running:  go-server-image-9500
Request: 100, Container: go-server-image-9500, HeapAlloc: 17936088, HeapIdle: 27328512, NextGC: 41943040, NumGC: 42 RN:100
