All docker containers stopped successfully.
Waiting for container:  http://128.110.96.59:9500/GoNative
Container started: go-server-image-9500
Waiting for container:  http://128.110.96.59:9501/GoNative
Container started: go-server-image-9501
Sending fake request to tip over the container go-server-image-9500
Request: 2147483647, Container: go-server-image-9500, HeapAlloc: 20646616, HeapIdle: 20553728, NextGC: 41943040, NumGC: 4 RN:2147483647
Sending fake request to tip over the container go-server-image-9501
Request: 2147483647, Container: go-server-image-9501, HeapAlloc: 20649160, HeapIdle: 20545536, NextGC: 41943040, NumGC: 4 RN:2147483647
Load Balancer is running on port :8180
In GCMITIGATION Sched policy
goRoundRobinIndex: 9500
GRequest: 1, Selected container: go-server-image-9500
Container already running:  go-server-image-9500
Request: 2147483647, Container: go-server-image-9500, HeapAlloc: 20689232, HeapIdle: 20463616, NextGC: 41943040, NumGC: 4 RN:2147483647
In GCMITIGATION Sched policy
goRoundRobinIndex: 9500
GRequest: 2, Selected container: go-server-image-9500
Container already running:  go-server-image-9500
Request: 0, Container: go-server-image-9500, HeapAlloc: 20776328, HeapIdle: 20381696, NextGC: 41943040, NumGC: 4 RN:0
In GCMITIGATION Sched policy
goRoundRobinIndex: 9500
GRequest: 3, Selected container: go-server-image-9500
Container already running:  go-server-image-9500
Request: 1, Container: go-server-image-9500, HeapAlloc: 20863408, HeapIdle: 20299776, NextGC: 41943040, NumGC: 4 RN:1
In GCMITIGATION Sched policy
goRoundRobinIndex: 9500
GRequest: 4, Selected container: go-server-image-9500
Container already running:  go-server-image-9500
Request: 2, Container: go-server-image-9500, HeapAlloc: 20950488, HeapIdle: 20209664, NextGC: 41943040, NumGC: 4 RN:2
In GCMITIGATION Sched policy
goRoundRobinIndex: 9500
GRequest: 5, Selected container: go-server-image-9500
Container already running:  go-server-image-9500
Request: 3, Container: go-server-image-9500, HeapAlloc: 21037568, HeapIdle: 20127744, NextGC: 41943040, NumGC: 4 RN:3
In GCMITIGATION Sched policy
goRoundRobinIndex: 9500
GRequest: 6, Selected container: go-server-image-9500
Container already running:  go-server-image-9500
Request: 4, Container: go-server-image-9500, HeapAlloc: 21124648, HeapIdle: 20037632, NextGC: 41943040, NumGC: 4 RN:4
In GCMITIGATION Sched policy
goRoundRobinIndex: 9500
GRequest: 7, Selected container: go-server-image-9500
Container already running:  go-server-image-9500
Request: 5, Container: go-server-image-9500, HeapAlloc: 21211728, HeapIdle: 19955712, NextGC: 41943040, NumGC: 4 RN:5
In GCMITIGATION Sched policy
goRoundRobinIndex: 9500
GRequest: 8, Selected container: go-server-image-9500
Container already running:  go-server-image-9500
Request: 6, Container: go-server-image-9500, HeapAlloc: 21299096, HeapIdle: 19857408, NextGC: 41943040, NumGC: 4 RN:6
In GCMITIGATION Sched policy
goRoundRobinIndex: 9500
GRequest: 9, Selected container: go-server-image-9500
Container already running:  go-server-image-9500
Request: 7, Container: go-server-image-9500, HeapAlloc: 21386176, HeapIdle: 19759104, NextGC: 41943040, NumGC: 4 RN:7
In GCMITIGATION Sched policy
goRoundRobinIndex: 9500
GRequest: 10, Selected container: go-server-image-9500
Container already running:  go-server-image-9500
Request: 8, Container: go-server-image-9500, HeapAlloc: 21473256, HeapIdle: 19668992, NextGC: 41943040, NumGC: 4 RN:8
In GCMITIGATION Sched policy
goRoundRobinIndex: 9500
GRequest: 11, Selected container: go-server-image-9500
Container already running:  go-server-image-9500
Request: 9, Container: go-server-image-9500, HeapAlloc: 21560336, HeapIdle: 19587072, NextGC: 41943040, NumGC: 4 RN:9
In GCMITIGATION Sched policy
goRoundRobinIndex: 9500
GRequest: 12, Selected container: go-server-image-9500
Container already running:  go-server-image-9500
Request: 10, Container: go-server-image-9500, HeapAlloc: 21647432, HeapIdle: 19505152, NextGC: 41943040, NumGC: 4 RN:10
In GCMITIGATION Sched policy
goRoundRobinIndex: 9500
GRequest: 13, Selected container: go-server-image-9500
Container already running:  go-server-image-9500
Request: 11, Container: go-server-image-9500, HeapAlloc: 21734528, HeapIdle: 19423232, NextGC: 41943040, NumGC: 4 RN:11
In GCMITIGATION Sched policy
goRoundRobinIndex: 9500
GRequest: 14, Selected container: go-server-image-9500
Container already running:  go-server-image-9500
Request: 12, Container: go-server-image-9500, HeapAlloc: 21821912, HeapIdle: 19341312, NextGC: 41943040, NumGC: 4 RN:12
In GCMITIGATION Sched policy
goRoundRobinIndex: 9500
GRequest: 15, Selected container: go-server-image-9500
Container already running:  go-server-image-9500
Request: 13, Container: go-server-image-9500, HeapAlloc: 21909008, HeapIdle: 19251200, NextGC: 41943040, NumGC: 4 RN:13
In GCMITIGATION Sched policy
goRoundRobinIndex: 9500
GRequest: 16, Selected container: go-server-image-9500
Container already running:  go-server-image-9500
Request: 14, Container: go-server-image-9500, HeapAlloc: 21996104, HeapIdle: 19161088, NextGC: 41943040, NumGC: 4 RN:14
In GCMITIGATION Sched policy
goRoundRobinIndex: 9500
GRequest: 17, Selected container: go-server-image-9500
Container already running:  go-server-image-9500
Request: 15, Container: go-server-image-9500, HeapAlloc: 22083184, HeapIdle: 19070976, NextGC: 41943040, NumGC: 4 RN:15
In GCMITIGATION Sched policy
goRoundRobinIndex: 9500
GRequest: 18, Selected container: go-server-image-9500
Container already running:  go-server-image-9500
Request: 16, Container: go-server-image-9500, HeapAlloc: 22170280, HeapIdle: 18989056, NextGC: 41943040, NumGC: 4 RN:16
In GCMITIGATION Sched policy
goRoundRobinIndex: 9500
GRequest: 19, Selected container: go-server-image-9500
Container already running:  go-server-image-9500
Request: 17, Container: go-server-image-9500, HeapAlloc: 22257376, HeapIdle: 18907136, NextGC: 41943040, NumGC: 4 RN:17
In GCMITIGATION Sched policy
goRoundRobinIndex: 9500
GRequest: 20, Selected container: go-server-image-9500
Container already running:  go-server-image-9500
Request: 18, Container: go-server-image-9500, HeapAlloc: 22344472, HeapIdle: 18800640, NextGC: 41943040, NumGC: 4 RN:18
In GCMITIGATION Sched policy
goRoundRobinIndex: 9500
GRequest: 21, Selected container: go-server-image-9500
Container already running:  go-server-image-9500
Request: 19, Container: go-server-image-9500, HeapAlloc: 22431568, HeapIdle: 18710528, NextGC: 41943040, NumGC: 4 RN:19
In GCMITIGATION Sched policy
goRoundRobinIndex: 9500
GRequest: 22, Selected container: go-server-image-9500
Container already running:  go-server-image-9500
Request: 20, Container: go-server-image-9500, HeapAlloc: 22518664, HeapIdle: 18628608, NextGC: 41943040, NumGC: 4 RN:20
In GCMITIGATION Sched policy
goRoundRobinIndex: 9500
GRequest: 23, Selected container: go-server-image-9500
Container already running:  go-server-image-9500
Request: 21, Container: go-server-image-9500, HeapAlloc: 22605744, HeapIdle: 18546688, NextGC: 41943040, NumGC: 4 RN:21
In GCMITIGATION Sched policy
goRoundRobinIndex: 9500
GRequest: 24, Selected container: go-server-image-9500
Container already running:  go-server-image-9500
Request: 22, Container: go-server-image-9500, HeapAlloc: 22692840, HeapIdle: 18464768, NextGC: 41943040, NumGC: 4 RN:22
In GCMITIGATION Sched policy
goRoundRobinIndex: 9500
GRequest: 25, Selected container: go-server-image-9500
Container already running:  go-server-image-9500
Request: 23, Container: go-server-image-9500, HeapAlloc: 22779936, HeapIdle: 18374656, NextGC: 41943040, NumGC: 4 RN:23
In GCMITIGATION Sched policy
goRoundRobinIndex: 9500
GRequest: 26, Selected container: go-server-image-9500
Container already running:  go-server-image-9500
Request: 24, Container: go-server-image-9500, HeapAlloc: 22867032, HeapIdle: 18284544, NextGC: 41943040, NumGC: 4 RN:24
In GCMITIGATION Sched policy
goRoundRobinIndex: 9500
GRequest: 27, Selected container: go-server-image-9500
Container already running:  go-server-image-9500
Request: 25, Container: go-server-image-9500, HeapAlloc: 22954128, HeapIdle: 18194432, NextGC: 41943040, NumGC: 4 RN:25
In GCMITIGATION Sched policy
goRoundRobinIndex: 9500
GRequest: 28, Selected container: go-server-image-9500
Container already running:  go-server-image-9500
Request: 26, Container: go-server-image-9500, HeapAlloc: 23041224, HeapIdle: 18112512, NextGC: 41943040, NumGC: 4 RN:26
In GCMITIGATION Sched policy
goRoundRobinIndex: 9500
GRequest: 29, Selected container: go-server-image-9500
Container already running:  go-server-image-9500
Request: 27, Container: go-server-image-9500, HeapAlloc: 23128304, HeapIdle: 18030592, NextGC: 41943040, NumGC: 4 RN:27
In GCMITIGATION Sched policy
goRoundRobinIndex: 9500
GRequest: 30, Selected container: go-server-image-9500
Container already running:  go-server-image-9500
Request: 28, Container: go-server-image-9500, HeapAlloc: 23215400, HeapIdle: 17948672, NextGC: 41943040, NumGC: 4 RN:28
In GCMITIGATION Sched policy
goRoundRobinIndex: 9500
GRequest: 31, Selected container: go-server-image-9500
Container already running:  go-server-image-9500
Request: 29, Container: go-server-image-9500, HeapAlloc: 23302496, HeapIdle: 17858560, NextGC: 41943040, NumGC: 4 RN:29
In GCMITIGATION Sched policy
goRoundRobinIndex: 9500
GRequest: 32, Selected container: go-server-image-9500
Container already running:  go-server-image-9500
Request: 30, Container: go-server-image-9500, HeapAlloc: 23389592, HeapIdle: 17776640, NextGC: 41943040, NumGC: 4 RN:30
In GCMITIGATION Sched policy
goRoundRobinIndex: 9500
GRequest: 33, Selected container: go-server-image-9500
Container already running:  go-server-image-9500
Request: 31, Container: go-server-image-9500, HeapAlloc: 23476688, HeapIdle: 17686528, NextGC: 41943040, NumGC: 4 RN:31
In GCMITIGATION Sched policy
goRoundRobinIndex: 9500
GRequest: 34, Selected container: go-server-image-9500
Container already running:  go-server-image-9500
Request: 32, Container: go-server-image-9500, HeapAlloc: 23563784, HeapIdle: 17596416, NextGC: 41943040, NumGC: 4 RN:32
In GCMITIGATION Sched policy
goRoundRobinIndex: 9500
GRequest: 35, Selected container: go-server-image-9500
Container already running:  go-server-image-9500
Request: 33, Container: go-server-image-9500, HeapAlloc: 23650880, HeapIdle: 17506304, NextGC: 41943040, NumGC: 4 RN:33
In GCMITIGATION Sched policy
goRoundRobinIndex: 9500
GRequest: 36, Selected container: go-server-image-9500
Container already running:  go-server-image-9500
Request: 34, Container: go-server-image-9500, HeapAlloc: 23737976, HeapIdle: 17424384, NextGC: 41943040, NumGC: 4 RN:34
In GCMITIGATION Sched policy
goRoundRobinIndex: 9500
GRequest: 37, Selected container: go-server-image-9500
Container already running:  go-server-image-9500
Request: 35, Container: go-server-image-9500, HeapAlloc: 23825072, HeapIdle: 17334272, NextGC: 41943040, NumGC: 4 RN:35
In GCMITIGATION Sched policy
goRoundRobinIndex: 9500
GRequest: 38, Selected container: go-server-image-9500
Container already running:  go-server-image-9500
Request: 36, Container: go-server-image-9500, HeapAlloc: 23912168, HeapIdle: 17252352, NextGC: 41943040, NumGC: 4 RN:36
In GCMITIGATION Sched policy
goRoundRobinIndex: 9500
GRequest: 39, Selected container: go-server-image-9500
Container already running:  go-server-image-9500
Request: 37, Container: go-server-image-9500, HeapAlloc: 23999264, HeapIdle: 17154048, NextGC: 41943040, NumGC: 4 RN:37
In GCMITIGATION Sched policy
goRoundRobinIndex: 9500
GRequest: 40, Selected container: go-server-image-9500
Container already running:  go-server-image-9500
Request: 38, Container: go-server-image-9500, HeapAlloc: 24086360, HeapIdle: 17072128, NextGC: 41943040, NumGC: 4 RN:38
In GCMITIGATION Sched policy
goRoundRobinIndex: 9500
GRequest: 41, Selected container: go-server-image-9500
Container already running:  go-server-image-9500
Request: 39, Container: go-server-image-9500, HeapAlloc: 24173456, HeapIdle: 16990208, NextGC: 41943040, NumGC: 4 RN:39
In GCMITIGATION Sched policy
goRoundRobinIndex: 9500
GRequest: 42, Selected container: go-server-image-9500
Container already running:  go-server-image-9500
Request: 40, Container: go-server-image-9500, HeapAlloc: 24260552, HeapIdle: 16883712, NextGC: 41943040, NumGC: 4 RN:40
In GCMITIGATION Sched policy
goRoundRobinIndex: 9500
GRequest: 43, Selected container: go-server-image-9500
Container already running:  go-server-image-9500
Request: 41, Container: go-server-image-9500, HeapAlloc: 24347648, HeapIdle: 16801792, NextGC: 41943040, NumGC: 4 RN:41
In GCMITIGATION Sched policy
goRoundRobinIndex: 9500
GRequest: 44, Selected container: go-server-image-9500
Container already running:  go-server-image-9500
Request: 42, Container: go-server-image-9500, HeapAlloc: 24435032, HeapIdle: 16711680, NextGC: 41943040, NumGC: 4 RN:42
In GCMITIGATION Sched policy
goRoundRobinIndex: 9500
GRequest: 45, Selected container: go-server-image-9500
Container already running:  go-server-image-9500
Request: 43, Container: go-server-image-9500, HeapAlloc: 24522128, HeapIdle: 16629760, NextGC: 41943040, NumGC: 4 RN:43
In GCMITIGATION Sched policy
goRoundRobinIndex: 9500
GRequest: 46, Selected container: go-server-image-9500
Container already running:  go-server-image-9500
Request: 44, Container: go-server-image-9500, HeapAlloc: 24609224, HeapIdle: 16547840, NextGC: 41943040, NumGC: 4 RN:44
In GCMITIGATION Sched policy
goRoundRobinIndex: 9500
GRequest: 47, Selected container: go-server-image-9500
Container already running:  go-server-image-9500
Request: 45, Container: go-server-image-9500, HeapAlloc: 24696320, HeapIdle: 16449536, NextGC: 41943040, NumGC: 4 RN:45
In GCMITIGATION Sched policy
goRoundRobinIndex: 9500
GRequest: 48, Selected container: go-server-image-9500
Container already running:  go-server-image-9500
Request: 46, Container: go-server-image-9500, HeapAlloc: 24783416, HeapIdle: 16359424, NextGC: 41943040, NumGC: 4 RN:46
In GCMITIGATION Sched policy
goRoundRobinIndex: 9500
GRequest: 49, Selected container: go-server-image-9500
Container already running:  go-server-image-9500
Request: 47, Container: go-server-image-9500, HeapAlloc: 24870496, HeapIdle: 16277504, NextGC: 41943040, NumGC: 4 RN:47
In GCMITIGATION Sched policy
goRoundRobinIndex: 9500
GRequest: 50, Selected container: go-server-image-9500
Container already running:  go-server-image-9500
Request: 48, Container: go-server-image-9500, HeapAlloc: 24957592, HeapIdle: 16187392, NextGC: 41943040, NumGC: 4 RN:48
In GCMITIGATION Sched policy
goRoundRobinIndex: 9500
GRequest: 51, Selected container: go-server-image-9500
Container already running:  go-server-image-9500
Request: 49, Container: go-server-image-9500, HeapAlloc: 25044688, HeapIdle: 16105472, NextGC: 41943040, NumGC: 4 RN:49
In GCMITIGATION Sched policy
goRoundRobinIndex: 9500
GRequest: 52, Selected container: go-server-image-9500
Container already running:  go-server-image-9500
Request: 50, Container: go-server-image-9500, HeapAlloc: 25131784, HeapIdle: 16023552, NextGC: 41943040, NumGC: 4 RN:50
In GCMITIGATION Sched policy
goRoundRobinIndex: 9500
GRequest: 53, Selected container: go-server-image-9500
Container already running:  go-server-image-9500
Request: 51, Container: go-server-image-9500, HeapAlloc: 25218880, HeapIdle: 15933440, NextGC: 41943040, NumGC: 4 RN:51
In GCMITIGATION Sched policy
goRoundRobinIndex: 9500
GRequest: 54, Selected container: go-server-image-9500
Container already running:  go-server-image-9500
Request: 52, Container: go-server-image-9500, HeapAlloc: 25305976, HeapIdle: 15851520, NextGC: 41943040, NumGC: 4 RN:52
In GCMITIGATION Sched policy
goRoundRobinIndex: 9500
GRequest: 55, Selected container: go-server-image-9500
Container already running:  go-server-image-9500
Request: 53, Container: go-server-image-9500, HeapAlloc: 25393072, HeapIdle: 15769600, NextGC: 41943040, NumGC: 4 RN:53
In GCMITIGATION Sched policy
goRoundRobinIndex: 9500
GRequest: 56, Selected container: go-server-image-9500
Container already running:  go-server-image-9500
Request: 54, Container: go-server-image-9500, HeapAlloc: 25480168, HeapIdle: 15671296, NextGC: 41943040, NumGC: 4 RN:54
In GCMITIGATION Sched policy
goRoundRobinIndex: 9500
GRequest: 57, Selected container: go-server-image-9500
Container already running:  go-server-image-9500
Request: 55, Container: go-server-image-9500, HeapAlloc: 25567264, HeapIdle: 15589376, NextGC: 41943040, NumGC: 4 RN:55
In GCMITIGATION Sched policy
goRoundRobinIndex: 9500
GRequest: 58, Selected container: go-server-image-9500
Container already running:  go-server-image-9500
Request: 56, Container: go-server-image-9500, HeapAlloc: 25654360, HeapIdle: 15507456, NextGC: 41943040, NumGC: 4 RN:56
In GCMITIGATION Sched policy
goRoundRobinIndex: 9500
GRequest: 59, Selected container: go-server-image-9500
Container already running:  go-server-image-9500
Request: 57, Container: go-server-image-9500, HeapAlloc: 25741456, HeapIdle: 15417344, NextGC: 41943040, NumGC: 4 RN:57
In GCMITIGATION Sched policy
goRoundRobinIndex: 9500
GRequest: 60, Selected container: go-server-image-9500
Container already running:  go-server-image-9500
Request: 58, Container: go-server-image-9500, HeapAlloc: 25828552, HeapIdle: 15327232, NextGC: 41943040, NumGC: 4 RN:58
In GCMITIGATION Sched policy
goRoundRobinIndex: 9500
GRequest: 61, Selected container: go-server-image-9500
Container already running:  go-server-image-9500
Request: 59, Container: go-server-image-9500, HeapAlloc: 25915648, HeapIdle: 15245312, NextGC: 41943040, NumGC: 4 RN:59
In GCMITIGATION Sched policy
goRoundRobinIndex: 9500
GRequest: 62, Selected container: go-server-image-9500
Container already running:  go-server-image-9500
Request: 60, Container: go-server-image-9500, HeapAlloc: 26002744, HeapIdle: 15138816, NextGC: 41943040, NumGC: 4 RN:60
In GCMITIGATION Sched policy
goRoundRobinIndex: 9500
GRequest: 63, Selected container: go-server-image-9500
Container already running:  go-server-image-9500
Request: 61, Container: go-server-image-9500, HeapAlloc: 26089840, HeapIdle: 15056896, NextGC: 41943040, NumGC: 4 RN:61
In GCMITIGATION Sched policy
goRoundRobinIndex: 9500
GRequest: 64, Selected container: go-server-image-9500
Container already running:  go-server-image-9500
Request: 62, Container: go-server-image-9500, HeapAlloc: 26176936, HeapIdle: 14966784, NextGC: 41943040, NumGC: 4 RN:62
In GCMITIGATION Sched policy
goRoundRobinIndex: 9500
GRequest: 65, Selected container: go-server-image-9500
Container already running:  go-server-image-9500
Request: 63, Container: go-server-image-9500, HeapAlloc: 26264320, HeapIdle: 14884864, NextGC: 41943040, NumGC: 4 RN:63
In GCMITIGATION Sched policy
goRoundRobinIndex: 9500
GRequest: 66, Selected container: go-server-image-9500
Container already running:  go-server-image-9500
Request: 64, Container: go-server-image-9500, HeapAlloc: 26351416, HeapIdle: 14794752, NextGC: 41943040, NumGC: 4 RN:64
In GCMITIGATION Sched policy
goRoundRobinIndex: 9500
GRequest: 67, Selected container: go-server-image-9500
Container already running:  go-server-image-9500
Request: 65, Container: go-server-image-9500, HeapAlloc: 26438496, HeapIdle: 14704640, NextGC: 41943040, NumGC: 4 RN:65
In GCMITIGATION Sched policy
goRoundRobinIndex: 9500
GRequest: 68, Selected container: go-server-image-9500
Container already running:  go-server-image-9500
Request: 66, Container: go-server-image-9500, HeapAlloc: 26525592, HeapIdle: 14622720, NextGC: 41943040, NumGC: 4 RN:66
In GCMITIGATION Sched policy
goRoundRobinIndex: 9500
GRequest: 69, Selected container: go-server-image-9500
Container already running:  go-server-image-9500
Request: 67, Container: go-server-image-9500, HeapAlloc: 26612688, HeapIdle: 14532608, NextGC: 41943040, NumGC: 4 RN:67
In GCMITIGATION Sched policy
goRoundRobinIndex: 9500
GRequest: 70, Selected container: go-server-image-9500
Container already running:  go-server-image-9500
Request: 68, Container: go-server-image-9500, HeapAlloc: 26699784, HeapIdle: 14450688, NextGC: 41943040, NumGC: 4 RN:68
In GCMITIGATION Sched policy
goRoundRobinIndex: 9500
GRequest: 71, Selected container: go-server-image-9500
Container already running:  go-server-image-9500
Request: 69, Container: go-server-image-9500, HeapAlloc: 26786864, HeapIdle: 14368768, NextGC: 41943040, NumGC: 4 RN:69
In GCMITIGATION Sched policy
goRoundRobinIndex: 9500
GRequest: 72, Selected container: go-server-image-9500
Container already running:  go-server-image-9500
Request: 70, Container: go-server-image-9500, HeapAlloc: 26873960, HeapIdle: 14286848, NextGC: 41943040, NumGC: 4 RN:70
In GCMITIGATION Sched policy
goRoundRobinIndex: 9500
GRequest: 73, Selected container: go-server-image-9500
Container already running:  go-server-image-9500
Request: 71, Container: go-server-image-9500, HeapAlloc: 26961056, HeapIdle: 14196736, NextGC: 41943040, NumGC: 4 RN:71
In GCMITIGATION Sched policy
goRoundRobinIndex: 9500
GRequest: 74, Selected container: go-server-image-9500
Container already running:  go-server-image-9500
Request: 72, Container: go-server-image-9500, HeapAlloc: 27048152, HeapIdle: 14114816, NextGC: 41943040, NumGC: 4 RN:72
In GCMITIGATION Sched policy
goRoundRobinIndex: 9500
GRequest: 75, Selected container: go-server-image-9500
Container already running:  go-server-image-9500
Request: 73, Container: go-server-image-9500, HeapAlloc: 27135248, HeapIdle: 14016512, NextGC: 41943040, NumGC: 4 RN:73
In GCMITIGATION Sched policy
goRoundRobinIndex: 9500
GRequest: 76, Selected container: go-server-image-9500
Container already running:  go-server-image-9500
Request: 74, Container: go-server-image-9500, HeapAlloc: 27222344, HeapIdle: 13926400, NextGC: 41943040, NumGC: 4 RN:74
In GCMITIGATION Sched policy
goRoundRobinIndex: 9500
GRequest: 77, Selected container: go-server-image-9500
Container already running:  go-server-image-9500
Request: 75, Container: go-server-image-9500, HeapAlloc: 27309440, HeapIdle: 13844480, NextGC: 41943040, NumGC: 4 RN:75
In GCMITIGATION Sched policy
goRoundRobinIndex: 9500
GRequest: 78, Selected container: go-server-image-9500
Container already running:  go-server-image-9500
Request: 76, Container: go-server-image-9500, HeapAlloc: 27396536, HeapIdle: 13762560, NextGC: 41943040, NumGC: 4 RN:76
In GCMITIGATION Sched policy
goRoundRobinIndex: 9500
GRequest: 79, Selected container: go-server-image-9500
Container already running:  go-server-image-9500
Request: 77, Container: go-server-image-9500, HeapAlloc: 27483632, HeapIdle: 13664256, NextGC: 41943040, NumGC: 4 RN:77
In GCMITIGATION Sched policy
goRoundRobinIndex: 9500
GRequest: 80, Selected container: go-server-image-9500
Container already running:  go-server-image-9500
Request: 78, Container: go-server-image-9500, HeapAlloc: 27570728, HeapIdle: 13582336, NextGC: 41943040, NumGC: 4 RN:78
In GCMITIGATION Sched policy
goRoundRobinIndex: 9500
GRequest: 81, Selected container: go-server-image-9500
Container already running:  go-server-image-9500
Request: 79, Container: go-server-image-9500, HeapAlloc: 27657824, HeapIdle: 13500416, NextGC: 41943040, NumGC: 4 RN:79
In GCMITIGATION Sched policy
goRoundRobinIndex: 9500
GRequest: 82, Selected container: go-server-image-9500
Container already running:  go-server-image-9500
Request: 80, Container: go-server-image-9500, HeapAlloc: 27744904, HeapIdle: 13418496, NextGC: 41943040, NumGC: 4 RN:80
In GCMITIGATION Sched policy
goRoundRobinIndex: 9500
GRequest: 83, Selected container: go-server-image-9500
Container already running:  go-server-image-9500
Request: 81, Container: go-server-image-9500, HeapAlloc: 27832000, HeapIdle: 13336576, NextGC: 41943040, NumGC: 4 RN:81
In GCMITIGATION Sched policy
goRoundRobinIndex: 9500
GRequest: 84, Selected container: go-server-image-9500
Container already running:  go-server-image-9500
Request: 82, Container: go-server-image-9500, HeapAlloc: 27919096, HeapIdle: 13254656, NextGC: 41943040, NumGC: 4 RN:82
In GCMITIGATION Sched policy
goRoundRobinIndex: 9500
GRequest: 85, Selected container: go-server-image-9500
Container already running:  go-server-image-9500
Request: 83, Container: go-server-image-9500, HeapAlloc: 28006192, HeapIdle: 13164544, NextGC: 41943040, NumGC: 4 RN:83
In GCMITIGATION Sched policy
goRoundRobinIndex: 9500
GRequest: 86, Selected container: go-server-image-9500
Container already running:  go-server-image-9500
Request: 84, Container: go-server-image-9500, HeapAlloc: 28093288, HeapIdle: 13066240, NextGC: 41943040, NumGC: 4 RN:84
In GCMITIGATION Sched policy
goRoundRobinIndex: 9500
GRequest: 87, Selected container: go-server-image-9500
Container already running:  go-server-image-9500
Request: 85, Container: go-server-image-9500, HeapAlloc: 28180672, HeapIdle: 12984320, NextGC: 41943040, NumGC: 4 RN:85
In GCMITIGATION Sched policy
goRoundRobinIndex: 9500
GRequest: 88, Selected container: go-server-image-9500
Container already running:  go-server-image-9500
Request: 86, Container: go-server-image-9500, HeapAlloc: 28267768, HeapIdle: 12894208, NextGC: 41943040, NumGC: 4 RN:86
In GCMITIGATION Sched policy
goRoundRobinIndex: 9500
GRequest: 89, Selected container: go-server-image-9500
Container already running:  go-server-image-9500
Request: 87, Container: go-server-image-9500, HeapAlloc: 28354864, HeapIdle: 12812288, NextGC: 41943040, NumGC: 4 RN:87
In GCMITIGATION Sched policy
goRoundRobinIndex: 9500
GRequest: 90, Selected container: go-server-image-9500
Container already running:  go-server-image-9500
Request: 88, Container: go-server-image-9500, HeapAlloc: 28441960, HeapIdle: 12705792, NextGC: 41943040, NumGC: 4 RN:88
In GCMITIGATION Sched policy
goRoundRobinIndex: 9500
GRequest: 91, Selected container: go-server-image-9500
Container already running:  go-server-image-9500
Request: 89, Container: go-server-image-9500, HeapAlloc: 28529056, HeapIdle: 12623872, NextGC: 41943040, NumGC: 4 RN:89
In GCMITIGATION Sched policy
goRoundRobinIndex: 9500
GRequest: 92, Selected container: go-server-image-9500
Container already running:  go-server-image-9500
Request: 90, Container: go-server-image-9500, HeapAlloc: 28616152, HeapIdle: 12525568, NextGC: 41943040, NumGC: 4 RN:90
In GCMITIGATION Sched policy
goRoundRobinIndex: 9500
GRequest: 93, Selected container: go-server-image-9500
Container already running:  go-server-image-9500
Request: 91, Container: go-server-image-9500, HeapAlloc: 28703248, HeapIdle: 12435456, NextGC: 41943040, NumGC: 4 RN:91
In GCMITIGATION Sched policy
goRoundRobinIndex: 9500
GRequest: 94, Selected container: go-server-image-9500
Container already running:  go-server-image-9500
Request: 92, Container: go-server-image-9500, HeapAlloc: 28790344, HeapIdle: 12353536, NextGC: 41943040, NumGC: 4 RN:92
In GCMITIGATION Sched policy
goRoundRobinIndex: 9500
GRequest: 95, Selected container: go-server-image-9500
Container already running:  go-server-image-9500
Request: 93, Container: go-server-image-9500, HeapAlloc: 28877440, HeapIdle: 12271616, NextGC: 41943040, NumGC: 4 RN:93
In GCMITIGATION Sched policy
goRoundRobinIndex: 9500
GRequest: 96, Selected container: go-server-image-9500
Container already running:  go-server-image-9500
Request: 94, Container: go-server-image-9500, HeapAlloc: 28964536, HeapIdle: 12181504, NextGC: 41943040, NumGC: 4 RN:94
In GCMITIGATION Sched policy
goRoundRobinIndex: 9500
GRequest: 97, Selected container: go-server-image-9500
Container already running:  go-server-image-9500
Request: 95, Container: go-server-image-9500, HeapAlloc: 29051632, HeapIdle: 12091392, NextGC: 41943040, NumGC: 4 RN:95
In GCMITIGATION Sched policy
goRoundRobinIndex: 9500
GRequest: 98, Selected container: go-server-image-9500
Container already running:  go-server-image-9500
Request: 96, Container: go-server-image-9500, HeapAlloc: 29138728, HeapIdle: 12009472, NextGC: 41943040, NumGC: 4 RN:96
In GCMITIGATION Sched policy
goRoundRobinIndex: 9500
GRequest: 99, Selected container: go-server-image-9500
Container already running:  go-server-image-9500
Request: 97, Container: go-server-image-9500, HeapAlloc: 29225824, HeapIdle: 11927552, NextGC: 41943040, NumGC: 4 RN:97
In GCMITIGATION Sched policy
goRoundRobinIndex: 9500
GRequest: 100, Selected container: go-server-image-9500
Container already running:  go-server-image-9500
Request: 98, Container: go-server-image-9500, HeapAlloc: 29312920, HeapIdle: 11845632, NextGC: 41943040, NumGC: 4 RN:98
In GCMITIGATION Sched policy
goRoundRobinIndex: 9500
GRequest: 101, Selected container: go-server-image-9500
Container already running:  go-server-image-9500
Request: 99, Container: go-server-image-9500, HeapAlloc: 29400016, HeapIdle: 11763712, NextGC: 41943040, NumGC: 4 RN:99
