0, 15032672
1, 15748336
2, 16464008
3, 17179680
4, 17895352
5, 18611024
6, 19326688
7, 20042360
8, 20758032
9, 22193464
10, 22909128
11, 23624808
12, 24340472
13, 25056136
14, 25771808
15, 26487472
16, 27203144
17, 27918824
18, 28634496
19, 29350168
20, 30065848
21, 30781520
22, 31497192
23, 32212864
24, 32928528
25, 33644200
26, 34359864
27, 35075536
28, 35782656
29, 2613472
30, 3658072
31, 5035664
32, 5722416
33, 6409168
34, 7095920
35, 7782672
36, 8469424
37, 9156176
38, 9842928
39, 10529680
40, 11216424
41, 11903176
42, 12589928
43, 13971616
44, 14658368
45, 15345112
46, 16747544
47, 17434296
48, 18121040
49, 18807792
50, 19494536
51, 20181288
52, 20868032
53, 21554784
54, 22928296
55, 23615048
56, 24301800
57, 24988544
58, 25675296
59, 26362048
60, 27048792
61, 27735552
62, 28422312
63, 29109064
64, 29795816
65, 30482560
66, 31856056
67, 32542816
68, 33229568
69, 33916320
70, 34603072
71, 35289816
72, 35976576
73, 36663328
74, 37350072
75, 2975792
76, 3664880
77, 4353968
78, 5043056
79, 5732152
80, 6421248
81, 7110336
82, 7799432
83, 8488520
84, 9866704
85, 10555792
86, 11244880
87, 12166608
88, 12855704
89, 13544792
90, 14233896
91, 14922992
92, 15612080
93, 16301176
94, 16990264
95, 17679360
96, 19057544
97, 19746632
98, 20435728
99, 21124824
100, 21813928
101, 22503016
102, 23192112
103, 23881208
104, 24570304
105, 25259392
106, 25948488
107, 26637592
108, 27326688
109, 28708976
110, 29398064
111, 30087152
112, 30776248
113, 31465344
114, 32154448
115, 32843536
116, 33532632
117, 34221728
118, 34910816
119, 35599904
120, 36288992
121, 37667184
122, 38069336
123, 2789064
124, 3485592
125, 4182112
126, 4878632
127, 5575160
128, 6271680
129, 7664736
130, 8361264
131, 9057792
132, 9754312
133, 10450832
134, 11147360
135, 11843888
136, 12540408
137, 13236936
138, 13933456
139, 14629976
140, 15326504
141, 16023032
142, 16719560
143, 18112600
144, 18809128
145, 19505656
146, 20202184
147, 20898712
148, 21595240
149, 22291768
150, 22988296
151, 23684824
152, 24381360
153, 25077880
154, 25774400
155, 26470936
156, 27167464
157, 27863992
158, 29259088
159, 29955624
160, 30652152
161, 31348680
162, 32045200
163, 32741720
164, 33438240
165, 34134760
166, 34831288
167, 35527816
168, 36224336
169, 36920864
170, 37617384
171, 2799752
172, 3653984
173, 4357000
174, 5060016
175, 5763032
176, 6466048
177, 7169064
178, 8575096
179, 9278104
180, 9981120
181, 10684136
182, 11387152
183, 12090160
184, 12793176
185, 13496192
186, 14199200
187, 14902216
188, 15605224
189, 16308232
190, 17011240
191, 17714256
192, 18417264
193, 19120288
194, 19823304
195, 21229320
196, 21932336
197, 22635344
198, 23338360
199, 24041368
200, 25460056
201, 26163072
202, 26866088
203, 27569112
204, 28272128
205, 28975152
206, 29678168
207, 30381176
208, 31084192
209, 31787200
210, 32490216
211, 33193232
212, 34603352
213, 35306368
214, 36009376
215, 36712392
216, 37415408
217, 37879376
218, 2708368
219, 3409528
220, 4110688
221, 4811840
222, 5513008
223, 6923512
224, 7624664
225, 8325824
226, 9026992
227, 9728152
228, 10429304
229, 11130456
230, 11831608
231, 12532760
232, 13233920
233, 13935080
234, 14636240
235, 15435704
236, 16136856
237, 16838016
238, 17539168
239, 18941488
240, 19642640
241, 20343792
242, 21044952
243, 21746112
244, 22447264
245, 23148432
246, 23849592
247, 24550752
248, 25251912
249, 25953064
250, 26654216
251, 27355368
252, 28056520
253, 28757680
254, 29458840
255, 30865240
256, 31566400
257, 32267552
258, 32968704
259, 33669856
260, 34371016
261, 35072176
262, 35773328
263, 36832336
264, 37533488
265, 2986224
266, 3689024
267, 4391824
268, 5094624
269, 5797424
270, 6500224
271, 7203024
272, 7969720
273, 8672512
274, 9375304
275, 10078104
276, 10780904
277, 12186512
278, 12889320
279, 13592120
280, 14294912
281, 14997712
282, 15700504
283, 16403296
284, 17106104
285, 17808896
286, 18511688
287, 19214480
288, 19917272
289, 20620080
290, 21322880
291, 22025672
292, 22728464
293, 23431264
294, 24837144
295, 25539936
296, 26242736
297, 26945528
298, 27648320
299, 28351120
300, 29053920
301, 29756712
302, 30459512
303, 31162312
304, 31865112
305, 32567912
306, 33270704
307, 33973504
308, 34676304
309, 35379104
310, 36784696
311, 37487496
312, 38066064
313, 2936496
314, 3643144
315, 4349792
316, 5056440
317, 5763088
318, 6469736
319, 7176384
320, 7883024
321, 8589664
322, 9296304
323, 10002952
324, 10709608
325, 12124936
326, 12831584
327, 13538232
328, 14244872
329, 14993056
330, 15699696
331, 16406336
332, 17112976
333, 17819624
334, 18526272
335, 19232920
336, 19939560
337, 20646208
338, 21352856
339, 22059496
340, 22766136
341, 23472776
342, 24179416
343, 25594744
344, 26301392
345, 27008040
346, 27714680
347, 28421328
348, 29127976
349, 29834624
350, 30541272
351, 31247912
352, 31954560
353, 32661208
354, 33367848
355, 34074504
356, 34781152
357, 35487792
358, 36194440
359, 36901080
360, 37607720
361, 2897896
362, 3607184
363, 4316480
364, 5025768
365, 5735048
366, 6444344
367, 7153624
368, 7862912
369, 8572200
370, 9281488
371, 10017800
372, 11436480
373, 12145768
374, 12855056
375, 13564336
376, 14273624
377, 14982912
378, 15692200
379, 16401488
380, 17110768
381, 17820056
382, 18529344
383, 19238624
384, 19947912
385, 20657200
386, 21366480
387, 22075760
388, 22785048
389, 23494336
390, 24203624
391, 24912920
392, 26339688
393, 27048976
394, 27758264
395, 28467552
396, 29176840
397, 29886128
398, 30595408
399, 31304696
400, 32013976
401, 32723256
402, 33432544
403, 34141832
404, 34851120
405, 35560408
406, 36269696
407, 36978976
408, 37688256
409, 2857592
410, 3568688
411, 4279784
412, 4990880
413, 5701968
414, 6413056
415, 7124144
416, 7835240
417, 8546336
418, 9257424
419, 9968512
420, 11398888
421, 12109984
422, 12821080
423, 13532168
424, 14243264
425, 14954360
426, 15665456
427, 16376544
428, 17087632
429, 17798720
430, 18509808
431, 19220904
432, 19931992
433, 20643080
434, 21354176
435, 22065264
436, 22776360
437, 23487456
438, 24198544
439, 24909632
440, 25620720
441, 27044944
442, 27756032
443, 28467120
444, 29178208
445, 29889304
446, 30600392
447, 31311488
448, 32022576
449, 32733664
450, 33444760
451, 34155848
452, 34866936
453, 35578024
454, 36289120
455, 37000224
456, 37711312
457, 2867328
458, 3597400
459, 4309864
460, 5022336
461, 5734808
462, 6447280
463, 7159752
464, 7872216
465, 8584696
466, 9297160
467, 10009624
468, 11438656
469, 12151120
470, 12863592
471, 13576056
472, 14288528
473, 15001000
474, 15713464
475, 16425928
476, 17138392
477, 17850872
478, 18563352
479, 19275824
480, 19988296
481, 20700768
482, 21413240
483, 22125712
484, 23070792
485, 23783264
486, 24495728
487, 25208200
488, 25920672
489, 26633144
490, 28058096
491, 28770568
492, 29483040
493, 30195512
494, 30907976
495, 31620456
496, 32332936
497, 33045408
498, 33757880
499, 34470352
500, 35182816
501, 35895288
502, 36607760
503, 37320224
504, 37937496
505, 2643504
506, 3355120
507, 4066744
508, 4778360
509, 6209776
510, 6921392
511, 7633008
512, 8344624
513, 9056240
514, 9767848
515, 10479456
516, 11191064
517, 11902680
518, 12614296
519, 13325912
520, 14037528
521, 14749144
522, 15460760
523, 16172376
524, 16883992
525, 17595608
526, 18307224
527, 19018840
528, 19730448
529, 20442064
530, 21873480
531, 22585096
532, 23296712
533, 24008328
534, 24719944
535, 25431560
536, 26143168
537, 26854776
538, 27566384
539, 28277992
540, 28989608
541, 29712656
542, 30424264
543, 31135880
544, 31847496
545, 32559112
546, 33270728
547, 33982336
548, 34693952
549, 35405560
550, 36828800
551, 37540408
552, 37714528
553, 2621144
554, 3333792
555, 4046432
556, 5471728
557, 6184376
558, 6897016
559, 7609656
560, 8322296
561, 9034936
562, 9747576
563, 10460224
564, 11172872
565, 11885512
566, 12598160
567, 13310808
568, 14023464
569, 14736112
570, 15448752
571, 16161400
572, 16874040
573, 17586680
574, 18299320
575, 19011976
576, 19724616
577, 20437256
578, 21870728
579, 22583368
580, 23296016
581, 24008664
582, 24721312
583, 25433960
584, 26146600
585, 26859248
586, 27571896
587, 28284544
588, 28997192
589, 29709840
590, 30422488
591, 31135136
592, 31847792
593, 32560440
594, 33273088
595, 33985736
596, 34698384
597, 35411040
598, 36123688
599, 36836328
600, 37691136
601, 2621360
602, 3334800
603, 4048224
604, 5483272
605, 6196696
606, 6910128
607, 7623560
608, 8336992
609, 9050424
610, 9763856
611, 10477288
612, 11190712
613, 11904136
614, 12617568
615, 13331000
616, 14044432
617, 14757864
618, 15471288
619, 16184712
620, 16898144
621, 17611576
622, 18325008
623, 19038440
624, 19751872
625, 20465296
626, 21892160
627, 22605592
628, 23326456
629, 24039888
630, 24753320
631, 25466752
632, 26180184
633, 26893616
634, 27607056
635, 28320496
636, 29033928
637, 29747352
638, 30460776
639, 31174208
640, 31887640
641, 32601064
642, 33314488
643, 34027920
644, 34741360
645, 35454792
646, 36168232
647, 36881664
648, 37690568
649, 2591776
650, 3305672
651, 4741664
652, 5455560
653, 6169464
654, 6883368
655, 7597272
656, 8311168
657, 9025072
658, 9738976
659, 10452872
660, 11166776
661, 11880680
662, 12594576
663, 13308472
664, 14022376
665, 14736272
666, 15450168
667, 16164064
668, 16877968
669, 17591872
670, 18305768
671, 19019680
672, 19733584
673, 21165488
674, 21879392
675, 22593296
676, 23307200
677, 24021096
678, 24734992
679, 25448888
680, 26162792
681, 26876696
682, 27590592
683, 28304496
684, 29018400
685, 29732304
686, 30446208
687, 31160112
688, 31874016
689, 32587920
690, 33301824
691, 34015720
692, 34729624
693, 35443520
694, 36157416
695, 36871312
696, 37660504
697, 2585560
698, 4014144
699, 4728424
700, 5442720
701, 6157008
702, 6871304
703, 7585584
704, 8299864
705, 9014152
706, 9728440
707, 10442736
708, 11308224
709, 12022512
710, 12736792
711, 13451080
712, 14165368
713, 14879656
714, 15593944
715, 16308240
716, 17022528
717, 17736816
718, 18451096
719, 19165384
720, 19879672
721, 20593952
722, 22030704
723, 22744984
724, 23459272
725, 24173560
726, 24887848
727, 25602128
728, 26316408
729, 27030696
730, 27744976
731, 28459272
732, 29173560
733, 29887848
734, 30602128
735, 31316416
736, 32030712
737, 32745000
738, 33459288
739, 34173576
740, 34887864
741, 35602152
742, 36316432
743, 37030712
744, 3122936
745, 3836400
746, 4549872
747, 5263352
748, 5976816
749, 6690288
750, 7403768
751, 8117240
752, 8830712
753, 9544192
754, 10257656
755, 10971120
756, 11689424
757, 12402888
758, 13116352
759, 13829816
760, 14543280
761, 15256752
762, 15970216
763, 16683688
764, 17397152
765, 18824096
766, 19537568
767, 20251040
768, 20964504
769, 21677976
770, 22391448
771, 23104912
772, 23818376
773, 24531856
774, 25245328
775, 25958792
776, 26672256
777, 27385736
778, 28099208
779, 28812688
780, 29526152
781, 30239624
782, 30953096
783, 31666568
784, 32380032
785, 33093496
786, 33806960
787, 35233896
788, 35947368
789, 36660840
790, 37374304
791, 38087768
792, 3124464
793, 3838456
794, 4552456
795, 5266448
796, 5980448
797, 6694448
798, 7408440
799, 8122448
800, 8836440
801, 9550440
802, 10264432
803, 10978440
804, 11692440
805, 12406440
806, 13120440
807, 13834432
808, 14548432
809, 15262432
810, 15976432
811, 16690424
812, 17404424
813, 18840608
814, 19554608
815, 20268608
816, 20982608
817, 21696608
818, 22410608
819, 23124608
820, 23838608
821, 24552608
822, 25266608
823, 25980608
824, 26694616
825, 27408616
826, 28122616
827, 28836608
828, 29550608
829, 30264608
830, 30978616
831, 31692608
832, 32406608
833, 33120600
834, 33834592
835, 35262696
836, 35976688
837, 36690688
838, 37404680
839, 38118688
840, 3109624
841, 3823952
842, 4538280
843, 5252608
844, 5966936
845, 6681264
846, 7395600
847, 8109936
848, 8824272
849, 9538608
850, 10252936
851, 10967272
852, 11681600
853, 12395936
854, 13110272
855, 13824600
856, 14538928
857, 15253264
858, 15967600
859, 16681928
860, 18110616
861, 18824952
862, 19539288
863, 20253616
864, 20967952
865, 21682288
866, 22396624
867, 23110960
868, 23825288
869, 24539624
870, 25253960
871, 25968288
872, 26682624
873, 27396960
874, 28111288
875, 28825624
876, 29539952
877, 30254280
878, 30968608
879, 31682944
880, 32397288
881, 33111624
882, 33825960
883, 35254624
884, 35972104
885, 36686432
886, 37400768
887, 38115096
888, 3099784
889, 3814360
890, 4528928
891, 5243496
892, 5958072
893, 6672648
894, 7387216
895, 8101792
896, 8816360
897, 9530928
898, 10245496
899, 10960064
900, 11674632
901, 12389200
902, 13103776
903, 13818344
904, 14532920
905, 15247496
906, 15962080
907, 16676656
908, 17391224
909, 18820376
910, 19534952
911, 20249528
912, 20964104
913, 21678680
914, 22393248
915, 23107824
916, 23822408
917, 24536976
918, 25251552
919, 25966120
920, 26680696
921, 27395272
922, 28109848
923, 28824416
924, 29538984
925, 30253560
926, 30968136
927, 31682704
928, 32397280
929, 33111856
930, 33826424
931, 34540992
932, 36076616
933, 36791192
934, 37505768
935, 38167848
936, 3015536
937, 3729592
938, 4443648
939, 5157704
940, 5871776
941, 6585840
942, 7299896
943, 8013952
944, 8728016
945, 9442072
946, 10156136
947, 10870192
948, 11584248
949, 12298312
950, 13012384
951, 13726448
952, 14440504
953, 15868624
954, 16582680
955, 17296744
956, 18010808
957, 18724872
958, 19438936
959, 20153000
960, 20867056
961, 21581128
962, 22295192
963, 23009256
964, 23723312
965, 24437368
966, 25151432
967, 25865488
968, 26579552
969, 27293608
970, 28007672
971, 28721736
972, 29435792
973, 30149856
974, 30863912
975, 31577976
976, 33008136
977, 33722192
978, 34436248
979, 35150304
980, 35864368
981, 36578432
982, 37292488
983, 38006552
984, 3033488
985, 3747888
986, 4462304
987, 5176704
988, 5891112
989, 6605512
990, 7319912
991, 8034312
992, 8748712
993, 9463120
994, 10177528
995, 10891928
996, 11606336
997, 12320736
998, 13035144
999, 13749552
