0, 3786368
1, 3801936
2, 3816880
3, 3832240
4, 3847616
5, 3862512
6, 3878000
7, 3893456
8, 3908896
9, 3923792
10, 3938960
11, 3954272
12, 3969392
13, 3984096
14, 3999536
15, 4015264
16, 4030304
17, 4045808
18, 4061200
19, 4076400
20, 4092336
21, 4108144
22, 4123424
23, 4139056
24, 4154272
25, 4169600
26, 4183488
27, 4198432
28, 4213600
29, 4228320
30, 4243216
31, 4258864
32, 4272944
33, 4288400
34, 4303152
35, 4318864
36, 4334160
37, 4349616
38, 4365680
39, 4380960
40, 4396448
41, 4411616
42, 4426928
43, 4442128
44, 4457200
45, 4472096
46, 4487184
47, 4502832
48, 4518272
49, 4534064
50, 4549200
51, 4564160
52, 4579344
53, 4595072
54, 4610432
55, 4626368
56, 4641536
57, 4657280
58, 4672384
59, 4687808
60, 4703216
61, 4718304
62, 4732880
63, 4748144
64, 4763184
65, 4777936
66, 4792960
67, 4808096
68, 4823456
69, 4838848
70, 4854304
71, 4869648
72, 4885008
73, 4900048
74, 4915360
75, 4930464
76, 4945408
77, 4960784
78, 4976096
79, 4991152
80, 5006192
81, 5021280
82, 5036768
83, 5051488
84, 5067056
85, 5082464
86, 5097680
87, 5112704
88, 5127104
89, 5142624
90, 5157600
91, 5173328
92, 5188896
93, 5204640
94, 5219872
95, 5234800
96, 5250144
97, 5265872
98, 5280864
99, 5296384
100, 5311904
101, 5327296
102, 5342592
103, 5357760
104, 5372672
105, 5387744
106, 5402752
107, 5417856
108, 5432720
109, 5448528
110, 5463632
111, 5478736
112, 5493776
113, 5508896
114, 5524176
115, 5539808
116, 5555008
117, 5570496
118, 5585888
119, 5601632
120, 5616768
121, 5632416
122, 5647424
123, 5662880
124, 5678272
125, 5693808
126, 5708880
127, 5723856
128, 5739376
129, 5755056
130, 5770512
131, 5786288
132, 5801456
133, 5816688
134, 5831920
135, 5847088
136, 5861952
137, 5877392
138, 5892784
139, 5908320
140, 5923632
141, 5939280
142, 5954656
143, 5970080
144, 5985072
145, 6000000
146, 6015760
147, 6031392
148, 6046688
149, 6062464
150, 6077296
151, 6092720
152, 6107888
153, 6123296
154, 6138304
155, 6153600
156, 6168784
157, 6184112
158, 6199072
159, 6214336
160, 6229888
161, 6245440
162, 6260832
163, 6276208
164, 6291040
165, 6306048
166, 6320880
167, 6336176
168, 6351440
169, 6366928
170, 6382880
171, 6398496
172, 6413264
173, 6428624
174, 6443456
175, 6458432
176, 6473664
177, 6489184
178, 6503872
179, 6518976
180, 6534160
181, 6549200
182, 6564704
183, 6579696
184, 6595136
185, 6610528
186, 6625792
187, 6641056
188, 6656432
189, 6671600
190, 6686656
191, 6701664
192, 6716656
193, 6731440
194, 6746704
195, 6762064
196, 6777280
197, 6792624
198, 6807904
199, 6823232
200, 6838752
201, 6853632
202, 6869376
203, 6884880
204, 6899888
205, 6915456
206, 6929392
207, 6944512
208, 6959824
209, 6973904
210, 6989024
211, 7004000
212, 7019568
213, 7034896
214, 7050272
215, 7065824
216, 7081264
217, 7095920
218, 7111296
219, 7126256
220, 7141280
221, 7156672
222, 7170656
223, 7186256
224, 7201920
225, 7215904
226, 7231072
227, 7246512
228, 7261632
229, 7276688
230, 7292048
231, 7307552
232, 7322544
233, 7337504
234, 7352288
235, 7367488
236, 7383072
237, 7398880
238, 7414512
239, 7429360
240, 7444560
241, 7459616
242, 7474608
243, 7489840
244, 7505120
245, 7520192
246, 7534656
247, 7550112
248, 7566048
249, 7581696
250, 7596992
251, 7612096
252, 7627232
253, 7642896
254, 7658272
255, 7673936
256, 7689600
257, 7705280
258, 7721008
259, 7735648
260, 7750240
261, 7765472
262, 7780656
263, 7794784
264, 7810272
265, 7825568
266, 7841696
267, 7856832
268, 7871888
269, 7885920
270, 7901536
271, 7917056
272, 7931904
273, 7946960
274, 7961712
275, 7977072
276, 7992576
277, 8008048
278, 8022576
279, 8038064
280, 8053392
281, 8068896
282, 8083440
283, 8098224
284, 8113808
285, 8128928
286, 8144624
287, 8159776
288, 8175488
289, 8191024
290, 8206624
291, 8222208
292, 8237296
293, 8252128
294, 8267232
295, 8282304
296, 8297920
297, 8313536
298, 8328736
299, 8342912
300, 8357680
301, 8373392
302, 8388800
303, 8403632
304, 8418880
305, 8433904
306, 8449536
307, 8464640
308, 8479872
309, 8495120
310, 8510016
311, 8525568
312, 8540400
313, 8555776
314, 8570704
315, 8585776
316, 8600928
317, 8616144
318, 8631408
319, 8647120
320, 8662496
321, 8677600
322, 8692912
323, 8708144
324, 8723248
325, 8738992
326, 8754448
327, 8769376
328, 8784816
329, 8800304
330, 8815552
331, 8831328
332, 8846752
333, 8862448
334, 8877616
335, 8892672
336, 8907536
337, 8922832
338, 8937760
339, 8953296
340, 8968240
341, 8983456
342, 8998688
343, 9013728
344, 9028768
345, 9043584
346, 9058960
347, 9074256
348, 9089472
349, 9105104
350, 9120672
351, 9135088
352, 9151248
353, 9166608
354, 9181808
355, 9197888
356, 9213360
357, 9228368
358, 9243648
359, 9259344
360, 9274208
361, 9289488
362, 9304928
363, 9319648
364, 9334976
365, 9350432
366, 9365696
367, 9381328
368, 9396800
369, 9412432
370, 9427920
371, 9443456
372, 9458480
373, 9473568
374, 9488032
375, 9503712
376, 9518608
377, 9534640
378, 9550352
379, 9565728
380, 9581200
381, 9596224
382, 9610256
383, 9625104
384, 9640816
385, 9656192
386, 9671664
387, 9686880
388, 9702512
389, 9717904
390, 9732960
391, 9747920
392, 9763168
393, 9777824
394, 9793200
395, 9808480
396, 9823616
397, 9838512
398, 9853568
399, 9869440
400, 9884576
401, 9899936
402, 9915072
403, 9930432
404, 9945168
405, 9960864
406, 9976368
407, 9991520
408, 10006368
409, 10021856
410, 10037424
411, 10052512
412, 10067984
413, 10083504
414, 10099088
415, 10114176
416, 10129440
417, 10144608
418, 10160080
419, 10175952
420, 10191328
421, 10206912
422, 10221968
423, 10237584
424, 10252768
425, 10268256
426, 10283904
427, 10299296
428, 10314720
429, 10328816
430, 10344480
431, 10360320
432, 10375600
433, 10390880
434, 10406336
435, 10422240
436, 10437312
437, 10452624
438, 10468048
439, 10482768
440, 10498208
441, 10513344
442, 10528208
443, 10543328
444, 10558384
445, 10572480
446, 10587920
447, 10602864
448, 10618096
449, 10633376
450, 10648880
451, 10664384
452, 10679968
453, 10695392
454, 10710896
455, 10726208
456, 10741360
457, 10756496
458, 10771808
459, 10787248
460, 10802976
461, 10818384
462, 10833440
463, 10848592
464, 10863952
465, 10879104
466, 10894576
467, 10908960
468, 10923616
469, 10939216
470, 10954400
471, 10969184
472, 10984048
473, 10999616
474, 11014832
475, 11030080
476, 11045744
477, 11061040
478, 11076480
479, 11092048
480, 11107088
481, 11122288
482, 11136800
483, 11151504
484, 11166704
485, 11181728
486, 11196368
487, 11210592
488, 11225616
489, 11239920
490, 11255856
491, 11270528
492, 11285984
493, 11301232
494, 11316480
495, 11331584
496, 11347216
497, 11362656
498, 11378704
499, 11394432
500, 11409312
501, 11424960
502, 11440320
503, 11454992
504, 11470656
505, 11485424
506, 11501312
507, 11516336
508, 11532144
509, 11547424
510, 11562960
511, 11578272
512, 11593408
513, 11608784
514, 11624320
515, 11639808
516, 11655168
517, 11670576
518, 11684992
519, 11700480
520, 11715504
521, 11730656
522, 11746576
523, 11761728
524, 11777152
525, 11792224
526, 11807376
527, 11822688
528, 11838080
529, 11853664
530, 11868720
531, 11884144
532, 11899472
533, 11914720
534, 11930176
535, 11945568
536, 11960192
537, 11975344
538, 11990512
539, 12006096
540, 12021456
541, 12036528
542, 12051376
543, 12066784
544, 12082192
545, 12097456
546, 12112576
547, 12127552
548, 12142864
549, 12158144
550, 12173216
551, 12188496
552, 12203600
553, 12218656
554, 12234096
555, 12250064
556, 12265664
557, 12280640
558, 12294656
559, 12309984
560, 12325472
561, 12340880
562, 12355776
563, 12371136
564, 12386704
565, 12401456
566, 12417040
567, 12432224
568, 12447728
569, 12463152
570, 12478432
571, 12493648
572, 12508368
573, 12523360
574, 12538912
575, 12554528
576, 12569952
577, 12585520
578, 12600544
579, 12615952
580, 12631216
581, 12646544
582, 12661664
583, 12677104
584, 12691856
585, 12707232
586, 12722528
587, 12737536
588, 12753024
589, 12768416
590, 12783808
591, 12799440
592, 12814192
593, 12829040
594, 12844384
595, 12859696
596, 12875168
597, 12890112
598, 12905152
599, 12920352
600, 12934592
601, 12950304
602, 12966000
603, 12981280
604, 12996320
605, 13011552
606, 13026672
607, 13041808
608, 13057152
609, 13071440
610, 13087120
611, 13101248
612, 13115664
613, 13131136
614, 13145856
615, 13161520
616, 13176480
617, 13192512
618, 13208128
619, 13223440
620, 13238352
621, 13253664
622, 13269104
623, 13284736
624, 13299408
625, 13314848
626, 13329808
627, 13344544
628, 13360016
629, 13375216
630, 13389808
631, 13404176
632, 13419280
633, 13435408
634, 13450480
635, 13465056
636, 13480768
637, 13495968
638, 13511824
639, 13526992
640, 13542256
641, 13557552
642, 13572608
643, 13587920
644, 13603440
645, 13618352
646, 13633264
647, 13648336
648, 13664048
649, 13679616
650, 13694832
651, 13710464
652, 13726176
653, 13741664
654, 13756848
655, 13772384
656, 13787600
657, 13802832
658, 13816784
659, 13832096
660, 13847072
661, 13862176
662, 13877712
663, 13893344
664, 13908880
665, 13924080
666, 13939392
667, 13954576
668, 13969888
669, 13985488
670, 14000608
671, 14015632
672, 14031520
673, 14046768
674, 14061648
675, 14076912
676, 14092416
677, 14108544
678, 14124000
679, 14138736
680, 14153248
681, 14168784
682, 14184144
683, 14198544
684, 14213808
685, 14229056
686, 14244432
687, 14259888
688, 14274416
689, 14289824
690, 14305200
691, 14320784
692, 14336640
693, 14352048
694, 14367728
695, 14383200
696, 14398528
697, 14413600
698, 14428960
699, 14444160
700, 14459280
701, 14474768
702, 14489824
703, 14504720
704, 14519584
705, 14535376
706, 14550560
707, 14566064
708, 14581568
709, 14597232
710, 14612992
711, 14628528
712, 14643648
713, 14659392
714, 14674592
715, 14689520
716, 14704544
717, 14719568
718, 14735040
719, 14750432
720, 14765392
721, 14780352
722, 14794400
723, 14809920
724, 14825424
725, 14840576
726, 14856064
727, 14871232
728, 14886288
729, 14902080
730, 14917184
731, 14932768
732, 14947616
733, 14962784
734, 14978064
735, 14993616
736, 15008848
737, 15023760
738, 15039152
739, 15054720
740, 15069664
741, 15084912
742, 15100464
743, 15114512
744, 15129520
745, 15144976
746, 15160784
747, 15175904
748, 15191152
749, 15206320
750, 15221680
751, 15237216
752, 15251744
753, 15266944
754, 15281760
755, 15296720
756, 15311568
757, 15326736
758, 15341920
759, 15356640
760, 15371664
761, 15386640
762, 15402496
763, 15417728
764, 15433264
765, 15448144
766, 15463600
767, 15479392
768, 15494784
769, 15509888
770, 15524896
771, 15540128
772, 15555424
773, 15571392
774, 15586336
775, 15601648
776, 15616624
777, 15632160
778, 15647808
779, 15662944
780, 15678256
781, 15694656
782, 15709536
783, 15725040
784, 15740288
785, 15755280
786, 15770288
787, 15786192
788, 15801648
789, 15817136
790, 15831920
791, 15846208
792, 15861360
793, 15876480
794, 15891472
795, 15906816
796, 15922480
797, 15937696
798, 15953072
799, 15967760
800, 15983040
801, 15998240
802, 16012480
803, 16027552
804, 16042832
805, 16058256
806, 16073344
807, 16088800
808, 16104288
809, 16119712
810, 16135376
811, 16150496
812, 16165344
813, 16180944
814, 16196624
815, 16212048
816, 16227152
817, 16242272
818, 16257392
819, 16272336
820, 16286480
821, 16302064
822, 16317088
823, 16332816
824, 16348048
825, 16363040
826, 16378480
827, 16394128
828, 16410144
829, 16425744
830, 16440768
831, 16456112
832, 16471872
833, 16485904
834, 16501360
835, 16515920
836, 16531120
837, 16546656
838, 16562576
839, 16577952
840, 16593280
841, 16609200
842, 16624560
843, 16638656
844, 16653584
845, 16668720
846, 16684192
847, 16699664
848, 16715648
849, 16730640
850, 16746048
851, 16761456
852, 16776576
853, 16791712
854, 16806336
855, 16821392
856, 16836944
857, 16852160
858, 16867584
859, 16882768
860, 16898480
861, 16913632
862, 16928992
863, 16944032
864, 16959392
865, 16975024
866, 16990400
867, 17005696
868, 17021232
869, 17037168
870, 17052208
871, 17067664
872, 17082928
873, 17098208
874, 17113536
875, 17128880
876, 17144720
877, 17159680
878, 17175216
879, 17190304
880, 17205488
881, 17221280
882, 17236112
883, 17251632
884, 17266928
885, 17282064
886, 17296720
887, 17311920
888, 17327456
889, 17342608
890, 17357888
891, 17373040
892, 17388480
893, 17403792
894, 17418896
895, 17433760
896, 17449216
897, 17463456
898, 17479200
899, 17494128
900, 17509024
901, 17524016
902, 17539600
903, 17554928
904, 17570320
905, 17585600
906, 17600800
907, 17615664
908, 17630880
909, 17646720
910, 17661200
911, 17676256
912, 17691616
913, 17706752
914, 17722400
915, 17738368
916, 17753936
917, 17769472
918, 17784960
919, 17799808
920, 17814864
921, 17830224
922, 17845104
923, 17860576
924, 17876096
925, 17891632
926, 17907264
927, 17922416
928, 17937792
929, 17953232
930, 17968912
931, 17984240
932, 17999312
933, 18014480
934, 18029600
935, 18043648
936, 18058688
937, 18073824
938, 18089024
939, 18104224
940, 18119600
941, 18134880
942, 18150176
943, 18165568
944, 18181152
945, 18196416
946, 18211984
947, 18227136
948, 18243040
949, 18258240
950, 18273264
951, 18288016
952, 18303296
953, 18318848
954, 18334320
955, 18349568
956, 18365248
957, 18379584
958, 18394944
959, 18410416
960, 18426144
961, 18441264
962, 18455312
963, 18470240
964, 18484720
965, 18500480
966, 18516048
967, 18531504
968, 18546448
969, 18561680
970, 18577120
971, 18592560
972, 18607376
973, 18622944
974, 18638320
975, 18653968
976, 18668624
977, 18683712
978, 18698992
979, 18714672
980, 18730112
981, 18745632
982, 18760992
983, 18776128
984, 18791456
985, 18806112
986, 18821232
987, 18835472
988, 18850864
989, 18866064
990, 18881280
991, 18896048
992, 18911792
993, 18926880
994, 18942240
995, 18957584
996, 18973008
997, 18989072
998, 19004384
999, 19019936
