Server:  15.656300758192174  Client:  546.8949472653333  Cycle Count:  13
100
Server:  5.731276573676807  Client:  369.70381424988085  Cycle Count:  15
100
Server:  13.113344016562973  Client:  522.202398531131  Cycle Count:  13
100
Server:  22.790668126777444  Client:  2072.168388407411  Cycle Count:  7
1000
Server:  56.127852247227565  Client:  2113.501693516181  Cycle Count:  7
1000
Server:  45.21772567136472  Client:  2030.7460211095151  Cycle Count:  6
1000
Server:  44.90703361467208  Client:  756.2559687444985  Cycle Count:  44
10000
Server:  27.15510058145293  Client:  383.34447260752177  Cycle Count:  40
10000
Server:  21.269415989625582  Client:  195.15819040901007  Cycle Count:  47
10000
Server:  86.50158885136291  Client:  373.7457882346668  Cycle Count:  216
50000
Server:  73.88497547957427  Client:  427.4680460784094  Cycle Count:  209
50000
Server:  76.54982396815076  Client:  560.4355863180812  Cycle Count:  214
50000
Server:  84.5294227203328  Client:  2594.9634577550855  Cycle Count:  1000
100000
Server:  102.14422245679405  Client:  2316.079925175228  Cycle Count:  704
100000
Server:  110.10437702880364  Client:  2133.755783585535  Cycle Count:  686
100000
Server:  143.43943817325177  Client:  371.47397803926873  Cycle Count:  1015
1000000
Server:  142.59836317069417  Client:  270.52160650585455  Cycle Count:  1015
1000000
Server:  141.23432099840556  Client:  343.8869838418746  Cycle Count:  1012
1000000

