Server:  2710.132366277451  Client:  9317.19522298871  Cycle Count:  23
Server:  2802.882651519556  Client:  10128.837327571013  Cycle Count:  23
Server:  3814.400246566331  Client:  10400.833973288716  Cycle Count:  23
Server:  3669.7984289687784  Client:  9418.151261091725  Cycle Count:  23
Server:  3267.4953517547124  Client:  8928.531516894893  Cycle Count:  23
Server:  2865.842412687435  Client:  9383.705087347173  Cycle Count:  23
Server:  3226.452988912643  Client:  8606.201072556256  Cycle Count:  23
Server:  2679.88729136276  Client:  8808.566369490249  Cycle Count:  23
Server:  3044.2856254563308  Client:  8156.7468077471085  Cycle Count:  23
Server:  3265.477498753652  Client:  8861.123793772576  Cycle Count:  23

Server:  15108.47622793114  Client:  42405.62912972168  Cycle Count:  112
Server:  13054.856895036097  Client:  43056.959093283294  Cycle Count:  112
Server:  11927.826846652328  Client:  40355.51066526578  Cycle Count:  113
Server:  12021.258921306478  Client:  39770.080913142716  Cycle Count:  112
Server:  10851.666831779079  Client:  39286.25220544116  Cycle Count:  112
Server:  12072.275366582759  Client:  40678.23459214777  Cycle Count:  112
Server:  11614.250840400651  Client:  38676.31853728919  Cycle Count:  112
Server:  11033.345360216037  Client:  38999.16741287966  Cycle Count:  112
Server:  12046.171566106363  Client:  41538.95466988512  Cycle Count:  112
Server:  11020.625731558372  Client:  38449.036695666655  Cycle Count:  112

Server:  11104.961373859005  Client:  40807.32913098232  Cycle Count:  111
Server:  11768.554744245883  Client:  38718.95598482559  Cycle Count:  111
Server:  12659.14718404976  Client:  39173.529744990476  Cycle Count:  111
Server:  11118.849453420846  Client:  37677.7291730143  Cycle Count:  111
Server:  12078.888296906958  Client:  43781.38665082695  Cycle Count:  111
Server:  13701.933643415136  Client:  42653.40178684084  Cycle Count:  111
Server:  15187.029125022267  Client:  44336.05547855454  Cycle Count:  111
Server:  11901.222866724089  Client:  44218.89998273008  Cycle Count:  111
Server:  11285.376793825164  Client:  40837.77468837996  Cycle Count:  111
Server:  11949.815342267791  Client:  40829.00676965615  Cycle Count:  111

Server:  13082.653817080956  Client:  41587.39846855658  Cycle Count:  112
Server:  12653.755227799797  Client:  40240.22137079568  Cycle Count:  112
Server:  11960.865598411712  Client:  40795.56131237906  Cycle Count:  112
Server:  10961.596640066078  Client:  38549.61199273418  Cycle Count:  112
Server:  12485.637069496583  Client:  52843.136340651814  Cycle Count:  112
Server:  11937.18666040156  Client:  39010.25811106316  Cycle Count:  112
Server:  12310.601257647188  Client:  40250.16411233376  Cycle Count:  113
Server:  12267.509614333741  Client:  43431.49870086035  Cycle Count:  112
Server:  12061.90130187618  Client:  41836.79666182526  Cycle Count:  112
Server:  11557.194714563215  Client:  39573.25073137607  Cycle Count:  112
Server:  10578.346268792084  Client:  38861.23270631958  Cycle Count:  112
Server:  14231.46856422672  Client:  48711.468137988166  Cycle Count:  114
Server:  3216.601619118432  Client:  18092.704249723865  Cycle Count:  114

Server:  3551.5738416573104  Client:  21305.113411476086  Cycle Count:  114
Server:  3257.5254471217804  Client:  17535.23768691063  Cycle Count:  114
Server:  3519.560358396997  Client:  21549.268562566045  Cycle Count:  114
Server:  3350.019465556457  Client:  17990.18133809143  Cycle Count:  114
Server:  3247.8612926617516  Client:  20640.067506932577  Cycle Count:  114
Server:  3627.7332383952967  Client:  22044.54793122173  Cycle Count:  114
Server:  3628.2030716409427  Client:  18231.636807674797  Cycle Count:  114
Server:  3341.0222121490706  Client:  17908.721263824853  Cycle Count:  114
Server:  3728.072962283102  Client:  18801.70022473661  Cycle Count:  114
Server:  3567.661129143063  Client:  19095.432045540798  Cycle Count:  114

Server:  3527.831747529248  Client:  18804.72001375663  Cycle Count:  115
Server:  3819.5354088889494  Client:  17794.86500656973  Cycle Count:  114
Server:  3892.0411281796623  Client:  18943.03898589154  Cycle Count:  114
Server:  3732.599140816021  Client:  22101.1333554159  Cycle Count:  114
Server:  3926.6851288225153  Client:  19704.19483800827  Cycle Count:  114
Server:  3866.7268798156683  Client:  17586.50069759438  Cycle Count:  114
Server:  3516.075845939322  Client:  17973.787108206576  Cycle Count:  114
Server:  3379.251541924641  Client:  18028.682815747772  Cycle Count:  114
Server:  3830.555893724655  Client:  17874.662927606514  Cycle Count:  114
Server:  3711.2279542627543  Client:  18707.608520544498  Cycle Count:  114

Server:  3348.787139375396  Client:  19457.079891335063  Cycle Count:  114
Server:  3592.7035504683017  Client:  18590.105651774433  Cycle Count:  114
Server:  3487.989276422456  Client:  20301.742167581306  Cycle Count:  114
Server:  3769.984521421231  Client:  20903.99252492821  Cycle Count:  114
Server:  4138.683457295414  Client:  19114.05094262627  Cycle Count:  114
Server:  9800.150773323523  Client:  16270.431093379822  Cycle Count:  114
Server:  3306.891781522576  Client:  18687.894758844195  Cycle Count:  114
Server:  3870.792691410561  Client:  18698.35711970486  Cycle Count:  114
Server:  3697.1423855369358  Client:  18691.749688461663  Cycle Count:  114
Server:  3635.852352550336  Client:  18294.74875769391  Cycle Count:  115

Server:  5746.383566194467  Client:  17983.55336468029  Cycle Count:  114
Server:  10863.091033892653  Client:  21774.06254761038  Cycle Count:  115
Server:  4178.7802512953285  Client:  18025.34387893522  Cycle Count:  114
Server:  3316.9379652956686  Client:  18993.836575449463  Cycle Count:  114
Server:  3759.3717253127547  Client:  18446.536740087067  Cycle Count:  114
Server:  3680.4167618141673  Client:  18759.321937788107  Cycle Count:  115
Server:  3616.400072600719  Client:  18470.491949770618  Cycle Count:  114
Server:  3581.9026068595913  Client:  18989.608371424318  Cycle Count:  114
Server:  4148.119911683513  Client:  17738.564533176213  Cycle Count:  114
Server:  3929.0837956101004  Client:  18180.350067655207  Cycle Count:  114

[1053, 1042, 1029, 1037, 1036, 956, 581, 583, 584, 1025]
[1029, 1037, 1036, 956, 581, 583, 584, 1025, 1067, 1043]
[956, 581, 583, 584, 1025, 1067, 1043, 1038, 946, 954]
[584, 1025, 1067, 1043, 1038, 946, 954, 972, 794, 792]
[1067, 1043, 1038, 946, 954, 972, 794, 792, 789, 827]
[1043, 1038, 946, 954, 972, 794, 792, 789, 827, 928]
[680, 792, 923, 928, 922, 771, 931, 754, 789, 792]
[928, 922, 771, 931, 754, 789, 792, 793, 631, 654]
[771, 931, 754, 789, 792, 793, 631, 654, 771, 929]
[931, 754, 789, 792, 793, 631, 654, 771, 929, 772]
[789, 792, 793, 631, 654, 771, 929, 772, 779, 1012]
[933, 771, 758, 940, 929, 768, 928, 774, 940, 911]
[940, 929, 768, 928, 774, 940, 911, 895, 770, 930]
[928, 774, 940, 911, 895, 770, 930, 657, 905, 936]
[774, 940, 911, 895, 770, 930, 657, 905, 936, 798]
[911, 895, 770, 930, 657, 905, 936, 798, 660, 653]
[788, 735, 938, 624, 932, 893, 968, 793, 934, 774]
[624, 932, 893, 968, 793, 934, 774, 943, 754, 928]
[968, 793, 934, 774, 943, 754, 928, 941, 670, 846]
[793, 934, 774, 943, 754, 928, 941, 670, 846, 933]
[774, 943, 754, 928, 941, 670, 846, 933, 770, 936]
[954, 772, 964, 877, 772, 719, 854, 940, 652, 787]
[877, 772, 719, 854, 940, 652, 787, 654, 633, 818]
[854, 940, 652, 787, 654, 633, 818, 940, 817, 858]
[652, 787, 654, 633, 818, 940, 817, 858, 771, 889]
[934, 929, 943, 927, 927, 947, 927, 933, 947, 931]
[943, 927, 927, 947, 927, 933, 947, 931, 925, 942]
[947, 927, 933, 947, 931, 925, 942, 929, 933, 950]
[933, 947, 931, 925, 942, 929, 933, 950, 1033, 996]
[892, 931, 929, 906, 919, 941, 728, 791, 834, 1047]
[929, 906, 919, 941, 728, 791, 834, 1047, 830, 725]
[941, 728, 791, 834, 1047, 830, 725, 814, 932, 918]
[728, 791, 834, 1047, 830, 725, 814, 932, 918, 930]
[834, 1047, 830, 725, 814, 932, 918, 930, 931, 922]
[929, 934, 951, 862, 863, 1088, 1027, 1177, 974, 932]
[951, 862, 863, 1088, 1027, 1177, 974, 932, 929, 955]
[1088, 1027, 1177, 974, 932, 929, 955, 931, 930, 934]
[1177, 974, 932, 929, 955, 931, 930, 934, 929, 930]
[1041, 1079, 1051, 936, 947, 928, 930, 949, 931, 928]
[936, 947, 928, 930, 949, 931, 928, 953, 929, 928]
[928, 930, 949, 931, 928, 953, 929, 928, 949, 928]
[930, 949, 931, 928, 953, 929, 928, 949, 928, 934]
[931, 928, 953, 929, 928, 949, 928, 934, 950, 932]
[953, 929, 928, 949, 928, 934, 950, 932, 930, 928]
[928, 933, 952, 930, 927, 946, 929, 933, 949, 928]
[930, 927, 946, 929, 933, 949, 928, 928, 946, 934]
[946, 929, 933, 949, 928, 928, 946, 934, 928, 953]
[933, 949, 928, 928, 946, 934, 928, 953, 929, 930]
[928, 928, 946, 934, 928, 953, 929, 930, 943, 928]
[936, 929, 934, 928, 933, 928, 932, 929, 930, 927]
[934, 928, 933, 928, 932, 929, 930, 927, 928, 951]
[933, 928, 932, 929, 930, 927, 928, 951, 929, 934]
[932, 929, 930, 927, 928, 951, 929, 934, 946, 929]
[930, 927, 928, 951, 929, 934, 946, 929, 927, 929]
[928, 892, 946, 759, 785, 806, 792, 929, 927, 899]
[946, 759, 785, 806, 792, 929, 927, 899, 930, 937]
[806, 792, 929, 927, 899, 930, 937, 929, 939, 877]
[929, 927, 899, 930, 937, 929, 939, 877, 943, 929]
[927, 899, 930, 937, 929, 939, 877, 943, 929, 874]
[926, 951, 930, 929, 950, 928, 929, 948, 927, 929]
[929, 950, 928, 929, 948, 927, 929, 944, 932, 930]
[928, 929, 948, 927, 929, 944, 932, 930, 938, 928]
[948, 927, 929, 944, 932, 930, 938, 928, 929, 932]
[927, 929, 944, 932, 930, 938, 928, 929, 932, 927]
[929, 944, 932, 930, 938, 928, 929, 932, 927, 938]
[928, 930, 928, 932, 928, 933, 929, 933, 927, 931]
[932, 928, 933, 929, 933, 927, 931, 933, 933, 927]
[933, 929, 933, 927, 931, 933, 933, 927, 940, 942]
[933, 927, 931, 933, 933, 927, 940, 942, 941, 935]
[931, 933, 933, 927, 940, 942, 941, 935, 936, 933]
[966, 928, 930, 948, 928, 929, 951, 928, 934, 818]
[948, 928, 929, 951, 928, 934, 818, 797, 798, 799]
[929, 951, 928, 934, 818, 797, 798, 799, 934, 928]
[928, 934, 818, 797, 798, 799, 934, 928, 932, 927]
[934, 818, 797, 798, 799, 934, 928, 932, 927, 930]
[818, 797, 798, 799, 934, 928, 932, 927, 930, 946]
[798, 799, 934, 928, 932, 927, 930, 946, 929, 933]
[929, 932, 938, 937, 933, 940, 931, 931, 932, 949]
[937, 933, 940, 931, 931, 932, 949, 927, 931, 947]
[940, 931, 931, 932, 949, 927, 931, 947, 931, 929]
[931, 932, 949, 927, 931, 947, 931, 929, 950, 928]
[932, 949, 927, 931, 947, 931, 929, 950, 928, 927]
[949, 927, 931, 947, 931, 929, 950, 928, 927, 953]
[931, 947, 931, 929, 950, 928, 927, 953, 791, 792]
[931, 933, 950, 930, 933, 947, 932, 928, 947, 927]
[930, 933, 947, 932, 928, 947, 927, 929, 954, 928]
[947, 932, 928, 947, 927, 929, 954, 928, 934, 945]
[928, 947, 927, 929, 954, 928, 934, 945, 792, 792]
[927, 929, 954, 928, 934, 945, 792, 792, 790, 792]
[954, 928, 934, 945, 792, 792, 790, 792, 958, 932]
[933, 965, 932, 930, 929, 931, 929, 933, 929, 930]
[930, 929, 931, 929, 933, 929, 930, 927, 930, 932]
[931, 929, 933, 929, 930, 927, 930, 932, 929, 949]
[933, 929, 930, 927, 930, 932, 929, 949, 930, 931]
[929, 930, 927, 930, 932, 929, 949, 930, 931, 953]
[930, 927, 930, 932, 929, 949, 930, 931, 953, 928]
[930, 932, 929, 949, 930, 931, 953, 928, 934, 948]
[927, 930, 930, 932, 928, 929, 948, 925, 933, 968]
[932, 928, 929, 948, 925, 933, 968, 931, 927, 967]
[929, 948, 925, 933, 968, 931, 927, 967, 932, 930]
[925, 933, 968, 931, 927, 967, 932, 930, 970, 930]
[933, 968, 931, 927, 967, 932, 930, 970, 930, 933]
[968, 931, 927, 967, 932, 930, 970, 930, 933, 968]
[927, 967, 932, 930, 970, 930, 933, 968, 931, 927]
[946, 938, 694, 806, 806, 784, 805, 752, 943, 944]
[805, 752, 943, 944, 723, 939, 957, 769, 949, 945]
[943, 944, 723, 939, 957, 769, 949, 945, 886, 955]
[929, 983, 926, 933, 967, 931, 927, 933, 928, 932]
[926, 933, 967, 931, 927, 933, 928, 932, 929, 947]
[931, 927, 933, 928, 932, 929, 947, 945, 945, 944]
[933, 928, 932, 929, 947, 945, 945, 944, 942, 928]
[928, 932, 929, 947, 945, 945, 944, 942, 928, 933]
[929, 930, 947, 932, 928, 952, 944, 950, 986, 956]
[932, 928, 952, 944, 950, 986, 956, 937, 951, 929]
[944, 950, 986, 956, 937, 951, 929, 933, 929, 924]
[986, 956, 937, 951, 929, 933, 929, 924, 932, 932]
[937, 951, 929, 933, 929, 924, 932, 932, 928, 950]
[943, 948, 976, 950, 955, 979, 927, 928, 968, 792]
[950, 955, 979, 927, 928, 968, 792, 791, 792, 791]
[927, 928, 968, 792, 791, 792, 791, 951, 932, 929]
[968, 792, 791, 792, 791, 951, 932, 929, 992, 930]
[792, 791, 792, 791, 951, 932, 929, 992, 930, 931]
[929, 946, 929, 934, 958, 932, 930, 952, 931, 933]
[929, 934, 958, 932, 930, 952, 931, 933, 928, 927]
[932, 930, 952, 931, 933, 928, 927, 929, 933, 928]
[952, 931, 933, 928, 927, 929, 933, 928, 935, 927]
[931, 933, 928, 927, 929, 933, 928, 935, 927, 930]
[948, 928, 933, 927, 932, 930, 933, 929, 935, 929]
[927, 932, 930, 933, 929, 935, 929, 931, 962, 931]
[930, 933, 929, 935, 929, 931, 962, 931, 926, 976]
[929, 935, 929, 931, 962, 931, 926, 976, 792, 792]
[929, 931, 962, 931, 926, 976, 792, 792, 791, 792]
[927, 969, 929, 932, 1034, 927, 931, 966, 930, 931]
[932, 1034, 927, 931, 966, 930, 931, 970, 929, 934]
[927, 931, 966, 930, 931, 970, 929, 934, 964, 926]
[966, 930, 931, 970, 929, 934, 964, 926, 928, 947]
[930, 931, 970, 929, 934, 964, 926, 928, 947, 928]
[931, 970, 929, 934, 964, 926, 928, 947, 928, 929]
[929, 934, 964, 926, 928, 947, 928, 929, 927, 929]
[929, 928, 927, 930, 933, 927, 929, 932, 932, 933]
[930, 933, 927, 929, 932, 932, 933, 930, 969, 929]
[929, 932, 932, 933, 930, 969, 929, 933, 966, 924]
[932, 933, 930, 969, 929, 933, 966, 924, 930, 964]
[933, 930, 969, 929, 933, 966, 924, 930, 964, 934]
[934, 928, 932, 927, 936, 928, 927, 933, 929, 931]
[927, 936, 928, 927, 933, 929, 931, 927, 932, 927]
[928, 927, 933, 929, 931, 927, 932, 927, 793, 794]
[933, 929, 931, 927, 932, 927, 793, 794, 928, 933]
[929, 931, 927, 932, 927, 793, 794, 928, 933, 930]
[929, 926, 939, 928, 925, 927, 925, 934, 930, 931]
[928, 925, 927, 925, 934, 930, 931, 934, 932, 946]
[925, 934, 930, 931, 934, 932, 946, 924, 933, 946]
[930, 931, 934, 932, 946, 924, 933, 946, 928, 925]
[931, 934, 932, 946, 924, 933, 946, 928, 925, 950]
[962, 790, 793, 828, 931, 932, 1013, 932, 931, 951]
[828, 931, 932, 1013, 932, 931, 951, 929, 930, 948]
[932, 1013, 932, 931, 951, 929, 930, 948, 789, 790]
[932, 931, 951, 929, 930, 948, 789, 790, 815, 790]
[951, 929, 930, 948, 789, 790, 815, 790, 930, 947]
[952, 935, 933, 960, 932, 928, 944, 929, 932, 946]
[960, 932, 928, 944, 929, 932, 946, 928, 471, 930]
[928, 944, 929, 932, 946, 928, 471, 930, 927, 792]
[929, 932, 946, 928, 471, 930, 927, 792, 792, 790]
[932, 946, 928, 471, 930, 927, 792, 792, 790, 789]
[946, 928, 471, 930, 927, 792, 792, 790, 789, 1545]
[471, 930, 927, 792, 792, 790, 789, 1545, 1051, 1002]
[1004, 874, 843, 842, 848, 1005, 997, 1018, 1004, 997]
[843, 842, 848, 1005, 997, 1018, 1004, 997, 1102, 911]
[1005, 997, 1018, 1004, 997, 1102, 911, 931, 957, 960]
[1018, 1004, 997, 1102, 911, 931, 957, 960, 912, 964]
[1004, 997, 1102, 911, 931, 957, 960, 912, 964, 929]
[924, 920, 929, 932, 939, 929, 935, 953, 931, 930]
[932, 939, 929, 935, 953, 931, 930, 930, 951, 929]
[929, 935, 953, 931, 930, 930, 951, 929, 931, 941]
[953, 931, 930, 930, 951, 929, 931, 941, 930, 929]
[931, 930, 930, 951, 929, 931, 941, 930, 929, 948]
[930, 930, 951, 929, 931, 941, 930, 929, 948, 932]
[951, 929, 931, 941, 930, 929, 948, 932, 929, 954]
[965, 929, 931, 931, 930, 929, 931, 927, 929, 932]
[931, 931, 930, 929, 931, 927, 929, 932, 926, 931]
[929, 931, 927, 929, 932, 926, 931, 928, 958, 792]
[927, 929, 932, 926, 931, 928, 958, 792, 790, 785]
[929, 932, 926, 931, 928, 958, 792, 790, 785, 786]
[792, 791, 817, 792, 932, 928, 927, 932, 925, 930]
[792, 932, 928, 927, 932, 925, 930, 933, 927, 930]
[928, 927, 932, 925, 930, 933, 927, 930, 929, 929]
[932, 925, 930, 933, 927, 930, 929, 929, 930, 930]
[925, 930, 933, 927, 930, 929, 929, 930, 930, 932]
[930, 933, 927, 930, 929, 929, 930, 930, 932, 937]
[927, 930, 929, 929, 930, 930, 932, 937, 933, 953]
[939, 928, 931, 926, 930, 945, 926, 929, 931, 930]
[926, 930, 945, 926, 929, 931, 930, 949, 939, 931]
[945, 926, 929, 931, 930, 949, 939, 931, 955, 935]
[929, 931, 930, 949, 939, 931, 955, 935, 930, 948]
[931, 930, 949, 939, 931, 955, 935, 930, 948, 930]
[930, 949, 939, 931, 955, 935, 930, 948, 930, 928]
[939, 931, 955, 935, 930, 948, 930, 928, 955, 928]
[927, 931, 926, 937, 939, 931, 950, 930, 931, 952]
[937, 939, 931, 950, 930, 931, 952, 948, 928, 930]
[931, 950, 930, 931, 952, 948, 928, 930, 950, 928]
[930, 931, 952, 948, 928, 930, 950, 928, 931, 947]
[931, 952, 948, 928, 930, 950, 928, 931, 947, 930]
[952, 948, 928, 930, 950, 928, 931, 947, 930, 929]
[949, 932, 929, 946, 930, 929, 950, 933, 927, 951]
[950, 933, 927, 951, 929, 930, 952, 927, 930, 932]
[933, 927, 951, 929, 930, 952, 927, 930, 932, 930]
[943, 929, 928, 950, 933, 927, 951, 932, 931, 950]
[950, 933, 927, 951, 932, 931, 950, 927, 930, 952]
[927, 951, 932, 931, 950, 927, 930, 952, 929, 931]
[932, 931, 950, 927, 930, 952, 929, 931, 947, 929]
[931, 950, 927, 930, 952, 929, 931, 947, 929, 929]
[950, 927, 930, 952, 929, 931, 947, 929, 929, 929]
[930, 952, 929, 931, 947, 929, 929, 929, 932, 927]
[928, 949, 927, 927, 1019, 927, 931, 928, 927, 927]
[927, 1019, 927, 931, 928, 927, 927, 927, 932, 929]
[931, 928, 927, 927, 927, 932, 929, 932, 952, 930]
[927, 927, 927, 932, 929, 932, 952, 930, 928, 943]
[927, 927, 932, 929, 932, 952, 930, 928, 943, 932]
[929, 928, 947, 928, 928, 926, 928, 934, 930, 933]
[928, 928, 926, 928, 934, 930, 933, 928, 930, 930]
[926, 928, 934, 930, 933, 928, 930, 930, 927, 930]
[934, 930, 933, 928, 930, 930, 927, 930, 928, 932]
[930, 933, 928, 930, 930, 927, 930, 928, 932, 929]
[933, 928, 930, 930, 927, 930, 928, 932, 929, 928]
[951, 931, 929, 947, 926, 930, 945, 928, 932, 944]
[947, 926, 930, 945, 928, 932, 944, 932, 929, 945]
[930, 945, 928, 932, 944, 932, 929, 945, 931, 928]
[928, 932, 944, 932, 929, 945, 931, 928, 948, 928]
[932, 944, 932, 929, 945, 931, 928, 948, 928, 931]
[944, 932, 929, 945, 931, 928, 948, 928, 931, 952]
[929, 945, 931, 928, 948, 928, 931, 952, 1000, 936]
[792, 792, 933, 928, 927, 932, 924, 930, 925, 932]
[928, 927, 932, 924, 930, 925, 932, 927, 933, 953]
[932, 924, 930, 925, 932, 927, 933, 953, 930, 931]
[930, 925, 932, 927, 933, 953, 930, 931, 948, 933]
[925, 932, 927, 933, 953, 930, 931, 948, 933, 929]
[932, 927, 933, 953, 930, 931, 948, 933, 929, 945]
[947, 932, 929, 950, 928, 928, 951, 790, 790, 791]
[950, 928, 928, 951, 790, 790, 791, 932, 933, 928]
[928, 951, 790, 790, 791, 932, 933, 928, 928, 930]
[790, 790, 791, 932, 933, 928, 928, 930, 928, 932]
[790, 791, 932, 933, 928, 928, 930, 928, 932, 928]
[791, 932, 933, 928, 928, 930, 928, 932, 928, 932]
[933, 928, 928, 930, 928, 932, 928, 932, 928, 931]
[930, 953, 930, 928, 948, 929, 929, 950, 928, 929]
[928, 948, 929, 929, 950, 928, 929, 942, 933, 929]
[929, 929, 950, 928, 929, 942, 933, 929, 942, 790]
[950, 928, 929, 942, 933, 929, 942, 790, 792, 790]
[929, 942, 933, 929, 942, 790, 792, 790, 789, 950]
[934, 948, 928, 929, 944, 927, 927, 951, 792, 792]
[929, 944, 927, 927, 951, 792, 792, 793, 791, 947]
[927, 927, 951, 792, 792, 793, 791, 947, 927, 932]
[951, 792, 792, 793, 791, 947, 927, 932, 930, 928]
[792, 792, 793, 791, 947, 927, 932, 930, 928, 926]
[792, 793, 791, 947, 927, 932, 930, 928, 926, 928]
[791, 947, 927, 932, 930, 928, 926, 928, 931, 930]
[928, 933, 942, 931, 927, 949, 934, 930, 949, 928]
[931, 927, 949, 934, 930, 949, 928, 927, 949, 929]
[949, 934, 930, 949, 928, 927, 949, 929, 927, 944]
[930, 949, 928, 927, 949, 929, 927, 944, 933, 929]
[949, 928, 927, 949, 929, 927, 944, 933, 929, 929]
[928, 927, 949, 929, 927, 944, 933, 929, 929, 932]
[949, 929, 927, 944, 933, 929, 929, 932, 927, 930]
[933, 948, 930, 933, 945, 932, 926, 934, 933, 927]
[933, 945, 932, 926, 934, 933, 927, 932, 928, 927]
[932, 926, 934, 933, 927, 932, 928, 927, 928, 926]
[934, 933, 927, 932, 928, 927, 928, 926, 932, 927]
[927, 925, 950, 932, 927, 953, 928, 931, 947, 929]
[932, 927, 953, 928, 931, 947, 929, 930, 949, 932]
[953, 928, 931, 947, 929, 930, 949, 932, 928, 952]
[931, 947, 929, 930, 949, 932, 928, 952, 927, 931]
[947, 929, 930, 949, 932, 928, 952, 927, 931, 948]
[929, 930, 949, 932, 928, 952, 927, 931, 948, 793]
[949, 932, 928, 952, 927, 931, 948, 793, 929, 963]
[506, 517, 503, 505, 505, 507, 506, 502, 502, 502]
[505, 505, 507, 506, 502, 502, 502, 506, 504, 507]
[507, 506, 502, 502, 502, 506, 504, 507, 507, 505]
[502, 502, 502, 506, 504, 507, 507, 505, 506, 505]
[502, 502, 506, 504, 507, 507, 505, 506, 505, 504]
[502, 506, 504, 507, 507, 505, 506, 505, 504, 507]
[519, 506, 497, 505, 506, 505, 524, 509, 505, 505]
[505, 506, 505, 524, 509, 505, 505, 504, 505, 506]
[505, 524, 509, 505, 505, 504, 505, 506, 505, 506]
[509, 505, 505, 504, 505, 506, 505, 506, 505, 755]
[505, 505, 504, 505, 506, 505, 506, 505, 755, 930]
[505, 504, 505, 506, 505, 506, 505, 755, 930, 928]
[505, 506, 505, 506, 505, 755, 930, 928, 934, 931]
[938, 932, 938, 935, 929, 933, 928, 928, 930, 929]
[935, 929, 933, 928, 928, 930, 929, 933, 927, 947]
[933, 928, 928, 930, 929, 933, 927, 947, 932, 929]
[928, 930, 929, 933, 927, 947, 932, 929, 948, 790]
[930, 929, 933, 927, 947, 932, 929, 948, 790, 791]
[929, 933, 927, 947, 932, 929, 948, 790, 791, 868]
[927, 947, 932, 929, 948, 790, 791, 868, 791, 929]
[504, 504, 504, 503, 506, 507, 727, 928, 934, 930]
[503, 506, 507, 727, 928, 934, 930, 933, 929, 932]
[507, 727, 928, 934, 930, 933, 929, 932, 935, 936]
[928, 934, 930, 933, 929, 932, 935, 936, 792, 789]
[934, 930, 933, 929, 932, 935, 936, 792, 789, 818]
[930, 933, 929, 932, 935, 936, 792, 789, 818, 792]
[929, 932, 935, 936, 792, 789, 818, 792, 928, 952]
[926, 927, 952, 934, 929, 949, 792, 792, 814, 788]
[934, 929, 949, 792, 792, 814, 788, 929, 946, 930]
[949, 792, 792, 814, 788, 929, 946, 930, 934, 950]
[792, 814, 788, 929, 946, 930, 934, 950, 928, 933]
[814, 788, 929, 946, 930, 934, 950, 928, 933, 949]
[788, 929, 946, 930, 934, 950, 928, 933, 949, 793]
[946, 930, 934, 950, 928, 933, 949, 793, 791, 791]
[928, 946, 928, 929, 955, 930, 933, 945, 931, 931]
[928, 929, 955, 930, 933, 945, 931, 931, 946, 791]
[930, 933, 945, 931, 931, 946, 791, 791, 818, 784]
[945, 931, 931, 946, 791, 791, 818, 784, 929, 941]
[931, 931, 946, 791, 791, 818, 784, 929, 941, 933]
[926, 930, 930, 950, 931, 928, 951, 933, 927, 774]
[950, 931, 928, 951, 933, 927, 774, 928, 933, 930]
[928, 951, 933, 927, 774, 928, 933, 930, 934, 929]
[933, 927, 774, 928, 933, 930, 934, 929, 934, 932]
[774, 928, 933, 930, 934, 929, 934, 932, 937, 934]
[933, 928, 951, 926, 923, 931, 928, 944, 936, 931]
[951, 926, 923, 931, 928, 944, 936, 931, 951, 929]
[931, 928, 944, 936, 931, 951, 929, 958, 932, 933]
[944, 936, 931, 951, 929, 958, 932, 933, 952, 788]
[931, 951, 929, 958, 932, 933, 952, 788, 791, 791]
[928, 934, 929, 936, 934, 936, 933, 933, 933, 929]
[929, 936, 934, 936, 933, 933, 933, 929, 929, 792]
[936, 933, 933, 933, 929, 929, 792, 792, 792, 929]
[933, 933, 933, 929, 929, 792, 792, 792, 929, 946]
[939, 952, 938, 933, 963, 933, 932, 927, 930, 932]
[933, 963, 933, 932, 927, 930, 932, 930, 931, 929]
[932, 927, 930, 932, 930, 931, 929, 932, 930, 932]
[930, 932, 930, 931, 929, 932, 930, 932, 930, 933]
[932, 930, 931, 929, 932, 930, 932, 930, 933, 931]
[932, 929, 952, 929, 934, 950, 932, 927, 928, 930]
[929, 934, 950, 932, 927, 928, 930, 929, 930, 930]
[932, 927, 928, 930, 929, 930, 930, 929, 932, 931]
[927, 928, 930, 929, 930, 930, 929, 932, 931, 933]
[933, 929, 949, 927, 931, 948, 929, 930, 931, 791]
[927, 931, 948, 929, 930, 931, 791, 865, 790, 792]
[929, 930, 931, 791, 865, 790, 792, 927, 929, 929]
[931, 791, 865, 790, 792, 927, 929, 929, 931, 926]
[791, 865, 790, 792, 927, 929, 929, 931, 926, 951]
[930, 931, 945, 933, 929, 945, 929, 931, 949, 934]
[945, 933, 929, 945, 929, 931, 949, 934, 928, 953]
[945, 929, 931, 949, 934, 928, 953, 928, 928, 945]
[931, 949, 934, 928, 953, 928, 928, 945, 933, 929]
[949, 934, 928, 953, 928, 928, 945, 933, 929, 931]
[791, 937, 929, 928, 929, 927, 929, 933, 952, 933]
[928, 929, 927, 929, 933, 952, 933, 929, 949, 933]
[927, 929, 933, 952, 933, 929, 949, 933, 929, 951]
[933, 952, 933, 929, 949, 933, 929, 951, 931, 929]
[952, 933, 929, 949, 933, 929, 951, 931, 929, 949]
[933, 929, 949, 933, 929, 951, 931, 929, 949, 793]
[949, 933, 929, 951, 931, 929, 949, 793, 793, 957]
[790, 787, 790, 789, 948, 927, 933, 932, 928, 925]
[789, 948, 927, 933, 932, 928, 925, 926, 930, 929]
[927, 933, 932, 928, 925, 926, 930, 929, 931, 948]
[932, 928, 925, 926, 930, 929, 931, 948, 935, 929]
[928, 925, 926, 930, 929, 931, 948, 935, 929, 980]
[925, 926, 930, 929, 931, 948, 935, 929, 980, 928]
[927, 931, 927, 949, 929, 930, 951, 933, 939, 955]
[949, 929, 930, 951, 933, 939, 955, 939, 939, 946]
[930, 951, 933, 939, 955, 939, 939, 946, 928, 934]
[933, 939, 955, 939, 939, 946, 928, 934, 928, 931]
[955, 939, 939, 946, 928, 934, 928, 931, 929, 929]
[939, 946, 928, 934, 928, 931, 929, 929, 926, 931]
[976, 934, 939, 934, 934, 935, 928, 928, 927, 929]
[934, 934, 935, 928, 928, 927, 929, 934, 928, 933]
[935, 928, 928, 927, 929, 934, 928, 933, 928, 934]
[928, 927, 929, 934, 928, 933, 928, 934, 929, 944]
[927, 929, 934, 928, 933, 928, 934, 929, 944, 934]
[929, 934, 928, 933, 928, 934, 929, 944, 934, 930]
[932, 950, 928, 929, 950, 932, 929, 949, 929, 932]
[929, 950, 932, 929, 949, 929, 932, 948, 929, 933]
[932, 929, 949, 929, 932, 948, 929, 933, 948, 933]
[949, 929, 932, 948, 929, 933, 948, 933, 928, 948]
[929, 932, 948, 929, 933, 948, 933, 928, 948, 928]
[932, 948, 929, 933, 948, 933, 928, 948, 928, 929]
[929, 933, 948, 933, 928, 948, 928, 929, 931, 928]
[930, 945, 942, 934, 1017, 928, 928, 950, 933, 927]
[942, 934, 1017, 928, 928, 950, 933, 927, 951, 927]
[1017, 928, 928, 950, 933, 927, 951, 927, 926, 950]
[928, 950, 933, 927, 951, 927, 926, 950, 929, 932]
[953, 929, 931, 928, 792, 828, 791, 790, 933, 928]
[928, 792, 828, 791, 790, 933, 928, 933, 928, 930]
[828, 791, 790, 933, 928, 933, 928, 930, 931, 931]
[790, 933, 928, 933, 928, 930, 931, 931, 928, 928]
[933, 928, 933, 928, 930, 931, 931, 928, 928, 933]
[928, 933, 928, 930, 931, 931, 928, 928, 933, 928]
[928, 930, 931, 931, 928, 928, 933, 928, 963, 928]
[928, 927, 937, 928, 932, 930, 931, 927, 964, 792]
[928, 932, 930, 931, 927, 964, 792, 792, 828, 792]
[931, 927, 964, 792, 792, 828, 792, 933, 928, 932]
[964, 792, 792, 828, 792, 933, 928, 932, 931, 934]
[792, 792, 828, 792, 933, 928, 932, 931, 934, 929]
[792, 792, 789, 950, 931, 931, 948, 932, 929, 945]
[950, 931, 931, 948, 932, 929, 945, 928, 928, 949]
[948, 932, 929, 945, 928, 928, 949, 931, 930, 952]
[929, 945, 928, 928, 949, 931, 930, 952, 932, 940]
[945, 928, 928, 949, 931, 930, 952, 932, 940, 954]
[932, 929, 929, 929, 931, 929, 933, 931, 935, 932]
[929, 929, 931, 929, 933, 931, 935, 932, 935, 944]
[929, 933, 931, 935, 932, 935, 944, 931, 930, 950]
[931, 935, 932, 935, 944, 931, 930, 950, 926, 929]
[932, 935, 944, 931, 930, 950, 926, 929, 937, 933]
[786, 948, 926, 935, 953, 931, 934, 937, 929, 928]
[935, 953, 931, 934, 937, 929, 928, 962, 930, 930]
[931, 934, 937, 929, 928, 962, 930, 930, 966, 929]
[937, 929, 928, 962, 930, 930, 966, 929, 928, 967]
[929, 928, 962, 930, 930, 966, 929, 928, 967, 928]
[928, 962, 930, 930, 966, 929, 928, 967, 928, 930]
[952, 932, 934, 963, 929, 929, 968, 792, 790, 790]
[963, 929, 929, 968, 792, 790, 790, 790, 954, 929]
[929, 968, 792, 790, 790, 790, 954, 929, 934, 948]
[792, 790, 790, 790, 954, 929, 934, 948, 934, 929]
[790, 790, 790, 954, 929, 934, 948, 934, 929, 951]
[790, 790, 954, 929, 934, 948, 934, 929, 951, 930]
[954, 929, 934, 948, 934, 929, 951, 930, 931, 928]
[934, 930, 932, 938, 934, 929, 932, 930, 927, 932]
[938, 934, 929, 932, 930, 927, 932, 928, 933, 930]
[929, 932, 930, 927, 932, 928, 933, 930, 931, 929]
[930, 927, 932, 928, 933, 930, 931, 929, 932, 927]
[927, 932, 928, 933, 930, 931, 929, 932, 927, 928]
[932, 928, 933, 930, 931, 929, 932, 927, 928, 931]
[952, 928, 933, 930, 934, 928, 934, 929, 930, 929]
[930, 934, 928, 934, 929, 930, 929, 925, 930, 928]
[928, 934, 929, 930, 929, 925, 930, 928, 928, 928]
[929, 930, 929, 925, 930, 928, 928, 928, 932, 926]
[930, 929, 925, 930, 928, 928, 928, 932, 926, 934]
[929, 925, 930, 928, 928, 928, 932, 926, 934, 931]
[932, 928, 928, 928, 932, 928, 931, 927, 928, 929]
[928, 932, 928, 931, 927, 928, 929, 945, 931, 929]
[928, 931, 927, 928, 929, 945, 931, 929, 952, 929]
[927, 928, 929, 945, 931, 929, 952, 929, 930, 946]
[928, 929, 945, 931, 929, 952, 929, 930, 946, 929]
[929, 945, 931, 929, 952, 929, 930, 946, 929, 929]
[931, 929, 952, 929, 930, 946, 929, 929, 931, 931]
[929, 947, 930, 935, 931, 932, 928, 931, 928, 929]
[935, 931, 932, 928, 931, 928, 929, 929, 926, 927]
[932, 928, 931, 928, 929, 929, 926, 927, 925, 928]
[931, 928, 929, 929, 926, 927, 925, 928, 929, 932]
[929, 929, 926, 927, 925, 928, 929, 932, 935, 936]
[930, 929, 967, 928, 927, 977, 929, 932, 968, 932]
[929, 967, 928, 927, 977, 929, 932, 968, 932, 931]
[927, 977, 929, 932, 968, 932, 931, 932, 932, 932]
[929, 932, 968, 932, 931, 932, 932, 932, 967, 928]
[932, 968, 932, 931, 932, 932, 932, 967, 928, 928]
[787, 785, 787, 793, 931, 929, 930, 931, 938, 931]
[793, 931, 929, 930, 931, 938, 931, 929, 933, 931]
[929, 930, 931, 938, 931, 929, 933, 931, 927, 927]
[931, 938, 931, 929, 933, 931, 927, 927, 928, 940]
[938, 931, 929, 933, 931, 927, 927, 928, 940, 928]
[931, 929, 933, 931, 927, 927, 928, 940, 928, 927]
[933, 931, 927, 927, 928, 940, 928, 927, 962, 930]
[932, 934, 792, 792, 791, 815, 969, 928, 931, 969]
[792, 791, 815, 969, 928, 931, 969, 931, 928, 970]
[815, 969, 928, 931, 969, 931, 928, 970, 792, 792]
[928, 931, 969, 931, 928, 970, 792, 792, 791, 793]
[931, 969, 931, 928, 970, 792, 792, 791, 793, 942]
[969, 931, 928, 970, 792, 792, 791, 793, 942, 933]
[934, 927, 965, 789, 792, 792, 791, 947, 929, 934]
[789, 792, 792, 791, 947, 929, 934, 943, 933, 930]
[792, 791, 947, 929, 934, 943, 933, 930, 950, 929]
[947, 929, 934, 943, 933, 930, 950, 929, 932, 946]
[929, 934, 943, 933, 930, 950, 929, 932, 946, 930]
[934, 943, 933, 930, 950, 929, 932, 946, 930, 924]
[933, 930, 950, 929, 932, 946, 930, 924, 932, 929]
[930, 933, 950, 934, 929, 930, 933, 929, 931, 932]
[934, 929, 930, 933, 929, 931, 932, 930, 931, 928]
[933, 929, 931, 932, 930, 931, 928, 934, 930, 931]
[931, 932, 930, 931, 928, 934, 930, 931, 963, 926]
[932, 930, 931, 928, 934, 930, 931, 963, 926, 929]
[1007, 1018, 1003, 1006, 1023, 1001, 997, 1019, 1010, 1001]
[1006, 1023, 1001, 997, 1019, 1010, 1001, 1024, 856, 847]
[1001, 997, 1019, 1010, 1001, 1024, 856, 847, 879, 857]
[1019, 1010, 1001, 1024, 856, 847, 879, 857, 993, 1004]
[1010, 1001, 1024, 856, 847, 879, 857, 993, 1004, 989]
[1001, 1024, 856, 847, 879, 857, 993, 1004, 989, 989]
[970, 787, 791, 790, 791, 933, 931, 931, 931, 930]
[790, 791, 933, 931, 931, 931, 930, 932, 931, 929]
[933, 931, 931, 931, 930, 932, 931, 929, 929, 947]
[931, 931, 930, 932, 931, 929, 929, 947, 924, 925]
[931, 930, 932, 931, 929, 929, 947, 924, 925, 952]
[930, 932, 931, 929, 929, 947, 924, 925, 952, 925]
[931, 929, 929, 947, 924, 925, 952, 925, 937, 953]
[786, 791, 793, 960, 930, 928, 968, 927, 931, 930]
[960, 930, 928, 968, 927, 931, 930, 928, 929, 932]
[928, 968, 927, 931, 930, 928, 929, 932, 942, 931]
[927, 931, 930, 928, 929, 932, 942, 931, 930, 930]
[931, 930, 928, 929, 932, 942, 931, 930, 930, 929]
[930, 928, 929, 932, 942, 931, 930, 930, 929, 928]
[929, 932, 942, 931, 930, 930, 929, 928, 924, 790]
[925, 947, 925, 934, 948, 933, 993, 965, 935, 934]
[934, 948, 933, 993, 965, 935, 934, 953, 930, 930]
[933, 993, 965, 935, 934, 953, 930, 930, 948, 931]
[965, 935, 934, 953, 930, 930, 948, 931, 929, 949]
[935, 934, 953, 930, 930, 948, 931, 929, 949, 973]
[934, 953, 930, 930, 948, 931, 929, 949, 973, 928]
[930, 930, 948, 931, 929, 949, 973, 928, 927, 970]
[930, 930, 932, 789, 791, 792, 792, 950, 928, 929]
[932, 789, 791, 792, 792, 950, 928, 929, 949, 928]
[791, 792, 792, 950, 928, 929, 949, 928, 929, 945]
[792, 950, 928, 929, 949, 928, 929, 945, 931, 929]
[929, 787, 792, 791, 792, 949, 930, 933, 949, 927]
[791, 792, 949, 930, 933, 949, 927, 928, 947, 932]
[930, 933, 949, 927, 928, 947, 932, 929, 939, 929]
[949, 927, 928, 947, 932, 929, 939, 929, 928, 935]
[927, 928, 947, 932, 929, 939, 929, 928, 935, 923]
[818, 792, 927, 930, 928, 932, 933, 930, 933, 929]
[930, 928, 932, 933, 930, 933, 929, 934, 929, 928]
[932, 933, 930, 933, 929, 934, 929, 928, 925, 930]
[930, 933, 929, 934, 929, 928, 925, 930, 933, 929]
[933, 929, 934, 929, 928, 925, 930, 933, 929, 933]
[929, 934, 929, 928, 925, 930, 933, 929, 933, 928]
[930, 928, 933, 926, 934, 929, 933, 928, 930, 930]
[926, 934, 929, 933, 928, 930, 930, 933, 937, 792]
[929, 933, 928, 930, 930, 933, 937, 792, 790, 824]
[928, 930, 930, 933, 937, 792, 790, 824, 793, 930]
[930, 930, 933, 937, 792, 790, 824, 793, 930, 930]
[930, 933, 937, 792, 790, 824, 793, 930, 930, 930]
[980, 926, 933, 968, 931, 929, 970, 926, 932, 966]
[968, 931, 929, 970, 926, 932, 966, 932, 931, 944]
[929, 970, 926, 932, 966, 932, 931, 944, 928, 933]
[926, 932, 966, 932, 931, 944, 928, 933, 925, 923]
[966, 932, 931, 944, 928, 933, 925, 923, 926, 925]
[949, 931, 930, 948, 930, 930, 952, 928, 929, 948]
[948, 930, 930, 952, 928, 929, 948, 930, 929, 929]
[930, 952, 928, 929, 948, 930, 929, 929, 793, 793]
[928, 929, 948, 930, 929, 929, 793, 793, 793, 794]
[948, 930, 929, 929, 793, 793, 793, 794, 816, 793]
[928, 929, 929, 946, 934, 924, 945, 925, 930, 950]
[946, 934, 924, 945, 925, 930, 950, 938, 933, 961]
[924, 945, 925, 930, 950, 938, 933, 961, 935, 930]
[925, 930, 950, 938, 933, 961, 935, 930, 950, 928]
[930, 950, 938, 933, 961, 935, 930, 950, 928, 930]
[950, 938, 933, 961, 935, 930, 950, 928, 930, 949]
[928, 950, 927, 934, 955, 939, 932, 1013, 934, 930]
[934, 955, 939, 932, 1013, 934, 930, 931, 927, 928]
[939, 932, 1013, 934, 930, 931, 927, 928, 966, 932]
[1013, 934, 930, 931, 927, 928, 966, 932, 928, 970]
[930, 931, 927, 928, 966, 932, 928, 970, 793, 792]
[927, 928, 966, 932, 928, 970, 793, 792, 816, 792]
[933, 933, 952, 927, 933, 947, 931, 927, 948, 929]
[927, 933, 947, 931, 927, 948, 929, 933, 948, 933]
[947, 931, 927, 948, 929, 933, 948, 933, 929, 944]
[927, 948, 929, 933, 948, 933, 929, 944, 928, 932]
[948, 929, 933, 948, 933, 929, 944, 928, 932, 941]
[929, 933, 948, 933, 929, 944, 928, 932, 941, 932]
[948, 933, 929, 944, 928, 932, 941, 932, 931, 932]
[968, 930, 930, 963, 931, 929, 960, 790, 791, 792]
[963, 931, 929, 960, 790, 791, 792, 793, 947, 932]
[929, 960, 790, 791, 792, 793, 947, 932, 930, 927]
[790, 791, 792, 793, 947, 932, 930, 927, 925, 934]
[791, 792, 793, 947, 932, 930, 927, 925, 934, 933]
[792, 793, 947, 932, 930, 927, 925, 934, 933, 929]
[953, 928, 932, 949, 933, 928, 947, 929, 930, 946]
[949, 933, 928, 947, 929, 930, 946, 927, 933, 946]
[928, 947, 929, 930, 946, 927, 933, 946, 791, 788]
[929, 930, 946, 927, 933, 946, 791, 788, 792, 928]
[930, 946, 927, 933, 946, 791, 788, 792, 928, 970]
[946, 927, 933, 946, 791, 788, 792, 928, 970, 928]
[957, 934, 929, 948, 929, 927, 950, 928, 929, 949]
[948, 929, 927, 950, 928, 929, 949, 931, 933, 930]
[929, 927, 950, 928, 929, 949, 931, 933, 930, 929]
[950, 928, 929, 949, 931, 933, 930, 929, 928, 932]
[928, 929, 949, 931, 933, 930, 929, 928, 932, 926]
[791, 985, 928, 929, 964, 930, 929, 967, 930, 928]
[929, 964, 930, 929, 967, 930, 928, 966, 927, 932]
[930, 929, 967, 930, 928, 966, 927, 932, 965, 933]
[967, 930, 928, 966, 927, 932, 965, 933, 930, 937]
[930, 928, 966, 927, 932, 965, 933, 930, 937, 936]
[928, 966, 927, 932, 965, 933, 930, 937, 936, 941]
[927, 932, 965, 933, 930, 937, 936, 941, 948, 931]
[934, 929, 933, 964, 925, 927, 960, 929, 931, 953]
[964, 925, 927, 960, 929, 931, 953, 934, 934, 957]
[927, 960, 929, 931, 953, 934, 934, 957, 934, 929]
[929, 931, 953, 934, 934, 957, 934, 929, 967, 929]
[931, 953, 934, 934, 957, 934, 929, 967, 929, 928]
[953, 934, 934, 957, 934, 929, 967, 929, 928, 937]
[968, 930, 936, 953, 941, 935, 935, 935, 928, 939]
[953, 941, 935, 935, 935, 928, 939, 926, 931, 967]
[935, 935, 935, 928, 939, 926, 931, 967, 935, 929]
[935, 928, 939, 926, 931, 967, 935, 929, 966, 927]
[928, 939, 926, 931, 967, 935, 929, 966, 927, 929]
[939, 926, 931, 967, 935, 929, 966, 927, 929, 968]
[931, 967, 935, 929, 966, 927, 929, 968, 929, 928]
[955, 931, 932, 947, 930, 928, 952, 929, 927, 950]
[947, 930, 928, 952, 929, 927, 950, 927, 933, 946]
[928, 952, 929, 927, 950, 927, 933, 946, 931, 928]
[929, 927, 950, 927, 933, 946, 931, 928, 1011, 933]
[927, 950, 927, 933, 946, 931, 928, 1011, 933, 930]
[950, 927, 933, 946, 931, 928, 1011, 933, 930, 933]
[933, 946, 931, 928, 1011, 933, 930, 933, 928, 928]
[]
