Stopping all running Docker containers...
All containers stopped successfully
Load Balancer is running on port :8180
Selected container:  go-server-image-9501
Checking and starting container: go-server-image-9501
Waiting for container:  http://128.110.96.59:9501/GoNative
Container started: go-server-image-9501
Container: %s, Heap Utilization: %f go-server-image-9501 0.6083231334149327
Selected container:  go-server-image-9502
Checking and starting container: go-server-image-9502
Go container is clean and ready for use again
Waiting for container:  http://128.110.96.59:9502/GoNative
Container started: go-server-image-9502
Container: %s, Heap Utilization: %f go-server-image-9501 0.6083231334149327
Container: %s, Heap Utilization: %f go-server-image-9502 0.6340269277845777
Selected container:  go-server-image-9501
Checking and starting container: go-server-image-9501
Container already running:  go-server-image-9501
Go container is clean and ready for use again
Go container is clean and ready for use again
Container: %s, Heap Utilization: %f go-server-image-9502 0.6340269277845777
Container: %s, Heap Utilization: %f go-server-image-9501 0.6083231334149327
Selected container:  go-server-image-9502
Checking and starting container: go-server-image-9502
Container already running:  go-server-image-9502
Go container is clean and ready for use again
Go container is clean and ready for use again
Container: %s, Heap Utilization: %f go-server-image-9501 0.6083231334149327
Container: %s, Heap Utilization: %f go-server-image-9502 0.6340269277845777
Selected container:  go-server-image-9501
Checking and starting container: go-server-image-9501
Container already running:  go-server-image-9501
Go container is clean and ready for use again
Go container is clean and ready for use again
Container: %s, Heap Utilization: %f go-server-image-9501 0.6083231334149327
Container: %s, Heap Utilization: %f go-server-image-9502 0.6340269277845777
Selected container:  go-server-image-9502
Checking and starting container: go-server-image-9502
Container already running:  go-server-image-9502
Go container is clean and ready for use again
Go container is clean and ready for use again
Container: %s, Heap Utilization: %f go-server-image-9501 0.6083231334149327
Container: %s, Heap Utilization: %f go-server-image-9502 0.6340269277845777
Selected container:  go-server-image-9501
Checking and starting container: go-server-image-9501
Container already running:  go-server-image-9501
Go container is clean and ready for use again
Go container is clean and ready for use again
Container: %s, Heap Utilization: %f go-server-image-9501 0.6083231334149327
Container: %s, Heap Utilization: %f go-server-image-9502 0.6340269277845777
Selected container:  go-server-image-9502
Checking and starting container: go-server-image-9502
Container already running:  go-server-image-9502
Go container is clean and ready for use again
Go container is clean and ready for use again
Container: %s, Heap Utilization: %f go-server-image-9501 0.6083231334149327
Container: %s, Heap Utilization: %f go-server-image-9502 0.6340269277845777
Selected container:  go-server-image-9501
Checking and starting container: go-server-image-9501
Container already running:  go-server-image-9501
Go container is clean and ready for use again
Go container is clean and ready for use again
Container: %s, Heap Utilization: %f go-server-image-9501 0.6083231334149327
Container: %s, Heap Utilization: %f go-server-image-9502 0.6340269277845777
Selected container:  go-server-image-9502
Checking and starting container: go-server-image-9502
Container already running:  go-server-image-9502
Go container is clean and ready for use again
Go container is clean and ready for use again
Container: %s, Heap Utilization: %f go-server-image-9502 0.6340269277845777
Container: %s, Heap Utilization: %f go-server-image-9501 0.6083231334149327
Selected container:  go-server-image-9501
Checking and starting container: go-server-image-9501
Container already running:  go-server-image-9501
Go container is clean and ready for use again
Go container is clean and ready for use again
Container: %s, Heap Utilization: %f go-server-image-9501 0.6083231334149327
Container: %s, Heap Utilization: %f go-server-image-9502 0.6340269277845777
Selected container:  go-server-image-9502
Checking and starting container: go-server-image-9502
Container already running:  go-server-image-9502
Go container is clean and ready for use again
Go container is clean and ready for use again
Container: %s, Heap Utilization: %f go-server-image-9501 0.6083231334149327
Container: %s, Heap Utilization: %f go-server-image-9502 0.6340269277845777
Selected container:  go-server-image-9501
Checking and starting container: go-server-image-9501
Container already running:  go-server-image-9501
Go container is clean and ready for use again
Go container is clean and ready for use again
Container: %s, Heap Utilization: %f go-server-image-9501 0.6083231334149327
Container: %s, Heap Utilization: %f go-server-image-9502 0.6340269277845777
Selected container:  go-server-image-9502
Checking and starting container: go-server-image-9502
Container already running:  go-server-image-9502
Go container is clean and ready for use again
Go container is clean and ready for use again
Container: %s, Heap Utilization: %f go-server-image-9502 0.6340269277845777
Container: %s, Heap Utilization: %f go-server-image-9501 0.6083231334149327
Selected container:  go-server-image-9501
Checking and starting container: go-server-image-9501
Container already running:  go-server-image-9501
Go container is clean and ready for use again
Go container is clean and ready for use again
Container: %s, Heap Utilization: %f go-server-image-9501 0.6083231334149327
Container: %s, Heap Utilization: %f go-server-image-9502 0.6340269277845777
Selected container:  go-server-image-9502
Checking and starting container: go-server-image-9502
Container already running:  go-server-image-9502
Go container is clean and ready for use again
Go container is clean and ready for use again
Container: %s, Heap Utilization: %f go-server-image-9501 0.6083231334149327
Container: %s, Heap Utilization: %f go-server-image-9502 0.6340269277845777
Selected container:  go-server-image-9501
Checking and starting container: go-server-image-9501
Container already running:  go-server-image-9501
Go container is clean and ready for use again
Go container is clean and ready for use again
Container: %s, Heap Utilization: %f go-server-image-9501 0.6083231334149327
Container: %s, Heap Utilization: %f go-server-image-9502 0.6340269277845777
Selected container:  go-server-image-9502
Checking and starting container: go-server-image-9502
Container already running:  go-server-image-9502
Go container is clean and ready for use again
Go container is clean and ready for use again
Container: %s, Heap Utilization: %f go-server-image-9501 0.6083231334149327
Container: %s, Heap Utilization: %f go-server-image-9502 0.6340269277845777
Selected container:  go-server-image-9501
Checking and starting container: go-server-image-9501
Container already running:  go-server-image-9501
Go container is clean and ready for use again
Go container is clean and ready for use again
Container: %s, Heap Utilization: %f go-server-image-9501 0.6083231334149327
Container: %s, Heap Utilization: %f go-server-image-9502 0.6340269277845777
Selected container:  go-server-image-9502
Checking and starting container: go-server-image-9502
Container already running:  go-server-image-9502
Go container is clean and ready for use again
Go container is clean and ready for use again
Container: %s, Heap Utilization: %f go-server-image-9501 0.6083231334149327
Container: %s, Heap Utilization: %f go-server-image-9502 0.6352509179926561
Selected container:  go-server-image-9501
Checking and starting container: go-server-image-9501
Container already running:  go-server-image-9501
Go container is clean and ready for use again
Go container is clean and ready for use again
Container: %s, Heap Utilization: %f go-server-image-9501 0.609547123623011
Container: %s, Heap Utilization: %f go-server-image-9502 0.6352509179926561
Selected container:  go-server-image-9502
Checking and starting container: go-server-image-9502
Container already running:  go-server-image-9502
Go container is clean and ready for use again
Go container is clean and ready for use again
Container: %s, Heap Utilization: %f go-server-image-9501 0.609547123623011
Container: %s, Heap Utilization: %f go-server-image-9502 0.6352509179926561
Selected container:  go-server-image-9501
Checking and starting container: go-server-image-9501
Container already running:  go-server-image-9501
Go container is clean and ready for use again
Go container is clean and ready for use again
Container: %s, Heap Utilization: %f go-server-image-9501 0.609547123623011
Container: %s, Heap Utilization: %f go-server-image-9502 0.6352509179926561
Selected container:  go-server-image-9502
Checking and starting container: go-server-image-9502
Container already running:  go-server-image-9502
Go container is clean and ready for use again
Go container is clean and ready for use again
Container: %s, Heap Utilization: %f go-server-image-9502 0.6364749082007344
Container: %s, Heap Utilization: %f go-server-image-9501 0.609547123623011
Selected container:  go-server-image-9501
Checking and starting container: go-server-image-9501
Container already running:  go-server-image-9501
Go container is clean and ready for use again
Go container is clean and ready for use again
Container: %s, Heap Utilization: %f go-server-image-9502 0.6364749082007344
Container: %s, Heap Utilization: %f go-server-image-9501 0.609547123623011
Selected container:  go-server-image-9502
Checking and starting container: go-server-image-9502
Container already running:  go-server-image-9502
Go container is clean and ready for use again
Go container is clean and ready for use again
Container: %s, Heap Utilization: %f go-server-image-9501 0.609547123623011
Container: %s, Heap Utilization: %f go-server-image-9502 0.6364749082007344
Selected container:  go-server-image-9501
Checking and starting container: go-server-image-9501
Container already running:  go-server-image-9501
Go container is clean and ready for use again
Go container is clean and ready for use again
Container: %s, Heap Utilization: %f go-server-image-9501 0.6107711138310894
Container: %s, Heap Utilization: %f go-server-image-9502 0.6364749082007344
Selected container:  go-server-image-9502
Checking and starting container: go-server-image-9502
Container already running:  go-server-image-9502
Go container is clean and ready for use again
Go container is clean and ready for use again
Container: %s, Heap Utilization: %f go-server-image-9501 0.6107711138310894
Container: %s, Heap Utilization: %f go-server-image-9502 0.6364749082007344
Selected container:  go-server-image-9501
Checking and starting container: go-server-image-9501
Container already running:  go-server-image-9501
Go container is clean and ready for use again
Go container is clean and ready for use again
Container: %s, Heap Utilization: %f go-server-image-9501 0.6107711138310894
Container: %s, Heap Utilization: %f go-server-image-9502 0.6364749082007344
Selected container:  go-server-image-9502
Checking and starting container: go-server-image-9502
Container already running:  go-server-image-9502
Go container is clean and ready for use again
Go container is clean and ready for use again
Container: %s, Heap Utilization: %f go-server-image-9501 0.6107711138310894
Container: %s, Heap Utilization: %f go-server-image-9502 0.6364749082007344
Selected container:  go-server-image-9501
Checking and starting container: go-server-image-9501
Container already running:  go-server-image-9501
Go container is clean and ready for use again
Go container is clean and ready for use again
Container: %s, Heap Utilization: %f go-server-image-9502 0.6364749082007344
Container: %s, Heap Utilization: %f go-server-image-9501 0.6107711138310894
Selected container:  go-server-image-9502
Checking and starting container: go-server-image-9502
Container already running:  go-server-image-9502
Go container is clean and ready for use again
Go container is clean and ready for use again
Container: %s, Heap Utilization: %f go-server-image-9501 0.6107711138310894
Container: %s, Heap Utilization: %f go-server-image-9502 0.6413708690330477
Selected container:  go-server-image-9501
Checking and starting container: go-server-image-9501
Container already running:  go-server-image-9501
Go container is clean and ready for use again
Go container is clean and ready for use again
Container: %s, Heap Utilization: %f go-server-image-9502 0.6413708690330477
Container: %s, Heap Utilization: %f go-server-image-9501 0.6107711138310894
Selected container:  go-server-image-9502
Checking and starting container: go-server-image-9502
Container already running:  go-server-image-9502
Go container is clean and ready for use again
Go container is clean and ready for use again
Container: %s, Heap Utilization: %f go-server-image-9501 0.6107711138310894
Container: %s, Heap Utilization: %f go-server-image-9502 0.6413708690330477
Selected container:  go-server-image-9501
Checking and starting container: go-server-image-9501
Container already running:  go-server-image-9501
Go container is clean and ready for use again
Go container is clean and ready for use again
Container: %s, Heap Utilization: %f go-server-image-9501 0.6107711138310894
Container: %s, Heap Utilization: %f go-server-image-9502 0.6413708690330477
Selected container:  go-server-image-9502
Checking and starting container: go-server-image-9502
Container already running:  go-server-image-9502
Go container is clean and ready for use again
Go container is clean and ready for use again
Container: %s, Heap Utilization: %f go-server-image-9501 0.6107711138310894
Container: %s, Heap Utilization: %f go-server-image-9502 0.6413708690330477
Selected container:  go-server-image-9501
Checking and starting container: go-server-image-9501
Container already running:  go-server-image-9501
Go container is clean and ready for use again
Go container is clean and ready for use again
Container: %s, Heap Utilization: %f go-server-image-9501 0.6156670746634026
Container: %s, Heap Utilization: %f go-server-image-9502 0.6413708690330477
Selected container:  go-server-image-9502
Checking and starting container: go-server-image-9502
Container already running:  go-server-image-9502
Go container is clean and ready for use again
Go container is clean and ready for use again
Container: %s, Heap Utilization: %f go-server-image-9501 0.6156670746634026
Container: %s, Heap Utilization: %f go-server-image-9502 0.6413708690330477
Selected container:  go-server-image-9501
Checking and starting container: go-server-image-9501
Container already running:  go-server-image-9501
Go container is clean and ready for use again
Go container is clean and ready for use again
Container: %s, Heap Utilization: %f go-server-image-9501 0.616891064871481
Container: %s, Heap Utilization: %f go-server-image-9502 0.6413708690330477
Selected container:  go-server-image-9502
Checking and starting container: go-server-image-9502
Container already running:  go-server-image-9502
Go container is clean and ready for use again
Go container is clean and ready for use again
Container: %s, Heap Utilization: %f go-server-image-9501 0.616891064871481
Container: %s, Heap Utilization: %f go-server-image-9502 0.6413708690330477
Selected container:  go-server-image-9501
Checking and starting container: go-server-image-9501
Container already running:  go-server-image-9501
Go container is clean and ready for use again
Go container is clean and ready for use again
Container: %s, Heap Utilization: %f go-server-image-9501 0.6181150550795593
Container: %s, Heap Utilization: %f go-server-image-9502 0.6413708690330477
Selected container:  go-server-image-9502
Checking and starting container: go-server-image-9502
Container already running:  go-server-image-9502
Go container is clean and ready for use again
Go container is clean and ready for use again
Container: %s, Heap Utilization: %f go-server-image-9501 0.6181150550795593
Container: %s, Heap Utilization: %f go-server-image-9502 0.642594859241126
Selected container:  go-server-image-9501
Checking and starting container: go-server-image-9501
Container already running:  go-server-image-9501
Go container is clean and ready for use again
Go container is clean and ready for use again
Container: %s, Heap Utilization: %f go-server-image-9501 0.6181150550795593
Container: %s, Heap Utilization: %f go-server-image-9502 0.642594859241126
Selected container:  go-server-image-9502
Checking and starting container: go-server-image-9502
Container already running:  go-server-image-9502
Go container is clean and ready for use again
Go container is clean and ready for use again
Container: %s, Heap Utilization: %f go-server-image-9502 0.6438188494492044
Container: %s, Heap Utilization: %f go-server-image-9501 0.6181150550795593
Selected container:  go-server-image-9501
Checking and starting container: go-server-image-9501
Container already running:  go-server-image-9501
Go container is clean and ready for use again
Go container is clean and ready for use again
Container: %s, Heap Utilization: %f go-server-image-9501 0.6181150550795593
Container: %s, Heap Utilization: %f go-server-image-9502 0.6438188494492044
Selected container:  go-server-image-9502
Checking and starting container: go-server-image-9502
Container already running:  go-server-image-9502
Go container is clean and ready for use again
Go container is clean and ready for use again
Container: %s, Heap Utilization: %f go-server-image-9501 0.6181150550795593
Container: %s, Heap Utilization: %f go-server-image-9502 0.6438188494492044
Selected container:  go-server-image-9501
Checking and starting container: go-server-image-9501
Container already running:  go-server-image-9501
Go container is clean and ready for use again
Go container is clean and ready for use again
Container: %s, Heap Utilization: %f go-server-image-9501 0.6181150550795593
Container: %s, Heap Utilization: %f go-server-image-9502 0.6438188494492044
Selected container:  go-server-image-9502
Checking and starting container: go-server-image-9502
Container already running:  go-server-image-9502
Go container is clean and ready for use again
Go container is clean and ready for use again
Container: %s, Heap Utilization: %f go-server-image-9501 0.6181150550795593
Container: %s, Heap Utilization: %f go-server-image-9502 0.6438188494492044
Selected container:  go-server-image-9501
Checking and starting container: go-server-image-9501
Container already running:  go-server-image-9501
Go container is clean and ready for use again
Go container is clean and ready for use again
Container: %s, Heap Utilization: %f go-server-image-9501 0.6181150550795593
Container: %s, Heap Utilization: %f go-server-image-9502 0.6438188494492044
Selected container:  go-server-image-9502
Checking and starting container: go-server-image-9502
Container already running:  go-server-image-9502
Go container is clean and ready for use again
Go container is clean and ready for use again
Container: %s, Heap Utilization: %f go-server-image-9501 0.6181150550795593
Container: %s, Heap Utilization: %f go-server-image-9502 0.6438188494492044
Selected container:  go-server-image-9501
Checking and starting container: go-server-image-9501
Container already running:  go-server-image-9501
Go container is clean and ready for use again
Go container is clean and ready for use again
Container: %s, Heap Utilization: %f go-server-image-9501 0.6193390452876377
Container: %s, Heap Utilization: %f go-server-image-9502 0.6438188494492044
Selected container:  go-server-image-9502
Checking and starting container: go-server-image-9502
Container already running:  go-server-image-9502
Go container is clean and ready for use again
Go container is clean and ready for use again
Container: %s, Heap Utilization: %f go-server-image-9501 0.6193390452876377
Container: %s, Heap Utilization: %f go-server-image-9502 0.6450428396572827
Selected container:  go-server-image-9501
Checking and starting container: go-server-image-9501
Container already running:  go-server-image-9501
Go container is clean and ready for use again
Go container is clean and ready for use again
Container: %s, Heap Utilization: %f go-server-image-9501 0.6193390452876377
Container: %s, Heap Utilization: %f go-server-image-9502 0.6450428396572827
Selected container:  go-server-image-9502
Checking and starting container: go-server-image-9502
Container already running:  go-server-image-9502
Go container is clean and ready for use again
Go container is clean and ready for use again
Container: %s, Heap Utilization: %f go-server-image-9501 0.6193390452876377
Container: %s, Heap Utilization: %f go-server-image-9502 0.6450428396572827
Selected container:  go-server-image-9501
Checking and starting container: go-server-image-9501
Container already running:  go-server-image-9501
Go container is clean and ready for use again
Go container is clean and ready for use again
Container: %s, Heap Utilization: %f go-server-image-9501 0.6193390452876377
Container: %s, Heap Utilization: %f go-server-image-9502 0.6450428396572827
Selected container:  go-server-image-9502
Checking and starting container: go-server-image-9502
Container already running:  go-server-image-9502
Go container is clean and ready for use again
Go container is clean and ready for use again
Container: %s, Heap Utilization: %f go-server-image-9501 0.6193390452876377
Container: %s, Heap Utilization: %f go-server-image-9502 0.6450428396572827
Selected container:  go-server-image-9501
Checking and starting container: go-server-image-9501
Container already running:  go-server-image-9501
Go container is clean and ready for use again
Go container is clean and ready for use again
Container: %s, Heap Utilization: %f go-server-image-9501 0.6193390452876377
Container: %s, Heap Utilization: %f go-server-image-9502 0.6450428396572827
Selected container:  go-server-image-9502
Checking and starting container: go-server-image-9502
Container already running:  go-server-image-9502
Go container is clean and ready for use again
Go container is clean and ready for use again
Container: %s, Heap Utilization: %f go-server-image-9501 0.6193390452876377
Container: %s, Heap Utilization: %f go-server-image-9502 0.6450428396572827
Selected container:  go-server-image-9501
Checking and starting container: go-server-image-9501
Container already running:  go-server-image-9501
Go container is clean and ready for use again
Go container is clean and ready for use again
Container: %s, Heap Utilization: %f go-server-image-9501 0.6193390452876377
Container: %s, Heap Utilization: %f go-server-image-9502 0.6450428396572827
Selected container:  go-server-image-9502
Checking and starting container: go-server-image-9502
Container already running:  go-server-image-9502
Go container is clean and ready for use again
Go container is clean and ready for use again
Container: %s, Heap Utilization: %f go-server-image-9501 0.6193390452876377
Container: %s, Heap Utilization: %f go-server-image-9502 0.6450428396572827
Selected container:  go-server-image-9501
Checking and starting container: go-server-image-9501
Container already running:  go-server-image-9501
Go container is clean and ready for use again
Go container is clean and ready for use again
Container: %s, Heap Utilization: %f go-server-image-9501 0.6217870257037944
Container: %s, Heap Utilization: %f go-server-image-9502 0.6450428396572827
Selected container:  go-server-image-9502
Checking and starting container: go-server-image-9502
Container already running:  go-server-image-9502
Go container is clean and ready for use again
Go container is clean and ready for use again
Container: %s, Heap Utilization: %f go-server-image-9501 0.6217870257037944
Container: %s, Heap Utilization: %f go-server-image-9502 0.6450428396572827
Selected container:  go-server-image-9501
Checking and starting container: go-server-image-9501
Container already running:  go-server-image-9501
Go container is clean and ready for use again
Go container is clean and ready for use again
Container: %s, Heap Utilization: %f go-server-image-9501 0.6217870257037944
Container: %s, Heap Utilization: %f go-server-image-9502 0.6450428396572827
Selected container:  go-server-image-9502
Checking and starting container: go-server-image-9502
Container already running:  go-server-image-9502
Go container is clean and ready for use again
Go container is clean and ready for use again
Container: %s, Heap Utilization: %f go-server-image-9501 0.6217870257037944
Container: %s, Heap Utilization: %f go-server-image-9502 0.6462668298653611
Selected container:  go-server-image-9501
Checking and starting container: go-server-image-9501
Container already running:  go-server-image-9501
Go container is clean and ready for use again
Go container is clean and ready for use again
Container: %s, Heap Utilization: %f go-server-image-9501 0.6217870257037944
Container: %s, Heap Utilization: %f go-server-image-9502 0.6462668298653611
Selected container:  go-server-image-9502
Checking and starting container: go-server-image-9502
Container already running:  go-server-image-9502
Go container is clean and ready for use again
Go container is clean and ready for use again
Container: %s, Heap Utilization: %f go-server-image-9501 0.6217870257037944
Container: %s, Heap Utilization: %f go-server-image-9502 0.6462668298653611
Selected container:  go-server-image-9501
Checking and starting container: go-server-image-9501
Container already running:  go-server-image-9501
Go container is clean and ready for use again
Go container is clean and ready for use again
Container: %s, Heap Utilization: %f go-server-image-9501 0.6217870257037944
Container: %s, Heap Utilization: %f go-server-image-9502 0.6462668298653611
Selected container:  go-server-image-9502
Checking and starting container: go-server-image-9502
Container already running:  go-server-image-9502
Go container is clean and ready for use again
Go container is clean and ready for use again
Container: %s, Heap Utilization: %f go-server-image-9501 0.6217870257037944
Container: %s, Heap Utilization: %f go-server-image-9502 0.6462668298653611
Selected container:  go-server-image-9501
Checking and starting container: go-server-image-9501
Container already running:  go-server-image-9501
Go container is clean and ready for use again
Go container is clean and ready for use again
Container: %s, Heap Utilization: %f go-server-image-9501 0.6217870257037944
Container: %s, Heap Utilization: %f go-server-image-9502 0.6462668298653611
Selected container:  go-server-image-9502
Checking and starting container: go-server-image-9502
Container already running:  go-server-image-9502
Go container is clean and ready for use again
Go container is clean and ready for use again
Container: %s, Heap Utilization: %f go-server-image-9501 0.6217870257037944
Container: %s, Heap Utilization: %f go-server-image-9502 0.6474908200734394
Selected container:  go-server-image-9501
Checking and starting container: go-server-image-9501
Container already running:  go-server-image-9501
Go container is clean and ready for use again
Go container is clean and ready for use again
Container: %s, Heap Utilization: %f go-server-image-9501 0.6217870257037944
Container: %s, Heap Utilization: %f go-server-image-9502 0.6474908200734394
Selected container:  go-server-image-9502
Checking and starting container: go-server-image-9502
Container already running:  go-server-image-9502
Go container is clean and ready for use again
Go container is clean and ready for use again
Container: %s, Heap Utilization: %f go-server-image-9501 0.6217870257037944
Container: %s, Heap Utilization: %f go-server-image-9502 0.6474908200734394
Selected container:  go-server-image-9501
Checking and starting container: go-server-image-9501
Container already running:  go-server-image-9501
Go container is clean and ready for use again
Go container is clean and ready for use again
Container: %s, Heap Utilization: %f go-server-image-9502 0.6474908200734394
Container: %s, Heap Utilization: %f go-server-image-9501 0.6217870257037944
Selected container:  go-server-image-9502
Checking and starting container: go-server-image-9502
Container already running:  go-server-image-9502
Go container is clean and ready for use again
Go container is clean and ready for use again
Container: %s, Heap Utilization: %f go-server-image-9501 0.6217870257037944
Container: %s, Heap Utilization: %f go-server-image-9502 0.6474908200734394
Selected container:  go-server-image-9501
Checking and starting container: go-server-image-9501
Container already running:  go-server-image-9501
Go container is clean and ready for use again
Go container is clean and ready for use again
Container: %s, Heap Utilization: %f go-server-image-9501 0.6217870257037944
Container: %s, Heap Utilization: %f go-server-image-9502 0.6474908200734394
Selected container:  go-server-image-9502
Checking and starting container: go-server-image-9502
Container already running:  go-server-image-9502
Go container is clean and ready for use again
Go container is clean and ready for use again
Container: %s, Heap Utilization: %f go-server-image-9501 0.6217870257037944
Container: %s, Heap Utilization: %f go-server-image-9502 0.6474908200734394
Selected container:  go-server-image-9501
Checking and starting container: go-server-image-9501
Container already running:  go-server-image-9501
Go container is clean and ready for use again
Go container is clean and ready for use again
Container: %s, Heap Utilization: %f go-server-image-9501 0.6217870257037944
Container: %s, Heap Utilization: %f go-server-image-9502 0.6474908200734394
Selected container:  go-server-image-9502
Checking and starting container: go-server-image-9502
Container already running:  go-server-image-9502
Go container is clean and ready for use again
Go container is clean and ready for use again
Container: %s, Heap Utilization: %f go-server-image-9501 0.6217870257037944
Container: %s, Heap Utilization: %f go-server-image-9502 0.6474908200734394
Selected container:  go-server-image-9501
Checking and starting container: go-server-image-9501
Container already running:  go-server-image-9501
Go container is clean and ready for use again
Go container is clean and ready for use again
Container: %s, Heap Utilization: %f go-server-image-9501 0.6254589963280294
Container: %s, Heap Utilization: %f go-server-image-9502 0.6474908200734394
Selected container:  go-server-image-9502
Checking and starting container: go-server-image-9502
Container already running:  go-server-image-9502
Go container is clean and ready for use again
Go container is clean and ready for use again
Container: %s, Heap Utilization: %f go-server-image-9501 0.6254589963280294
Container: %s, Heap Utilization: %f go-server-image-9502 0.6474908200734394
Selected container:  go-server-image-9501
Checking and starting container: go-server-image-9501
Container already running:  go-server-image-9501
Go container is clean and ready for use again
Go container is clean and ready for use again
Container: %s, Heap Utilization: %f go-server-image-9501 0.6254589963280294
Container: %s, Heap Utilization: %f go-server-image-9502 0.6474908200734394
Selected container:  go-server-image-9502
Checking and starting container: go-server-image-9502
Container already running:  go-server-image-9502
Go container is clean and ready for use again
Go container is clean and ready for use again
Container: %s, Heap Utilization: %f go-server-image-9501 0.6254589963280294
Container: %s, Heap Utilization: %f go-server-image-9502 0.6474908200734394
Selected container:  go-server-image-9501
Checking and starting container: go-server-image-9501
Container already running:  go-server-image-9501
Go container is clean and ready for use again
Go container is clean and ready for use again
Container: %s, Heap Utilization: %f go-server-image-9501 0.6266829865361077
Container: %s, Heap Utilization: %f go-server-image-9502 0.6474908200734394
Selected container:  go-server-image-9502
Checking and starting container: go-server-image-9502
Container already running:  go-server-image-9502
Go container is clean and ready for use again
Go container is clean and ready for use again
Container: %s, Heap Utilization: %f go-server-image-9501 0.6266829865361077
Container: %s, Heap Utilization: %f go-server-image-9502 0.6487148102815178
Selected container:  go-server-image-9501
Checking and starting container: go-server-image-9501
Container already running:  go-server-image-9501
Go container is clean and ready for use again
Go container is clean and ready for use again
Container: %s, Heap Utilization: %f go-server-image-9501 0.6266829865361077
Container: %s, Heap Utilization: %f go-server-image-9502 0.6487148102815178
Selected container:  go-server-image-9502
Checking and starting container: go-server-image-9502
Container already running:  go-server-image-9502
Go container is clean and ready for use again
Go container is clean and ready for use again
Container: %s, Heap Utilization: %f go-server-image-9501 0.6266829865361077
Container: %s, Heap Utilization: %f go-server-image-9502 0.6487148102815178
Selected container:  go-server-image-9501
Checking and starting container: go-server-image-9501
Container already running:  go-server-image-9501
Go container is clean and ready for use again
Go container is clean and ready for use again
Container: %s, Heap Utilization: %f go-server-image-9501 0.6266829865361077
Container: %s, Heap Utilization: %f go-server-image-9502 0.6487148102815178
Selected container:  go-server-image-9502
Checking and starting container: go-server-image-9502
Container already running:  go-server-image-9502
Go container is clean and ready for use again
Go container is clean and ready for use again
Container: %s, Heap Utilization: %f go-server-image-9502 0.6487148102815178
Container: %s, Heap Utilization: %f go-server-image-9501 0.6266829865361077
Selected container:  go-server-image-9501
Checking and starting container: go-server-image-9501
Container already running:  go-server-image-9501
Go container is clean and ready for use again
Go container is clean and ready for use again
Container: %s, Heap Utilization: %f go-server-image-9501 0.6266829865361077
Container: %s, Heap Utilization: %f go-server-image-9502 0.6487148102815178
Selected container:  go-server-image-9502
Checking and starting container: go-server-image-9502
Container already running:  go-server-image-9502
Go container is clean and ready for use again
Go container is clean and ready for use again
Container: %s, Heap Utilization: %f go-server-image-9502 0.6499388004895961
Container: %s, Heap Utilization: %f go-server-image-9501 0.6266829865361077
Selected container:  go-server-image-9501
Checking and starting container: go-server-image-9501
Container already running:  go-server-image-9501
Go container is clean and ready for use again
Go container is clean and ready for use again
Container: %s, Heap Utilization: %f go-server-image-9501 0.6266829865361077
Container: %s, Heap Utilization: %f go-server-image-9502 0.6499388004895961
Selected container:  go-server-image-9502
Checking and starting container: go-server-image-9502
Container already running:  go-server-image-9502
Go container is clean and ready for use again
Go container is clean and ready for use again
Container: %s, Heap Utilization: %f go-server-image-9502 0.6511627906976745
Container: %s, Heap Utilization: %f go-server-image-9501 0.6266829865361077
Selected container:  go-server-image-9501
Checking and starting container: go-server-image-9501
Container already running:  go-server-image-9501
Go container is clean and ready for use again
Go container is clean and ready for use again
Container: %s, Heap Utilization: %f go-server-image-9501 0.6266829865361077
Container: %s, Heap Utilization: %f go-server-image-9502 0.6511627906976745
Selected container:  go-server-image-9502
Checking and starting container: go-server-image-9502
Container already running:  go-server-image-9502
Go container is clean and ready for use again
Go container is clean and ready for use again
Container: %s, Heap Utilization: %f go-server-image-9501 0.6266829865361077
Container: %s, Heap Utilization: %f go-server-image-9502 0.6511627906976745
Selected container:  go-server-image-9501
Checking and starting container: go-server-image-9501
Container already running:  go-server-image-9501
Go container is clean and ready for use again
Go container is clean and ready for use again
Container: %s, Heap Utilization: %f go-server-image-9501 0.6266829865361077
Container: %s, Heap Utilization: %f go-server-image-9502 0.6511627906976745
Selected container:  go-server-image-9502
Checking and starting container: go-server-image-9502
Container already running:  go-server-image-9502
Go container is clean and ready for use again
Go container is clean and ready for use again
Container: %s, Heap Utilization: %f go-server-image-9501 0.6266829865361077
Container: %s, Heap Utilization: %f go-server-image-9502 0.6511627906976745
Selected container:  go-server-image-9501
Checking and starting container: go-server-image-9501
Container already running:  go-server-image-9501
Go container is clean and ready for use again
Go container is clean and ready for use again
Container: %s, Heap Utilization: %f go-server-image-9501 0.6266829865361077
Container: %s, Heap Utilization: %f go-server-image-9502 0.6511627906976745
Selected container:  go-server-image-9502
Checking and starting container: go-server-image-9502
Container already running:  go-server-image-9502
Go container is clean and ready for use again
Go container is clean and ready for use again
Container: %s, Heap Utilization: %f go-server-image-9501 0.6266829865361077
Container: %s, Heap Utilization: %f go-server-image-9502 0.6511627906976745
Selected container:  go-server-image-9501
Checking and starting container: go-server-image-9501
Container already running:  go-server-image-9501
Go container is clean and ready for use again
Go container is clean and ready for use again
Container: %s, Heap Utilization: %f go-server-image-9501 0.6266829865361077
Container: %s, Heap Utilization: %f go-server-image-9502 0.6511627906976745
Selected container:  go-server-image-9502
Checking and starting container: go-server-image-9502
Container already running:  go-server-image-9502
Go container is clean and ready for use again
Go container is clean and ready for use again
Container: %s, Heap Utilization: %f go-server-image-9501 0.6266829865361077
Container: %s, Heap Utilization: %f go-server-image-9502 0.6523867809057528
Selected container:  go-server-image-9501
Checking and starting container: go-server-image-9501
Container already running:  go-server-image-9501
Go container is clean and ready for use again
Go container is clean and ready for use again
